#
# There is insufficient memory for the Java Runtime Environment to continue.
# Native memory allocation (malloc) failed to allocate 570208 bytes for Chunk::new
# Possible reasons:
#   The system is out of physical RAM or swap space
#   In 32 bit mode, the process size limit was hit
# Possible solutions:
#   Reduce memory load on the system
#   Increase physical memory or swap space
#   Check if swap backing store is full
#   Use 64 bit Java on a 64 bit OS
#   Decrease Java heap size (-Xmx/-Xms)
#   Decrease number of Java threads
#   Decrease Java thread stack sizes (-Xss)
#   Set larger code cache with -XX:ReservedCodeCacheSize=
# This output file may be truncated or incomplete.
#
#  Out of Memory Error (allocation.cpp:323), pid=4368, tid=5976
#
# JRE version: Java(TM) SE Runtime Environment (7.0_75-b13) (build 1.7.0_75-b13)
# Java VM: Java HotSpot(TM) 64-Bit Server VM (24.75-b04 mixed mode windows-amd64 compressed oops)
# Failed to write core dump. Minidumps are not enabled by default on client versions of Windows
#

---------------  T H R E A D  ---------------

Current thread (0x00000000084e1000):  JavaThread "C2 CompilerThread0" daemon [_thread_in_native, id=5976, stack(0x0000000009c40000,0x0000000009d40000)]

Stack: [0x0000000009c40000,0x0000000009d40000]
[error occurred during error reporting (printing stack bounds), id 0xc0000005]


Current CompileTask:
C2:   8726  712   !         com.android.dx.cf.code.BytecodeArray::parseInstruction (2764 bytes)


---------------  P R O C E S S  ---------------

Java Threads: ( => current thread )
  0x000000000a195800 JavaThread "pool-2-thread-4" [_thread_blocked, id=5836, stack(0x000000000af20000,0x000000000b020000)]
  0x000000000a1a7000 JavaThread "pool-2-thread-3" [_thread_blocked, id=8552, stack(0x000000000a6a0000,0x000000000a7a0000)]
  0x000000000a1aa800 JavaThread "pool-2-thread-2" [_thread_in_Java, id=7608, stack(0x000000000ace0000,0x000000000ade0000)]
  0x000000000a1e2800 JavaThread "pool-3-thread-1" [_thread_blocked, id=8328, stack(0x000000000ab70000,0x000000000ac70000)]
  0x000000000a0ed800 JavaThread "pool-2-thread-1" [_thread_blocked, id=7116, stack(0x000000000a960000,0x000000000aa60000)]
  0x00000000084ea000 JavaThread "Service Thread" daemon [_thread_blocked, id=8536, stack(0x0000000009ea0000,0x0000000009fa0000)]
  0x00000000084e7000 JavaThread "C2 CompilerThread1" daemon [_thread_in_native, id=8080, stack(0x0000000009d50000,0x0000000009e50000)]
=>0x00000000084e1000 JavaThread "C2 CompilerThread0" daemon [_thread_in_native, id=5976, stack(0x0000000009c40000,0x0000000009d40000)]
  0x00000000084dd000 JavaThread "Attach Listener" daemon [_thread_blocked, id=7024, stack(0x0000000009970000,0x0000000009a70000)]
  0x00000000084d8000 JavaThread "Signal Dispatcher" daemon [_thread_blocked, id=7700, stack(0x0000000009820000,0x0000000009920000)]
  0x0000000008472800 JavaThread "Finalizer" daemon [_thread_blocked, id=8524, stack(0x00000000096e0000,0x00000000097e0000)]
  0x0000000008471000 JavaThread "Reference Handler" daemon [_thread_blocked, id=7924, stack(0x0000000009530000,0x0000000009630000)]
  0x000000000220f000 JavaThread "main" [_thread_blocked, id=8356, stack(0x0000000002210000,0x0000000002310000)]

Other Threads:
  0x000000000846b800 VMThread [stack: 0x0000000009410000,0x0000000009510000] [id=7256]
  0x00000000084eb000 WatcherThread [stack: 0x0000000009b10000,0x0000000009c10000] [id=8416]

VM state:not at safepoint (normal execution)

VM Mutex/Monitor currently owned by a thread: None

Heap
 PSYoungGen      total 148992K, used 41971K [0x00000000eaa80000, 0x00000000f4d80000, 0x0000000100000000)
  eden space 133120K, 23% used [0x00000000eaa80000,0x00000000ec902788,0x00000000f2c80000)
  from space 15872K, 67% used [0x00000000f2c80000,0x00000000f36fa750,0x00000000f3c00000)
  to   space 13824K, 0% used [0x00000000f3c00000,0x00000000f3c00000,0x00000000f4980000)
 ParOldGen       total 87040K, used 43570K [0x00000000c0000000, 0x00000000c5500000, 0x00000000eaa80000)
  object space 87040K, 50% used [0x00000000c0000000,0x00000000c2a8cba0,0x00000000c5500000)
 PSPermGen       total 21504K, used 5995K [0x00000000bae00000, 0x00000000bc300000, 0x00000000c0000000)
  object space 21504K, 27% used [0x00000000bae00000,0x00000000bb3dad40,0x00000000bc300000)

Card table byte_map: [0x00000000053d0000,0x0000000005600000] byte_map_base: 0x0000000004df9000

Polling page: 0x0000000000130000

Code Cache  [0x0000000002310000, 0x00000000025d0000, 0x0000000005310000)
 total_blobs=936 nmethods=699 adapters=189 free_code_cache=46526Kb largest_free_block=47481344

Compilation events (10 events):
Event: 8.477 Thread 0x00000000084e1000 nmethod 707 0x00000000025a2b50 code [0x00000000025a2c80, 0x00000000025a2cd8]
Event: 8.477 Thread 0x00000000084e1000  708             com.android.dx.cf.iface.StdAttributeList::byteLength (35 bytes)
Event: 8.479 Thread 0x00000000084e1000 nmethod 708 0x00000000025a2650 code [0x00000000025a27a0, 0x00000000025a2958]
Event: 8.480 Thread 0x00000000084e1000  709             com.android.dx.cf.code.Frame::setImmutable (15 bytes)
Event: 8.481 Thread 0x00000000084e1000 nmethod 709 0x00000000025a2390 code [0x00000000025a24e0, 0x00000000025a2578]
Event: 8.481 Thread 0x00000000084e1000  710             com.android.dx.cf.code.Ropper::addBlock (37 bytes)
Event: 8.487 Thread 0x00000000084e1000 nmethod 710 0x00000000025a1910 code [0x00000000025a1aa0, 0x00000000025a1eb0]
Event: 8.487 Thread 0x00000000084e1000  711             com.android.dx.rop.cst.CstNat::isCategory2 (2 bytes)
Event: 8.487 Thread 0x00000000084e1000 nmethod 711 0x00000000025a16d0 code [0x00000000025a1800, 0x00000000025a1858]
Event: 8.488 Thread 0x00000000084e1000  712   !         com.android.dx.cf.code.BytecodeArray::parseInstruction (2764 bytes)

GC Heap History (10 events):
Event: 5.059 GC heap before
{Heap before GC invocations=4 (full 0):
 PSYoungGen      total 36352K, used 36332K [0x00000000eaa80000, 0x00000000ef180000, 0x0000000100000000)
  eden space 33792K, 100% used [0x00000000eaa80000,0x00000000ecb80000,0x00000000ecb80000)
  from space 2560K, 99% used [0x00000000ecb80000,0x00000000ecdfb380,0x00000000ece00000)
  to   space 2560K, 0% used [0x00000000eef00000,0x00000000eef00000,0x00000000ef180000)
 ParOldGen       total 43008K, used 10063K [0x00000000c0000000, 0x00000000c2a00000, 0x00000000eaa80000)
  object space 43008K, 23% used [0x00000000c0000000,0x00000000c09d3cd8,0x00000000c2a00000)
 PSPermGen       total 21504K, used 5861K [0x00000000bae00000, 0x00000000bc300000, 0x00000000c0000000)
  object space 21504K, 27% used [0x00000000bae00000,0x00000000bb3b9630,0x00000000bc300000)
Event: 5.086 GC heap after
Heap after GC invocations=4 (full 0):
 PSYoungGen      total 70144K, used 2528K [0x00000000eaa80000, 0x00000000ef180000, 0x0000000100000000)
  eden space 67584K, 0% used [0x00000000eaa80000,0x00000000eaa80000,0x00000000eec80000)
  from space 2560K, 98% used [0x00000000eef00000,0x00000000ef178388,0x00000000ef180000)
  to   space 2560K, 0% used [0x00000000eec80000,0x00000000eec80000,0x00000000eef00000)
 ParOldGen       total 43008K, used 15882K [0x00000000c0000000, 0x00000000c2a00000, 0x00000000eaa80000)
  object space 43008K, 36% used [0x00000000c0000000,0x00000000c0f82958,0x00000000c2a00000)
 PSPermGen       total 21504K, used 5861K [0x00000000bae00000, 0x00000000bc300000, 0x00000000c0000000)
  object space 21504K, 27% used [0x00000000bae00000,0x00000000bb3b9630,0x00000000bc300000)
}
Event: 5.976 GC heap before
{Heap before GC invocations=5 (full 0):
 PSYoungGen      total 70144K, used 70112K [0x00000000eaa80000, 0x00000000ef180000, 0x0000000100000000)
  eden space 67584K, 100% used [0x00000000eaa80000,0x00000000eec80000,0x00000000eec80000)
  from space 2560K, 98% used [0x00000000eef00000,0x00000000ef178388,0x00000000ef180000)
  to   space 2560K, 0% used [0x00000000eec80000,0x00000000eec80000,0x00000000eef00000)
 ParOldGen       total 43008K, used 15882K [0x00000000c0000000, 0x00000000c2a00000, 0x00000000eaa80000)
  object space 43008K, 36% used [0x00000000c0000000,0x00000000c0f82958,0x00000000c2a00000)
 PSPermGen       total 21504K, used 5903K [0x00000000bae00000, 0x00000000bc300000, 0x00000000c0000000)
  object space 21504K, 27% used [0x00000000bae00000,0x00000000bb3c3dc0,0x00000000bc300000)
Event: 6.014 GC heap after
Heap after GC invocations=5 (full 0):
 PSYoungGen      total 70144K, used 2545K [0x00000000eaa80000, 0x00000000f4980000, 0x0000000100000000)
  eden space 67584K, 0% used [0x00000000eaa80000,0x00000000eaa80000,0x00000000eec80000)
  from space 2560K, 99% used [0x00000000eec80000,0x00000000eeefc470,0x00000000eef00000)
  to   space 13824K, 0% used [0x00000000f3c00000,0x00000000f3c00000,0x00000000f4980000)
 ParOldGen       total 43008K, used 26609K [0x00000000c0000000, 0x00000000c2a00000, 0x00000000eaa80000)
  object space 43008K, 61% used [0x00000000c0000000,0x00000000c19fc760,0x00000000c2a00000)
 PSPermGen       total 21504K, used 5903K [0x00000000bae00000, 0x00000000bc300000, 0x00000000c0000000)
  object space 21504K, 27% used [0x00000000bae00000,0x00000000bb3c3dc0,0x00000000bc300000)
}
Event: 6.714 GC heap before
{Heap before GC invocations=6 (full 0):
 PSYoungGen      total 70144K, used 70129K [0x00000000eaa80000, 0x00000000f4980000, 0x0000000100000000)
  eden space 67584K, 100% used [0x00000000eaa80000,0x00000000eec80000,0x00000000eec80000)
  from space 2560K, 99% used [0x00000000eec80000,0x00000000eeefc470,0x00000000eef00000)
  to   space 13824K, 0% used [0x00000000f3c00000,0x00000000f3c00000,0x00000000f4980000)
 ParOldGen       total 43008K, used 26609K [0x00000000c0000000, 0x00000000c2a00000, 0x00000000eaa80000)
  object space 43008K, 61% used [0x00000000c0000000,0x00000000c19fc760,0x00000000c2a00000)
 PSPermGen       total 21504K, used 5929K [0x00000000bae00000, 0x00000000bc300000, 0x00000000c0000000)
  object space 21504K, 27% used [0x00000000bae00000,0x00000000bb3ca640,0x00000000bc300000)
Event: 6.755 GC heap after
Heap after GC invocations=6 (full 0):
 PSYoungGen      total 146944K, used 13002K [0x00000000eaa80000, 0x00000000f4d80000, 0x0000000100000000)
  eden space 133120K, 0% used [0x00000000eaa80000,0x00000000eaa80000,0x00000000f2c80000)
  from space 13824K, 94% used [0x00000000f3c00000,0x00000000f48b2bc0,0x00000000f4980000)
  to   space 15872K, 0% used [0x00000000f2c80000,0x00000000f2c80000,0x00000000f3c00000)
 ParOldGen       total 43008K, used 26609K [0x00000000c0000000, 0x00000000c2a00000, 0x00000000eaa80000)
  object space 43008K, 61% used [0x00000000c0000000,0x00000000c19fc760,0x00000000c2a00000)
 PSPermGen       total 21504K, used 5929K [0x00000000bae00000, 0x00000000bc300000, 0x00000000c0000000)
  object space 21504K, 27% used [0x00000000bae00000,0x00000000bb3ca640,0x00000000bc300000)
}
Event: 7.842 GC heap before
{Heap before GC invocations=7 (full 0):
 PSYoungGen      total 146944K, used 146122K [0x00000000eaa80000, 0x00000000f4d80000, 0x0000000100000000)
  eden space 133120K, 100% used [0x00000000eaa80000,0x00000000f2c80000,0x00000000f2c80000)
  from space 13824K, 94% used [0x00000000f3c00000,0x00000000f48b2bc0,0x00000000f4980000)
  to   space 15872K, 0% used [0x00000000f2c80000,0x00000000f2c80000,0x00000000f3c00000)
 ParOldGen       total 43008K, used 26609K [0x00000000c0000000, 0x00000000c2a00000, 0x00000000eaa80000)
  object space 43008K, 61% used [0x00000000c0000000,0x00000000c19fc760,0x00000000c2a00000)
 PSPermGen       total 21504K, used 5998K [0x00000000bae00000, 0x00000000bc300000, 0x00000000c0000000)
  object space 21504K, 27% used [0x00000000bae00000,0x00000000bb3dbaf0,0x00000000bc300000)
Event: 7.924 GC heap after
Heap after GC invocations=7 (full 0):
 PSYoungGen      total 148992K, used 15870K [0x00000000eaa80000, 0x00000000f4d80000, 0x0000000100000000)
  eden space 133120K, 0% used [0x00000000eaa80000,0x00000000eaa80000,0x00000000f2c80000)
  from space 15872K, 99% used [0x00000000f2c80000,0x00000000f3bffb18,0x00000000f3c00000)
  to   space 13824K, 0% used [0x00000000f3c00000,0x00000000f3c00000,0x00000000f4980000)
 ParOldGen       total 44032K, used 43906K [0x00000000c0000000, 0x00000000c2b00000, 0x00000000eaa80000)
  object space 44032K, 99% used [0x00000000c0000000,0x00000000c2ae0b90,0x00000000c2b00000)
 PSPermGen       total 21504K, used 5998K [0x00000000bae00000, 0x00000000bc300000, 0x00000000c0000000)
  object space 21504K, 27% used [0x00000000bae00000,0x00000000bb3dbaf0,0x00000000bc300000)
}
Event: 7.924 GC heap before
{Heap before GC invocations=8 (full 1):
 PSYoungGen      total 148992K, used 15870K [0x00000000eaa80000, 0x00000000f4d80000, 0x0000000100000000)
  eden space 133120K, 0% used [0x00000000eaa80000,0x00000000eaa80000,0x00000000f2c80000)
  from space 15872K, 99% used [0x00000000f2c80000,0x00000000f3bffb18,0x00000000f3c00000)
  to   space 13824K, 0% used [0x00000000f3c00000,0x00000000f3c00000,0x00000000f4980000)
 ParOldGen       total 44032K, used 43906K [0x00000000c0000000, 0x00000000c2b00000, 0x00000000eaa80000)
  object space 44032K, 99% used [0x00000000c0000000,0x00000000c2ae0b90,0x00000000c2b00000)
 PSPermGen       total 21504K, used 5998K [0x00000000bae00000, 0x00000000bc300000, 0x00000000c0000000)
  object space 21504K, 27% used [0x00000000bae00000,0x00000000bb3dbaf0,0x00000000bc300000)
Event: 8.465 GC heap after
Heap after GC invocations=8 (full 1):
 PSYoungGen      total 148992K, used 10729K [0x00000000eaa80000, 0x00000000f4d80000, 0x0000000100000000)
  eden space 133120K, 0% used [0x00000000eaa80000,0x00000000eaa80000,0x00000000f2c80000)
  from space 15872K, 67% used [0x00000000f2c80000,0x00000000f36fa750,0x00000000f3c00000)
  to   space 13824K, 0% used [0x00000000f3c00000,0x00000000f3c00000,0x00000000f4980000)
 ParOldGen       total 87040K, used 43570K [0x00000000c0000000, 0x00000000c5500000, 0x00000000eaa80000)
  object space 87040K, 50% used [0x00000000c0000000,0x00000000c2a8cba0,0x00000000c5500000)
 PSPermGen       total 21504K, used 5994K [0x00000000bae00000, 0x00000000bc300000, 0x00000000c0000000)
  object space 21504K, 27% used [0x00000000bae00000,0x00000000bb3da8b0,0x00000000bc300000)
}

Deoptimization events (10 events):
Event: 6.391 Thread 0x000000000a1aa800 Uncommon trap: reason=class_check action=maybe_recompile pc=0x000000000243ddfc method=com.android.dx.cf.code.Ropper.processBlock(Lcom/android/dx/cf/code/ByteBlock;Lcom/android/dx/cf/code/Frame;[I)V @ 777
Event: 6.444 Thread 0x000000000a1aa800 Uncommon trap: reason=null_check action=make_not_entrant pc=0x0000000002518698 method=com.android.dx.dex.file.FieldIdsSection.intern(Lcom/android/dx/rop/cst/CstFieldRef;)Lcom/android/dx/dex/file/FieldIdItem; @ 26
Event: 6.460 Thread 0x000000000a0ed800 Uncommon trap: reason=class_check action=maybe_recompile pc=0x00000000024e9484 method=com.android.dx.cf.code.RopperMachine.run(Lcom/android/dx/cf/code/Frame;II)V @ 1024
Event: 6.995 Thread 0x000000000a1a7000 Uncommon trap: reason=class_check action=maybe_recompile pc=0x000000000243ddfc method=com.android.dx.cf.code.Ropper.processBlock(Lcom/android/dx/cf/code/ByteBlock;Lcom/android/dx/cf/code/Frame;[I)V @ 777
Event: 6.995 Thread 0x000000000a1a7000 Uncommon trap: reason=class_check action=maybe_recompile pc=0x000000000243ddfc method=com.android.dx.cf.code.Ropper.processBlock(Lcom/android/dx/cf/code/ByteBlock;Lcom/android/dx/cf/code/Frame;[I)V @ 777
Event: 7.054 Thread 0x000000000a195800 Uncommon trap: reason=null_check action=make_not_entrant pc=0x0000000002518698 method=com.android.dx.dex.file.FieldIdsSection.intern(Lcom/android/dx/rop/cst/CstFieldRef;)Lcom/android/dx/dex/file/FieldIdItem; @ 26
Event: 7.343 Thread 0x000000000a1a7000 Uncommon trap: reason=bimorphic action=maybe_recompile pc=0x0000000002578edc method=com.android.dx.cf.code.BytecodeArray.parseInstruction(ILcom/android/dx/cf/code/BytecodeArray$Visitor;)I @ 2484
Event: 7.344 Thread 0x000000000a1a7000 Uncommon trap: reason=bimorphic action=maybe_recompile pc=0x0000000002578edc method=com.android.dx.cf.code.BytecodeArray.parseInstruction(ILcom/android/dx/cf/code/BytecodeArray$Visitor;)I @ 2484
Event: 7.652 Thread 0x000000000220f000 Uncommon trap: reason=unreached action=reinterpret pc=0x000000000259e190 method=com.android.dx.cf.direct.StdAttributeFactory.parse0(Lcom/android/dx/cf/direct/DirectClassFile;ILjava/lang/String;IILcom/android/dx/cf/iface/ParseObserver;)Lcom/android/dx/cf/if
Event: 7.658 Thread 0x000000000220f000 Uncommon trap: reason=unreached action=reinterpret pc=0x0000000002596e9c method=com.android.dx.ssa.SsaMethod.onInsnRemoved(Lcom/android/dx/ssa/SsaInsn;)V @ 29

Internal exceptions (10 events):
Event: 2.924 Thread 0x000000000220f000 Implicit null exception at 0x00000000023b949b to 0x00000000023b9b61
Event: 3.186 Thread 0x000000000220f000 Threw 0x00000000eac05928 at C:\re\jdk7u75\1940\hotspot\src\share\vm\prims\jvm.cpp:1281
Event: 3.610 Thread 0x000000000a195800 Threw 0x00000000eb4f8928 at C:\re\jdk7u75\1940\hotspot\src\share\vm\prims\jvm.cpp:1281
Event: 4.723 Thread 0x000000000a1aa800 Threw 0x00000000eb9ee6d0 at C:\re\jdk7u75\1940\hotspot\src\share\vm\prims\jvm.cpp:1281
Event: 4.871 Thread 0x000000000220f000 Threw 0x00000000ebfd2c28 at C:\re\jdk7u75\1940\hotspot\src\share\vm\prims\jvm.cpp:1281
Event: 5.144 Thread 0x000000000a195800 Implicit null exception at 0x0000000002431d78 to 0x00000000024328d5
Event: 5.149 Thread 0x000000000a195800 Implicit null exception at 0x000000000244d4ab to 0x000000000244df21
Event: 5.971 Thread 0x000000000220f000 Threw 0x00000000eec56cd0 at C:\re\jdk7u75\1940\hotspot\src\share\vm\prims\jvm.cpp:1281
Event: 6.917 Thread 0x000000000220f000 Threw 0x00000000ebefaca0 at C:\re\jdk7u75\1940\hotspot\src\share\vm\prims\jvm.cpp:1281
Event: 7.658 Thread 0x000000000220f000 Implicit null exception at 0x000000000259676c to 0x0000000002596e8d

Events (10 events):
Event: 8.501 Executing VM operation: RevokeBias
Event: 8.501 Executing VM operation: RevokeBias done
Event: 8.501 Executing VM operation: RevokeBias
Event: 8.501 Executing VM operation: RevokeBias done
Event: 8.501 Executing VM operation: RevokeBias
Event: 8.501 Executing VM operation: RevokeBias done
Event: 8.505 Executing VM operation: RevokeBias
Event: 8.505 Executing VM operation: RevokeBias done
Event: 8.515 Executing VM operation: BulkRevokeBias
Event: 8.517 Executing VM operation: BulkRevokeBias done


Dynamic libraries:
0x000000013fe50000 - 0x000000013fe83000 	C:\Program Files\Java\jdk1.7.0_75\bin\java.exe
0x0000000077560000 - 0x0000000077709000 	C:\Windows\SYSTEM32\ntdll.dll
0x0000000077440000 - 0x0000000077560000 	C:\Windows\system32\kernel32.dll
0x000007fefd3d0000 - 0x000007fefd43c000 	C:\Windows\system32\KERNELBASE.dll
0x000007fefe4f0000 - 0x000007fefe5cb000 	C:\Windows\system32\ADVAPI32.dll
0x000007fefd6c0000 - 0x000007fefd75f000 	C:\Windows\system32\msvcrt.dll
0x000007feff290000 - 0x000007feff2af000 	C:\Windows\SYSTEM32\sechost.dll
0x000007feff160000 - 0x000007feff28d000 	C:\Windows\system32\RPCRT4.dll
0x0000000077340000 - 0x000000007743a000 	C:\Windows\system32\USER32.dll
0x000007fefe5d0000 - 0x000007fefe637000 	C:\Windows\system32\GDI32.dll
0x000007fefefb0000 - 0x000007fefefbe000 	C:\Windows\system32\LPK.dll
0x000007fefeb70000 - 0x000007fefec39000 	C:\Windows\system32\USP10.dll
0x000007fefbc30000 - 0x000007fefbe24000 	C:\Windows\WinSxS\amd64_microsoft.windows.common-controls_6595b64144ccf1df_6.0.7601.18837_none_fa3b1e3d17594757\COMCTL32.dll
0x000007fefeac0000 - 0x000007fefeb31000 	C:\Windows\system32\SHLWAPI.dll
0x000007fefeb40000 - 0x000007fefeb6e000 	C:\Windows\system32\IMM32.DLL
0x000007fefe9b0000 - 0x000007fefeab9000 	C:\Windows\system32\MSCTF.dll
0x000000006bad0000 - 0x000000006bba2000 	C:\Program Files\Java\jdk1.7.0_75\jre\bin\msvcr100.dll
0x000000006c160000 - 0x000000006c934000 	C:\Program Files\Java\jdk1.7.0_75\jre\bin\server\jvm.dll
0x000007fef9130000 - 0x000007fef9139000 	C:\Windows\system32\WSOCK32.dll
0x000007feff040000 - 0x000007feff08d000 	C:\Windows\system32\WS2_32.dll
0x000007feff090000 - 0x000007feff098000 	C:\Windows\system32\NSI.dll
0x000007fefab50000 - 0x000007fefab8b000 	C:\Windows\system32\WINMM.dll
0x0000000077730000 - 0x0000000077737000 	C:\Windows\system32\PSAPI.DLL
0x00000000743d0000 - 0x00000000743df000 	C:\Program Files\Java\jdk1.7.0_75\jre\bin\verify.dll
0x0000000073cd0000 - 0x0000000073cf8000 	C:\Program Files\Java\jdk1.7.0_75\jre\bin\java.dll
0x0000000073d10000 - 0x0000000073d25000 	C:\Program Files\Java\jdk1.7.0_75\jre\bin\zip.dll
0x00000000714b0000 - 0x00000000714c9000 	C:\Program Files\Java\jdk1.7.0_75\jre\bin\net.dll
0x000007fefc7a0000 - 0x000007fefc7f5000 	C:\Windows\system32\mswsock.dll
0x000007fefc790000 - 0x000007fefc797000 	C:\Windows\System32\wship6.dll
0x0000000071490000 - 0x00000000714a1000 	C:\Program Files\Java\jdk1.7.0_75\jre\bin\nio.dll

VM Arguments:
jvm_args: -Djava.awt.headless=true -Xmx1024M -Dfile.encoding=windows-1252 -Duser.country=US -Duser.language=en -Duser.variant 
java_command: com.android.dx.command.Main --dex --num-threads=4 --multi-dex --main-dex-list C:\Users\Work\AndroidStudioProjects\LocationTeleporterRand\app\build\intermediates\multi-dex\debug\maindexlist.txt --output C:\Users\Work\AndroidStudioProjects\LocationTeleporterRand\app\build\intermediates\transforms\dex\debug\folders\1000\1f\main C:\Users\Work\AndroidStudioProjects\LocationTeleporterRand\app\build\intermediates\transforms\jarMerging\debug\jars\1\1f\combined.jar
Launcher Type: SUN_STANDARD

Environment Variables:
PATH=C:\ProgramData\Oracle\Java\javapath;C:\Windows\system32;C:\Windows;C:\Windows\System32\Wbem;C:\Windows\System32\WindowsPowerShell\v1.0\;C:\Program Files\Broadcom\Broadcom 802.11\Driver;C:\Program Files (x86)\ATI Technologies\ATI.ACE\Core-Static;C:\MinGW\bin;c:\Program Files (x86)\Microsoft SQL Server\100\Tools\Binn\;c:\Program Files\Microsoft SQL Server\100\Tools\Binn\;c:\Program Files\Microsoft SQL Server\100\DTS\Binn\;C:\Program Files\Microsoft\Web Platform Installer\;C:\Program Files\Microsoft SQL Server\Client SDK\ODBC\110\Tools\Binn\;C:\Program Files (x86)\Microsoft SQL Server\120\Tools\Binn\;C:\Program Files\Microsoft SQL Server\120\Tools\Binn\;C:\Program Files\Microsoft SQL Server\120\DTS\Binn\;C:\Program Files\Microsoft SQL Server\110\Tools\Binn\;C:\Program Files (x86)\Microsoft SDKs\TypeScript\1.0\;C:\wamp\bin\php\php5.5.12;C:\ProgramData\ComposerSetup\bin;C:\Python27;C:\Python27\Scripts;C:\Program Files\TortoiseSVN\bin;C:\Program Files (x86)\Heroku\bin;C:\Program Files (x86)\git\cmd;C:\Program Files (x86)\Brackets\command;C:\HOMEPATH\AppData\Roaming\Composer\vendor\bin;C:\Program Files (x86)\Skype\Phone\;C:\Program Files\nodejs\;c:\Program Files\Java\jdk1.7.0_75\bin;C:\Users\Work\AppData\Roaming\npm
USERNAME=Work
OS=Windows_NT
PROCESSOR_IDENTIFIER=Intel64 Family 6 Model 42 Stepping 7, GenuineIntel



---------------  S Y S T E M  ---------------

OS: Windows 7 , 64 bit Build 7601 Service Pack 1

CPU:total 4 (2 cores per cpu, 2 threads per core) family 6 model 42 stepping 7, cmov, cx8, fxsr, mmx, sse, sse2, sse3, ssse3, sse4.1, sse4.2, popcnt, avx, aes, ht, tsc, tscinvbit

Memory: 4k page, physical 4140912k(696056k free), swap 5647216k(5640k free)

vm_info: Java HotSpot(TM) 64-Bit Server VM (24.75-b04) for windows-amd64 JRE (1.7.0_75-b13), built on Dec 18 2014 17:15:01 by "java_re" with unknown MS VC++:1600

time: Sun May 08 17:00:36 2016
elapsed time: 8 seconds

