#
# There is insufficient memory for the Java Runtime Environment to continue.
# Native memory allocation (malloc) failed to allocate 997776 bytes for Chunk::new
# Possible reasons:
#   The system is out of physical RAM or swap space
#   In 32 bit mode, the process size limit was hit
# Possible solutions:
#   Reduce memory load on the system
#   Increase physical memory or swap space
#   Check if swap backing store is full
#   Use 64 bit Java on a 64 bit OS
#   Decrease Java heap size (-Xmx/-Xms)
#   Decrease number of Java threads
#   Decrease Java thread stack sizes (-Xss)
#   Set larger code cache with -XX:ReservedCodeCacheSize=
# This output file may be truncated or incomplete.
#
#  Out of Memory Error (allocation.cpp:323), pid=9208, tid=9180
#
# JRE version: Java(TM) SE Runtime Environment (7.0_75-b13) (build 1.7.0_75-b13)
# Java VM: Java HotSpot(TM) 64-Bit Server VM (24.75-b04 mixed mode windows-amd64 compressed oops)
# Failed to write core dump. Minidumps are not enabled by default on client versions of Windows
#

---------------  T H R E A D  ---------------

Current thread (0x0000000008570800):  JavaThread "C2 CompilerThread0" daemon [_thread_in_native, id=9180, stack(0x0000000009dc0000,0x0000000009ec0000)]

Stack: [0x0000000009dc0000,0x0000000009ec0000]
[error occurred during error reporting (printing stack bounds), id 0xc0000005]


Current CompileTask:
C2:   7535  608             com.android.dx.cf.code.Simulator$SimVisitor::visitConstant (332 bytes)


---------------  P R O C E S S  ---------------

Java Threads: ( => current thread )
  0x000000000a36c800 JavaThread "pool-2-thread-4" [_thread_in_vm, id=8956, stack(0x000000000afd0000,0x000000000b0d0000)]
  0x000000000a36c000 JavaThread "pool-2-thread-3" [_thread_blocked, id=7796, stack(0x0000000009ee0000,0x0000000009fe0000)]
  0x000000000a33b800 JavaThread "pool-2-thread-2" [_thread_blocked, id=8960, stack(0x000000000ad50000,0x000000000ae50000)]
  0x000000000a342800 JavaThread "pool-3-thread-1" [_thread_blocked, id=7540, stack(0x000000000abb0000,0x000000000acb0000)]
  0x000000000a399800 JavaThread "pool-2-thread-1" [_thread_blocked, id=5588, stack(0x000000000aa30000,0x000000000ab30000)]
  0x0000000008578000 JavaThread "Service Thread" daemon [_thread_blocked, id=7504, stack(0x00000000097e0000,0x00000000098e0000)]
  0x0000000008577000 JavaThread "C2 CompilerThread1" daemon [_thread_in_native, id=8692, stack(0x0000000009cc0000,0x0000000009dc0000)]
=>0x0000000008570800 JavaThread "C2 CompilerThread0" daemon [_thread_in_native, id=9180, stack(0x0000000009dc0000,0x0000000009ec0000)]
  0x000000000856d800 JavaThread "Attach Listener" daemon [_thread_blocked, id=8984, stack(0x0000000009bc0000,0x0000000009cc0000)]
  0x0000000008568000 JavaThread "Signal Dispatcher" daemon [_thread_blocked, id=7492, stack(0x0000000009a60000,0x0000000009b60000)]
  0x0000000008512800 JavaThread "Finalizer" daemon [_thread_blocked, id=5428, stack(0x0000000009910000,0x0000000009a10000)]
  0x0000000008511000 JavaThread "Reference Handler" daemon [_thread_blocked, id=8812, stack(0x0000000009520000,0x0000000009620000)]
  0x00000000004bf000 JavaThread "main" [_thread_in_Java, id=8216, stack(0x0000000002290000,0x0000000002390000)]

Other Threads:
  0x000000000850b800 VMThread [stack: 0x0000000009640000,0x0000000009740000] [id=8220]
  0x0000000008579000 WatcherThread [stack: 0x000000000a080000,0x000000000a180000] [id=8948]

VM state:not at safepoint (normal execution)

VM Mutex/Monitor currently owned by a thread: None

Heap
 PSYoungGen      total 70144K, used 66896K [0x00000000eaa80000, 0x00000000ef180000, 0x0000000100000000)
  eden space 67584K, 95% used [0x00000000eaa80000,0x00000000ee957a68,0x00000000eec80000)
  from space 2560K, 99% used [0x00000000eec80000,0x00000000eeefc950,0x00000000eef00000)
  to   space 2560K, 0% used [0x00000000eef00000,0x00000000eef00000,0x00000000ef180000)
 ParOldGen       total 75264K, used 43621K [0x00000000c0000000, 0x00000000c4980000, 0x00000000eaa80000)
  object space 75264K, 57% used [0x00000000c0000000,0x00000000c2a99478,0x00000000c4980000)
 PSPermGen       total 21504K, used 5997K [0x00000000bae00000, 0x00000000bc300000, 0x00000000c0000000)
  object space 21504K, 27% used [0x00000000bae00000,0x00000000bb3db7f8,0x00000000bc300000)

Card table byte_map: [0x0000000005450000,0x0000000005680000] byte_map_base: 0x0000000004e79000

Polling page: 0x0000000000430000

Code Cache  [0x0000000002390000, 0x0000000002600000, 0x0000000005390000)
 total_blobs=835 nmethods=598 adapters=189 free_code_cache=46766Kb largest_free_block=47818432

Compilation events (10 events):
Event: 7.357 Thread 0x0000000008570800 nmethod 603 0x00000000024f0750 code [0x00000000024f08c0, 0x00000000024f0bb8]
Event: 7.357 Thread 0x0000000008570800  604             com.android.dx.rop.code.RegisterSpec::equals (60 bytes)
Event: 7.360 Thread 0x0000000008570800 nmethod 604 0x00000000024f3e10 code [0x00000000024f3f60, 0x00000000024f4008]
Event: 7.360 Thread 0x0000000008570800  605             com.android.dx.rop.cst.CstMemberRef::getDefiningClass (5 bytes)
Event: 7.360 Thread 0x0000000008570800 nmethod 605 0x00000000024f3b90 code [0x00000000024f3cc0, 0x00000000024f3d18]
Event: 7.360 Thread 0x0000000008570800  606             com.android.dx.rop.code.Rop::<init> (137 bytes)
Event: 7.363 Thread 0x0000000008570800 nmethod 606 0x00000000024f1b10 code [0x00000000024f1c60, 0x00000000024f1df8]
Event: 7.363 Thread 0x0000000008570800  607             com.android.dx.cf.code.BasicBlocker::visitConstant (39 bytes)
Event: 7.416 Thread 0x0000000008570800 nmethod 607 0x00000000024eb950 code [0x00000000024ebb20, 0x00000000024ecbc8]
Event: 7.417 Thread 0x0000000008570800  608             com.android.dx.cf.code.Simulator$SimVisitor::visitConstant (332 bytes)

GC Heap History (10 events):
Event: 3.379 GC heap before
{Heap before GC invocations=4 (full 0):
 PSYoungGen      total 36352K, used 36337K [0x00000000eaa80000, 0x00000000ef180000, 0x0000000100000000)
  eden space 33792K, 100% used [0x00000000eaa80000,0x00000000ecb80000,0x00000000ecb80000)
  from space 2560K, 99% used [0x00000000ecb80000,0x00000000ecdfc518,0x00000000ece00000)
  to   space 2560K, 0% used [0x00000000eef00000,0x00000000eef00000,0x00000000ef180000)
 ParOldGen       total 43008K, used 10376K [0x00000000c0000000, 0x00000000c2a00000, 0x00000000eaa80000)
  object space 43008K, 24% used [0x00000000c0000000,0x00000000c0a22218,0x00000000c2a00000)
 PSPermGen       total 21504K, used 5866K [0x00000000bae00000, 0x00000000bc300000, 0x00000000c0000000)
  object space 21504K, 27% used [0x00000000bae00000,0x00000000bb3baac8,0x00000000bc300000)
Event: 3.430 GC heap after
Heap after GC invocations=4 (full 0):
 PSYoungGen      total 70144K, used 2542K [0x00000000eaa80000, 0x00000000ef180000, 0x0000000100000000)
  eden space 67584K, 0% used [0x00000000eaa80000,0x00000000eaa80000,0x00000000eec80000)
  from space 2560K, 99% used [0x00000000eef00000,0x00000000ef17b850,0x00000000ef180000)
  to   space 2560K, 0% used [0x00000000eec80000,0x00000000eec80000,0x00000000eef00000)
 ParOldGen       total 43008K, used 16130K [0x00000000c0000000, 0x00000000c2a00000, 0x00000000eaa80000)
  object space 43008K, 37% used [0x00000000c0000000,0x00000000c0fc0878,0x00000000c2a00000)
 PSPermGen       total 21504K, used 5866K [0x00000000bae00000, 0x00000000bc300000, 0x00000000c0000000)
  object space 21504K, 27% used [0x00000000bae00000,0x00000000bb3baac8,0x00000000bc300000)
}
Event: 4.954 GC heap before
{Heap before GC invocations=5 (full 0):
 PSYoungGen      total 70144K, used 70126K [0x00000000eaa80000, 0x00000000ef180000, 0x0000000100000000)
  eden space 67584K, 100% used [0x00000000eaa80000,0x00000000eec80000,0x00000000eec80000)
  from space 2560K, 99% used [0x00000000eef00000,0x00000000ef17b850,0x00000000ef180000)
  to   space 2560K, 0% used [0x00000000eec80000,0x00000000eec80000,0x00000000eef00000)
 ParOldGen       total 43008K, used 16130K [0x00000000c0000000, 0x00000000c2a00000, 0x00000000eaa80000)
  object space 43008K, 37% used [0x00000000c0000000,0x00000000c0fc0878,0x00000000c2a00000)
 PSPermGen       total 21504K, used 5906K [0x00000000bae00000, 0x00000000bc300000, 0x00000000c0000000)
  object space 21504K, 27% used [0x00000000bae00000,0x00000000bb3c4ab0,0x00000000bc300000)
Event: 4.993 GC heap after
Heap after GC invocations=5 (full 0):
 PSYoungGen      total 70144K, used 2541K [0x00000000eaa80000, 0x00000000ef180000, 0x0000000100000000)
  eden space 67584K, 0% used [0x00000000eaa80000,0x00000000eaa80000,0x00000000eec80000)
  from space 2560K, 99% used [0x00000000eec80000,0x00000000eeefb428,0x00000000eef00000)
  to   space 2560K, 0% used [0x00000000eef00000,0x00000000eef00000,0x00000000ef180000)
 ParOldGen       total 43008K, used 26911K [0x00000000c0000000, 0x00000000c2a00000, 0x00000000eaa80000)
  object space 43008K, 62% used [0x00000000c0000000,0x00000000c1a47e68,0x00000000c2a00000)
 PSPermGen       total 21504K, used 5906K [0x00000000bae00000, 0x00000000bc300000, 0x00000000c0000000)
  object space 21504K, 27% used [0x00000000bae00000,0x00000000bb3c4ab0,0x00000000bc300000)
}
Event: 5.827 GC heap before
{Heap before GC invocations=6 (full 0):
 PSYoungGen      total 70144K, used 70125K [0x00000000eaa80000, 0x00000000ef180000, 0x0000000100000000)
  eden space 67584K, 100% used [0x00000000eaa80000,0x00000000eec80000,0x00000000eec80000)
  from space 2560K, 99% used [0x00000000eec80000,0x00000000eeefb428,0x00000000eef00000)
  to   space 2560K, 0% used [0x00000000eef00000,0x00000000eef00000,0x00000000ef180000)
 ParOldGen       total 43008K, used 26911K [0x00000000c0000000, 0x00000000c2a00000, 0x00000000eaa80000)
  object space 43008K, 62% used [0x00000000c0000000,0x00000000c1a47e68,0x00000000c2a00000)
 PSPermGen       total 21504K, used 5935K [0x00000000bae00000, 0x00000000bc300000, 0x00000000c0000000)
  object space 21504K, 27% used [0x00000000bae00000,0x00000000bb3cbe88,0x00000000bc300000)
Event: 5.868 GC heap after
Heap after GC invocations=6 (full 0):
 PSYoungGen      total 70144K, used 2537K [0x00000000eaa80000, 0x00000000ef180000, 0x0000000100000000)
  eden space 67584K, 0% used [0x00000000eaa80000,0x00000000eaa80000,0x00000000eec80000)
  from space 2560K, 99% used [0x00000000eef00000,0x00000000ef17a4c0,0x00000000ef180000)
  to   space 2560K, 0% used [0x00000000eec80000,0x00000000eec80000,0x00000000eef00000)
 ParOldGen       total 43008K, used 37640K [0x00000000c0000000, 0x00000000c2a00000, 0x00000000eaa80000)
  object space 43008K, 87% used [0x00000000c0000000,0x00000000c24c2278,0x00000000c2a00000)
 PSPermGen       total 21504K, used 5935K [0x00000000bae00000, 0x00000000bc300000, 0x00000000c0000000)
  object space 21504K, 27% used [0x00000000bae00000,0x00000000bb3cbe88,0x00000000bc300000)
}
Event: 5.868 GC heap before
{Heap before GC invocations=7 (full 1):
 PSYoungGen      total 70144K, used 2537K [0x00000000eaa80000, 0x00000000ef180000, 0x0000000100000000)
  eden space 67584K, 0% used [0x00000000eaa80000,0x00000000eaa80000,0x00000000eec80000)
  from space 2560K, 99% used [0x00000000eef00000,0x00000000ef17a4c0,0x00000000ef180000)
  to   space 2560K, 0% used [0x00000000eec80000,0x00000000eec80000,0x00000000eef00000)
 ParOldGen       total 43008K, used 37640K [0x00000000c0000000, 0x00000000c2a00000, 0x00000000eaa80000)
  object space 43008K, 87% used [0x00000000c0000000,0x00000000c24c2278,0x00000000c2a00000)
 PSPermGen       total 21504K, used 5935K [0x00000000bae00000, 0x00000000bc300000, 0x00000000c0000000)
  object space 21504K, 27% used [0x00000000bae00000,0x00000000bb3cbe88,0x00000000bc300000)
Event: 6.239 GC heap after
Heap after GC invocations=7 (full 1):
 PSYoungGen      total 70144K, used 0K [0x00000000eaa80000, 0x00000000ef180000, 0x0000000100000000)
  eden space 67584K, 0% used [0x00000000eaa80000,0x00000000eaa80000,0x00000000eec80000)
  from space 2560K, 0% used [0x00000000eef00000,0x00000000eef00000,0x00000000ef180000)
  to   space 2560K, 0% used [0x00000000eec80000,0x00000000eec80000,0x00000000eef00000)
 ParOldGen       total 75264K, used 34846K [0x00000000c0000000, 0x00000000c4980000, 0x00000000eaa80000)
  object space 75264K, 46% used [0x00000000c0000000,0x00000000c2207a48,0x00000000c4980000)
 PSPermGen       total 21504K, used 5932K [0x00000000bae00000, 0x00000000bc300000, 0x00000000c0000000)
  object space 21504K, 27% used [0x00000000bae00000,0x00000000bb3cb1c8,0x00000000bc300000)
}
Event: 7.040 GC heap before
{Heap before GC invocations=8 (full 1):
 PSYoungGen      total 70144K, used 67584K [0x00000000eaa80000, 0x00000000ef180000, 0x0000000100000000)
  eden space 67584K, 100% used [0x00000000eaa80000,0x00000000eec80000,0x00000000eec80000)
  from space 2560K, 0% used [0x00000000eef00000,0x00000000eef00000,0x00000000ef180000)
  to   space 2560K, 0% used [0x00000000eec80000,0x00000000eec80000,0x00000000eef00000)
 ParOldGen       total 75264K, used 34846K [0x00000000c0000000, 0x00000000c4980000, 0x00000000eaa80000)
  object space 75264K, 46% used [0x00000000c0000000,0x00000000c2207a48,0x00000000c4980000)
 PSPermGen       total 21504K, used 5959K [0x00000000bae00000, 0x00000000bc300000, 0x00000000c0000000)
  object space 21504K, 27% used [0x00000000bae00000,0x00000000bb3d1de0,0x00000000bc300000)
Event: 7.060 GC heap after
Heap after GC invocations=8 (full 1):
 PSYoungGen      total 70144K, used 2546K [0x00000000eaa80000, 0x00000000ef180000, 0x0000000100000000)
  eden space 67584K, 0% used [0x00000000eaa80000,0x00000000eaa80000,0x00000000eec80000)
  from space 2560K, 99% used [0x00000000eec80000,0x00000000eeefc950,0x00000000eef00000)
  to   space 2560K, 0% used [0x00000000eef00000,0x00000000eef00000,0x00000000ef180000)
 ParOldGen       total 75264K, used 43621K [0x00000000c0000000, 0x00000000c4980000, 0x00000000eaa80000)
  object space 75264K, 57% used [0x00000000c0000000,0x00000000c2a99478,0x00000000c4980000)
 PSPermGen       total 21504K, used 5959K [0x00000000bae00000, 0x00000000bc300000, 0x00000000c0000000)
  object space 21504K, 27% used [0x00000000bae00000,0x00000000bb3d1de0,0x00000000bc300000)
}

Deoptimization events (10 events):
Event: 4.195 Thread 0x000000000a36c000 Uncommon trap: reason=bimorphic action=maybe_recompile pc=0x00000000024e702c method=com.android.dx.cf.code.BytecodeArray.parseInstruction(ILcom/android/dx/cf/code/BytecodeArray$Visitor;)I @ 1224
Event: 4.195 Thread 0x000000000a36c000 Uncommon trap: reason=bimorphic action=maybe_recompile pc=0x00000000024e69e8 method=com.android.dx.cf.code.BytecodeArray.parseInstruction(ILcom/android/dx/cf/code/BytecodeArray$Visitor;)I @ 923
Event: 4.195 Thread 0x000000000a36c000 Uncommon trap: reason=bimorphic action=maybe_recompile pc=0x00000000024e702c method=com.android.dx.cf.code.BytecodeArray.parseInstruction(ILcom/android/dx/cf/code/BytecodeArray$Visitor;)I @ 1224
Event: 5.633 Thread 0x000000000a36c800 Uncommon trap: reason=class_check action=maybe_recompile pc=0x00000000024cfe54 method=com.android.dx.cf.code.Ropper.processBlock(Lcom/android/dx/cf/code/ByteBlock;Lcom/android/dx/cf/code/Frame;[I)V @ 777
Event: 5.637 Thread 0x000000000a399800 Uncommon trap: reason=bimorphic action=maybe_recompile pc=0x0000000002505c78 method=com.android.dx.ssa.SCCP.simulatePhi(Lcom/android/dx/ssa/PhiInsn;)V @ 124
Event: 5.807 Thread 0x000000000a399800 Uncommon trap: reason=bimorphic action=maybe_recompile pc=0x0000000002505c78 method=com.android.dx.ssa.SCCP.simulatePhi(Lcom/android/dx/ssa/PhiInsn;)V @ 124
Event: 5.820 Thread 0x000000000a399800 Uncommon trap: reason=bimorphic action=maybe_recompile pc=0x0000000002505c78 method=com.android.dx.ssa.SCCP.simulatePhi(Lcom/android/dx/ssa/PhiInsn;)V @ 124
Event: 6.522 Thread 0x000000000a36c800 Uncommon trap: reason=class_check action=maybe_recompile pc=0x00000000024cfe54 method=com.android.dx.cf.code.Ropper.processBlock(Lcom/android/dx/cf/code/ByteBlock;Lcom/android/dx/cf/code/Frame;[I)V @ 777
Event: 6.523 Thread 0x000000000a36c800 Uncommon trap: reason=class_check action=maybe_recompile pc=0x00000000024cfe54 method=com.android.dx.cf.code.Ropper.processBlock(Lcom/android/dx/cf/code/ByteBlock;Lcom/android/dx/cf/code/Frame;[I)V @ 777
Event: 7.099 Thread 0x000000000a36c000 Uncommon trap: reason=class_check action=maybe_recompile pc=0x0000000002502dd4 method=com.android.dx.ssa.SCCP.replaceConstants()V @ 127

Internal exceptions (10 events):
Event: 1.203 Thread 0x000000000a399800 Threw 0x00000000ead1d2b0 at C:\re\jdk7u75\1940\hotspot\src\share\vm\prims\jvm.cpp:1281
Event: 1.247 Thread 0x000000000a33b800 Threw 0x00000000eb2181a8 at C:\re\jdk7u75\1940\hotspot\src\share\vm\prims\jvm.cpp:1281
Event: 1.305 Thread 0x00000000004bf000 Threw 0x00000000eb419b88 at C:\re\jdk7u75\1940\hotspot\src\share\vm\prims\jvm.cpp:1281
Event: 1.353 Thread 0x00000000004bf000 Implicit null exception at 0x000000000243d707 to 0x000000000243ddcd
Event: 1.451 Thread 0x000000000a36c800 Threw 0x00000000eba1f4d0 at C:\re\jdk7u75\1940\hotspot\src\share\vm\prims\jvm.cpp:1281
Event: 1.635 Thread 0x000000000a36c800 Implicit null exception at 0x0000000002464c9f to 0x00000000024660dd
Event: 2.828 Thread 0x000000000a399800 Threw 0x00000000eb66e770 at C:\re\jdk7u75\1940\hotspot\src\share\vm\prims\jvm.cpp:1281
Event: 3.210 Thread 0x00000000004bf000 Threw 0x00000000ec4243d8 at C:\re\jdk7u75\1940\hotspot\src\share\vm\prims\jvm.cpp:1281
Event: 4.752 Thread 0x00000000004bf000 Threw 0x00000000ee372508 at C:\re\jdk7u75\1940\hotspot\src\share\vm\prims\jvm.cpp:1281
Event: 6.462 Thread 0x00000000004bf000 Threw 0x00000000ebc263a0 at C:\re\jdk7u75\1940\hotspot\src\share\vm\prims\jvm.cpp:1281

Events (10 events):
Event: 6.522 Thread 0x000000000a36c800 DEOPT UNPACKING pc=0x00000000023c75a4 sp=0x000000000b0ced18 mode 2
Event: 6.523 Thread 0x000000000a36c800 Uncommon trap: trap_request=0xffffffde fr.pc=0x00000000024cfe54
Event: 6.523 Thread 0x000000000a36c800 DEOPT PACKING pc=0x00000000024cfe54 sp=0x000000000b0ced40
Event: 6.523 Thread 0x000000000a36c800 DEOPT UNPACKING pc=0x00000000023c75a4 sp=0x000000000b0ced18 mode 2
Event: 7.039 Executing VM operation: ParallelGCFailedAllocation
Event: 7.060 Executing VM operation: ParallelGCFailedAllocation done
Event: 7.099 Thread 0x000000000a36c000 Uncommon trap: trap_request=0xffffffde fr.pc=0x0000000002502dd4
Event: 7.099 Thread 0x000000000a36c000 DEOPT PACKING pc=0x0000000002502dd4 sp=0x0000000009fdee80
Event: 7.099 Thread 0x000000000a36c000 DEOPT UNPACKING pc=0x00000000023c75a4 sp=0x0000000009fdede8 mode 2
Event: 7.184 Thread 0x0000000008570800 flushing nmethod 0x00000000024e3a10


Dynamic libraries:
0x000000013fe50000 - 0x000000013fe83000 	C:\Program Files\Java\jdk1.7.0_75\bin\java.exe
0x0000000077560000 - 0x0000000077709000 	C:\Windows\SYSTEM32\ntdll.dll
0x0000000077440000 - 0x0000000077560000 	C:\Windows\system32\kernel32.dll
0x000007fefd3d0000 - 0x000007fefd43c000 	C:\Windows\system32\KERNELBASE.dll
0x000007fefe4f0000 - 0x000007fefe5cb000 	C:\Windows\system32\ADVAPI32.dll
0x000007fefd6c0000 - 0x000007fefd75f000 	C:\Windows\system32\msvcrt.dll
0x000007feff290000 - 0x000007feff2af000 	C:\Windows\SYSTEM32\sechost.dll
0x000007feff160000 - 0x000007feff28d000 	C:\Windows\system32\RPCRT4.dll
0x0000000077340000 - 0x000000007743a000 	C:\Windows\system32\USER32.dll
0x000007fefe5d0000 - 0x000007fefe637000 	C:\Windows\system32\GDI32.dll
0x000007fefefb0000 - 0x000007fefefbe000 	C:\Windows\system32\LPK.dll
0x000007fefeb70000 - 0x000007fefec39000 	C:\Windows\system32\USP10.dll
0x000007fefbc30000 - 0x000007fefbe24000 	C:\Windows\WinSxS\amd64_microsoft.windows.common-controls_6595b64144ccf1df_6.0.7601.18837_none_fa3b1e3d17594757\COMCTL32.dll
0x000007fefeac0000 - 0x000007fefeb31000 	C:\Windows\system32\SHLWAPI.dll
0x000007fefeb40000 - 0x000007fefeb6e000 	C:\Windows\system32\IMM32.DLL
0x000007fefe9b0000 - 0x000007fefeab9000 	C:\Windows\system32\MSCTF.dll
0x000000006bad0000 - 0x000000006bba2000 	C:\Program Files\Java\jdk1.7.0_75\jre\bin\msvcr100.dll
0x000000006c160000 - 0x000000006c934000 	C:\Program Files\Java\jdk1.7.0_75\jre\bin\server\jvm.dll
0x000007fef9130000 - 0x000007fef9139000 	C:\Windows\system32\WSOCK32.dll
0x000007feff040000 - 0x000007feff08d000 	C:\Windows\system32\WS2_32.dll
0x000007feff090000 - 0x000007feff098000 	C:\Windows\system32\NSI.dll
0x000007fefab50000 - 0x000007fefab8b000 	C:\Windows\system32\WINMM.dll
0x0000000077730000 - 0x0000000077737000 	C:\Windows\system32\PSAPI.DLL
0x00000000743d0000 - 0x00000000743df000 	C:\Program Files\Java\jdk1.7.0_75\jre\bin\verify.dll
0x0000000073cd0000 - 0x0000000073cf8000 	C:\Program Files\Java\jdk1.7.0_75\jre\bin\java.dll
0x0000000073d10000 - 0x0000000073d25000 	C:\Program Files\Java\jdk1.7.0_75\jre\bin\zip.dll
0x00000000714b0000 - 0x00000000714c9000 	C:\Program Files\Java\jdk1.7.0_75\jre\bin\net.dll
0x000007fefc7a0000 - 0x000007fefc7f5000 	C:\Windows\system32\mswsock.dll
0x000007fefc790000 - 0x000007fefc797000 	C:\Windows\System32\wship6.dll
0x0000000071490000 - 0x00000000714a1000 	C:\Program Files\Java\jdk1.7.0_75\jre\bin\nio.dll

VM Arguments:
jvm_args: -Djava.awt.headless=true -Xmx1024M -Dfile.encoding=windows-1252 -Duser.country=US -Duser.language=en -Duser.variant 
java_command: com.android.dx.command.Main --dex --num-threads=4 --multi-dex --main-dex-list C:\Users\Work\AndroidStudioProjects\LocationTeleporterRand\app\build\intermediates\multi-dex\debug\maindexlist.txt --output C:\Users\Work\AndroidStudioProjects\LocationTeleporterRand\app\build\intermediates\transforms\dex\debug\folders\1000\1f\main C:\Users\Work\AndroidStudioProjects\LocationTeleporterRand\app\build\intermediates\transforms\jarMerging\debug\jars\1\1f\combined.jar
Launcher Type: SUN_STANDARD

Environment Variables:
PATH=C:\ProgramData\Oracle\Java\javapath;C:\Windows\system32;C:\Windows;C:\Windows\System32\Wbem;C:\Windows\System32\WindowsPowerShell\v1.0\;C:\Program Files\Broadcom\Broadcom 802.11\Driver;C:\Program Files (x86)\ATI Technologies\ATI.ACE\Core-Static;C:\MinGW\bin;c:\Program Files (x86)\Microsoft SQL Server\100\Tools\Binn\;c:\Program Files\Microsoft SQL Server\100\Tools\Binn\;c:\Program Files\Microsoft SQL Server\100\DTS\Binn\;C:\Program Files\Microsoft\Web Platform Installer\;C:\Program Files\Microsoft SQL Server\Client SDK\ODBC\110\Tools\Binn\;C:\Program Files (x86)\Microsoft SQL Server\120\Tools\Binn\;C:\Program Files\Microsoft SQL Server\120\Tools\Binn\;C:\Program Files\Microsoft SQL Server\120\DTS\Binn\;C:\Program Files\Microsoft SQL Server\110\Tools\Binn\;C:\Program Files (x86)\Microsoft SDKs\TypeScript\1.0\;C:\wamp\bin\php\php5.5.12;C:\ProgramData\ComposerSetup\bin;C:\Python27;C:\Python27\Scripts;C:\Program Files\TortoiseSVN\bin;C:\Program Files (x86)\Heroku\bin;C:\Program Files (x86)\git\cmd;C:\Program Files (x86)\Brackets\command;C:\HOMEPATH\AppData\Roaming\Composer\vendor\bin;C:\Program Files (x86)\Skype\Phone\;C:\Program Files\nodejs\;c:\Program Files\Java\jdk1.7.0_75\bin;C:\Users\Work\AppData\Roaming\npm
USERNAME=Work
OS=Windows_NT
PROCESSOR_IDENTIFIER=Intel64 Family 6 Model 42 Stepping 7, GenuineIntel



---------------  S Y S T E M  ---------------

OS: Windows 7 , 64 bit Build 7601 Service Pack 1

CPU:total 4 (2 cores per cpu, 2 threads per core) family 6 model 42 stepping 7, cmov, cx8, fxsr, mmx, sse, sse2, sse3, ssse3, sse4.1, sse4.2, popcnt, avx, aes, ht, tsc, tscinvbit

Memory: 4k page, physical 4140912k(719816k free), swap 5647216k(5596k free)

vm_info: Java HotSpot(TM) 64-Bit Server VM (24.75-b04) for windows-amd64 JRE (1.7.0_75-b13), built on Dec 18 2014 17:15:01 by "java_re" with unknown MS VC++:1600

time: Sun May 08 17:07:59 2016
elapsed time: 7 seconds

