#
# There is insufficient memory for the Java Runtime Environment to continue.
# Native memory allocation (malloc) failed to allocate 65872 bytes for Chunk::new
# Possible reasons:
#   The system is out of physical RAM or swap space
#   In 32 bit mode, the process size limit was hit
# Possible solutions:
#   Reduce memory load on the system
#   Increase physical memory or swap space
#   Check if swap backing store is full
#   Use 64 bit Java on a 64 bit OS
#   Decrease Java heap size (-Xmx/-Xms)
#   Decrease number of Java threads
#   Decrease Java thread stack sizes (-Xss)
#   Set larger code cache with -XX:ReservedCodeCacheSize=
# This output file may be truncated or incomplete.
#
#  Out of Memory Error (allocation.cpp:323), pid=12060, tid=11644
#
# JRE version: Java(TM) SE Runtime Environment (7.0_75-b13) (build 1.7.0_75-b13)
# Java VM: Java HotSpot(TM) 64-Bit Server VM (24.75-b04 mixed mode windows-amd64 compressed oops)
# Failed to write core dump. Minidumps are not enabled by default on client versions of Windows
#

---------------  T H R E A D  ---------------

Current thread (0x00000000085cf000):  JavaThread "C2 CompilerThread1" daemon [_thread_in_native, id=11644, stack(0x0000000009f10000,0x000000000a010000)]

Stack: [0x0000000009f10000,0x000000000a010000]
[error occurred during error reporting (printing stack bounds), id 0xc0000005]


[error occurred during error reporting (printing native stack), id 0xc0000005]


Current CompileTask:
C2:   3859   17             java.util.Properties$LineReader::readLine (452 bytes)


---------------  P R O C E S S  ---------------

Java Threads: ( => current thread )
  0x00000000021df000 JavaThread "DestroyJavaVM" [_thread_blocked, id=9364, stack(0x0000000002490000,0x0000000002590000)]
  0x00000000085cf800 JavaThread "Service Thread" daemon [_thread_blocked, id=7772, stack(0x000000000a030000,0x000000000a130000)]
=>0x00000000085cf000 JavaThread "C2 CompilerThread1" daemon [_thread_in_native, id=11644, stack(0x0000000009f10000,0x000000000a010000)]
  0x00000000085c0800 JavaThread "C2 CompilerThread0" daemon [_thread_blocked, id=11960, stack(0x0000000009d40000,0x0000000009e40000)]
  0x00000000085bd000 JavaThread "Attach Listener" daemon [_thread_blocked, id=1176, stack(0x0000000009760000,0x0000000009860000)]
  0x00000000085b8000 JavaThread "Signal Dispatcher" daemon [_thread_blocked, id=10932, stack(0x0000000009ad0000,0x0000000009bd0000)]
  0x0000000008568000 JavaThread "Finalizer" daemon [_thread_blocked, id=12276, stack(0x00000000098a0000,0x00000000099a0000)]
  0x0000000008561000 JavaThread "Reference Handler" daemon [_thread_blocked, id=5788, stack(0x00000000094d0000,0x00000000095d0000)]

Other Threads:
  0x000000000855b800 VMThread [stack: 0x0000000009650000,0x0000000009750000] [id=11324]
  0x00000000085d9000 WatcherThread [stack: 0x00000000099d0000,0x0000000009ad0000] [id=8904]

VM state:not at safepoint (normal execution)

VM Mutex/Monitor currently owned by a thread: None

Heap
 PSYoungGen      total 19456K, used 5445K [0x00000000eaa80000, 0x00000000ec000000, 0x0000000100000000)
  eden space 16896K, 32% used [0x00000000eaa80000,0x00000000eafd17c8,0x00000000ebb00000)
  from space 2560K, 0% used [0x00000000ebd80000,0x00000000ebd80000,0x00000000ec000000)
  to   space 2560K, 0% used [0x00000000ebb00000,0x00000000ebb00000,0x00000000ebd80000)
 ParOldGen       total 43008K, used 0K [0x00000000c0000000, 0x00000000c2a00000, 0x00000000eaa80000)
  object space 43008K, 0% used [0x00000000c0000000,0x00000000c0000000,0x00000000c2a00000)
 PSPermGen       total 21504K, used 4548K [0x00000000bae00000, 0x00000000bc300000, 0x00000000c0000000)
  object space 21504K, 21% used [0x00000000bae00000,0x00000000bb271358,0x00000000bc300000)

Card table byte_map: [0x0000000005590000,0x00000000057c0000] byte_map_base: 0x0000000004fb9000

Polling page: 0x0000000000430000

Code Cache  [0x0000000002590000, 0x0000000002800000, 0x0000000005590000)
 total_blobs=244 nmethods=17 adapters=180 free_code_cache=48723Kb largest_free_block=49873984

Compilation events (10 events):
Event: 2.433 Thread 0x00000000085c0800 nmethod 9 0x00000000025fa610 code [0x00000000025fa760, 0x00000000025fa8f8]
Event: 2.437 Thread 0x00000000085cf000   12             com.android.dx.util.ByteArray::getUnsignedByte (14 bytes)
Event: 2.440 Thread 0x00000000085cf000 nmethod 12 0x00000000025fa310 code [0x00000000025fa440, 0x00000000025fa4f8]
Event: 2.460 Thread 0x00000000085cf000   13             com.android.dx.rop.cst.CstString::utf8BytesToString (391 bytes)
Event: 2.465 Thread 0x00000000085c0800   14             java.lang.String::startsWith (72 bytes)
Event: 2.474 Thread 0x00000000085c0800 nmethod 14 0x00000000025f9f10 code [0x00000000025fa060, 0x00000000025fa1f8]
Event: 2.487 Thread 0x00000000085cf000 nmethod 13 0x00000000025fafd0 code [0x00000000025fb1c0, 0x00000000025fb7a8]
Event: 2.488 Thread 0x00000000085c0800   15             java.lang.String::charAt (29 bytes)
Event: 2.490 Thread 0x00000000085c0800 nmethod 15 0x00000000025f4dd0 code [0x00000000025f4f00, 0x00000000025f4f98]
Event: 2.795 Thread 0x00000000085cf000   17             java.util.Properties$LineReader::readLine (452 bytes)

GC Heap History (0 events):
No events

Deoptimization events (0 events):
No events

Internal exceptions (10 events):
Event: 2.421 Thread 0x000000000a28d000 Threw 0x00000000eadf2760 at C:\re\jdk7u75\1940\hotspot\src\share\vm\prims\jvm.cpp:1281
Event: 2.649 Thread 0x00000000021df000 Threw 0x00000000eaed4438 at C:\re\jdk7u75\1940\hotspot\src\share\vm\prims\jvm.cpp:1281
Event: 2.668 Thread 0x00000000021df000 Threw 0x00000000eaede650 at C:\re\jdk7u75\1940\hotspot\src\share\vm\prims\jvm.cpp:1281
Event: 2.671 Thread 0x00000000021df000 Threw 0x00000000eaee27b0 at C:\re\jdk7u75\1940\hotspot\src\share\vm\prims\jvm.cpp:1281
Event: 2.676 Thread 0x00000000021df000 Threw 0x00000000eaee5168 at C:\re\jdk7u75\1940\hotspot\src\share\vm\prims\jvm.cpp:1281
Event: 2.680 Thread 0x00000000021df000 Threw 0x00000000eaeee6a0 at C:\re\jdk7u75\1940\hotspot\src\share\vm\prims\jvm.cpp:1281
Event: 2.686 Thread 0x00000000021df000 Threw 0x00000000eaefa7b0 at C:\re\jdk7u75\1940\hotspot\src\share\vm\prims\jvm.cpp:1281
Event: 2.688 Thread 0x00000000021df000 Threw 0x00000000eaeffaa0 at C:\re\jdk7u75\1940\hotspot\src\share\vm\prims\jvm.cpp:1281
Event: 2.693 Thread 0x00000000021df000 Threw 0x00000000eaf06c08 at C:\re\jdk7u75\1940\hotspot\src\share\vm\prims\jvm.cpp:1281
Event: 2.704 Thread 0x00000000021df000 Threw 0x00000000eaf097c8 at C:\re\jdk7u75\1940\hotspot\src\share\vm\prims\jvm.cpp:1281

Events (10 events):
Event: 2.801 loading class 0x000000000a227870 done
Event: 2.802 loading class 0x0000000002281d50
Event: 2.803 loading class 0x0000000002281d50 done
Event: 2.803 loading class 0x000000000a228d90
Event: 2.803 loading class 0x000000000a228d90 done
Event: 2.804 loading class 0x000000000a226760
Event: 2.804 loading class 0x000000000a226760 done
Event: 2.805 loading class 0x000000000a226e70
Event: 2.806 loading class 0x000000000a226e70 done
Event: 2.806 loading class 0x000000000a2bbcb0


Dynamic libraries:
0x000000013fe20000 - 0x000000013fe53000 	C:\Program Files\Java\jdk1.7.0_75\bin\java.exe
0x0000000076fa0000 - 0x0000000077149000 	C:\Windows\SYSTEM32\ntdll.dll
0x0000000076d80000 - 0x0000000076ea0000 	C:\Windows\system32\kernel32.dll
0x000007fefcda0000 - 0x000007fefce0c000 	C:\Windows\system32\KERNELBASE.dll
0x000007fefece0000 - 0x000007fefedbb000 	C:\Windows\system32\ADVAPI32.dll
0x000007fefeb90000 - 0x000007fefec2f000 	C:\Windows\system32\msvcrt.dll
0x000007fefd4f0000 - 0x000007fefd50f000 	C:\Windows\SYSTEM32\sechost.dll
0x000007fefd510000 - 0x000007fefd63d000 	C:\Windows\system32\RPCRT4.dll
0x0000000076ea0000 - 0x0000000076f9a000 	C:\Windows\system32\USER32.dll
0x000007fefe670000 - 0x000007fefe6d7000 	C:\Windows\system32\GDI32.dll
0x000007fefeae0000 - 0x000007fefeaee000 	C:\Windows\system32\LPK.dll
0x000007fefd420000 - 0x000007fefd4e9000 	C:\Windows\system32\USP10.dll
0x000007fefb5a0000 - 0x000007fefb794000 	C:\Windows\WinSxS\amd64_microsoft.windows.common-controls_6595b64144ccf1df_6.0.7601.18837_none_fa3b1e3d17594757\COMCTL32.dll
0x000007fefec30000 - 0x000007fefeca1000 	C:\Windows\system32\SHLWAPI.dll
0x000007fefecb0000 - 0x000007fefecde000 	C:\Windows\system32\IMM32.DLL
0x000007fefd100000 - 0x000007fefd209000 	C:\Windows\system32\MSCTF.dll
0x0000000078af0000 - 0x0000000078bc2000 	C:\Program Files\Java\jdk1.7.0_75\jre\bin\msvcr100.dll
0x000000006ecf0000 - 0x000000006f4c4000 	C:\Program Files\Java\jdk1.7.0_75\jre\bin\server\jvm.dll
0x000007fef85a0000 - 0x000007fef85a9000 	C:\Windows\system32\WSOCK32.dll
0x000007fefd6a0000 - 0x000007fefd6ed000 	C:\Windows\system32\WS2_32.dll
0x000007fefd6f0000 - 0x000007fefd6f8000 	C:\Windows\system32\NSI.dll
0x000007fefaa70000 - 0x000007fefaaab000 	C:\Windows\system32\WINMM.dll
0x0000000077170000 - 0x0000000077177000 	C:\Windows\system32\PSAPI.DLL
0x0000000071f00000 - 0x0000000071f0f000 	C:\Program Files\Java\jdk1.7.0_75\jre\bin\verify.dll
0x00000000602c0000 - 0x00000000602e8000 	C:\Program Files\Java\jdk1.7.0_75\jre\bin\java.dll
0x00000000602a0000 - 0x00000000602b5000 	C:\Program Files\Java\jdk1.7.0_75\jre\bin\zip.dll
0x0000000060280000 - 0x0000000060299000 	C:\Program Files\Java\jdk1.7.0_75\jre\bin\net.dll
0x000007fefc1e0000 - 0x000007fefc235000 	C:\Windows\system32\mswsock.dll
0x000007fefc1d0000 - 0x000007fefc1d7000 	C:\Windows\System32\wship6.dll
0x0000000060260000 - 0x0000000060271000 	C:\Program Files\Java\jdk1.7.0_75\jre\bin\nio.dll

VM Arguments:
jvm_args: -Djava.awt.headless=true -Xmx1024M -Dfile.encoding=windows-1252 -Duser.country=US -Duser.language=en -Duser.variant 
java_command: com.android.dx.command.Main --dex --num-threads=4 --output C:\Users\Work\AndroidStudioProjects\LocationTeleporterRand\app\build\intermediates\pre-dexed\debug\support-annotations-23.1.1_0c96fd5d424a8894774880d41bd003ce665532bf.jar C:\android-sdk-windows\extras\android\m2repository\com\android\support\support-annotations\23.1.1\support-annotations-23.1.1.jar
Launcher Type: SUN_STANDARD

Environment Variables:
PATH=C:\ProgramData\Oracle\Java\javapath;C:\Windows\system32;C:\Windows;C:\Windows\System32\Wbem;C:\Windows\System32\WindowsPowerShell\v1.0\;C:\Program Files\Broadcom\Broadcom 802.11\Driver;C:\Program Files (x86)\ATI Technologies\ATI.ACE\Core-Static;C:\MinGW\bin;c:\Program Files (x86)\Microsoft SQL Server\100\Tools\Binn\;c:\Program Files\Microsoft SQL Server\100\Tools\Binn\;c:\Program Files\Microsoft SQL Server\100\DTS\Binn\;C:\Program Files\Microsoft\Web Platform Installer\;C:\Program Files\Microsoft SQL Server\Client SDK\ODBC\110\Tools\Binn\;C:\Program Files (x86)\Microsoft SQL Server\120\Tools\Binn\;C:\Program Files\Microsoft SQL Server\120\Tools\Binn\;C:\Program Files\Microsoft SQL Server\120\DTS\Binn\;C:\Program Files\Microsoft SQL Server\110\Tools\Binn\;C:\Program Files (x86)\Microsoft SDKs\TypeScript\1.0\;C:\wamp\bin\php\php5.5.12;C:\ProgramData\ComposerSetup\bin;C:\Python27;C:\Python27\Scripts;C:\Program Files\TortoiseSVN\bin;C:\Program Files (x86)\Heroku\bin;C:\Program Files (x86)\git\cmd;C:\Program Files (x86)\Brackets\command;C:\HOMEPATH\AppData\Roaming\Composer\vendor\bin;C:\Program Files (x86)\Skype\Phone\;C:\Program Files\nodejs\;c:\Program Files\Java\jdk1.7.0_75\bin;C:\Users\Work\AppData\Roaming\npm
USERNAME=Work
OS=Windows_NT
PROCESSOR_IDENTIFIER=Intel64 Family 6 Model 42 Stepping 7, GenuineIntel



---------------  S Y S T E M  ---------------

OS: Windows 7 , 64 bit Build 7601 Service Pack 1

CPU:total 4 (2 cores per cpu, 2 threads per core) family 6 model 42 stepping 7, cmov, cx8, fxsr, mmx, sse, sse2, sse3, ssse3, sse4.1, sse4.2, popcnt, avx, aes, ht, tsc, tscinvbit

Memory: 4k page, physical 4140912k(731032k free), swap 7890444k(154880k free)

vm_info: Java HotSpot(TM) 64-Bit Server VM (24.75-b04) for windows-amd64 JRE (1.7.0_75-b13), built on Dec 18 2014 17:15:01 by "java_re" with unknown MS VC++:1600

time: Sat May 07 19:59:51 2016
elapsed time: 3 seconds

