#
# There is insufficient memory for the Java Runtime Environment to continue.
# Native memory allocation (malloc) failed to allocate 1950176 bytes for Chunk::new
# Possible reasons:
#   The system is out of physical RAM or swap space
#   In 32 bit mode, the process size limit was hit
# Possible solutions:
#   Reduce memory load on the system
#   Increase physical memory or swap space
#   Check if swap backing store is full
#   Use 64 bit Java on a 64 bit OS
#   Decrease Java heap size (-Xmx/-Xms)
#   Decrease number of Java threads
#   Decrease Java thread stack sizes (-Xss)
#   Set larger code cache with -XX:ReservedCodeCacheSize=
# This output file may be truncated or incomplete.
#
#  Out of Memory Error (allocation.cpp:323), pid=14092, tid=14168
#
# JRE version: Java(TM) SE Runtime Environment (7.0_75-b13) (build 1.7.0_75-b13)
# Java VM: Java HotSpot(TM) 64-Bit Server VM (24.75-b04 mixed mode windows-amd64 compressed oops)
# Failed to write core dump. Minidumps are not enabled by default on client versions of Windows
#

---------------  T H R E A D  ---------------

Current thread (0x0000000008520800):  JavaThread "C2 CompilerThread0" daemon [_thread_in_native, id=14168, stack(0x0000000009c20000,0x0000000009d20000)]

Stack: [0x0000000009c20000,0x0000000009d20000]
[error occurred during error reporting (printing stack bounds), id 0xc0000005]


Current CompileTask:
C2:  15011  873   !         com.android.dx.dex.cf.CfTranslator::processMethods (583 bytes)


---------------  P R O C E S S  ---------------

Java Threads: ( => current thread )
  0x000000000a2fc000 JavaThread "pool-1-thread-1" [_thread_in_Java, id=14212, stack(0x0000000009a10000,0x0000000009b10000)]
  0x0000000008524800 JavaThread "Service Thread" daemon [_thread_blocked, id=14176, stack(0x000000000a030000,0x000000000a130000)]
  0x0000000008523800 JavaThread "C2 CompilerThread1" daemon [_thread_in_native, id=14172, stack(0x0000000009de0000,0x0000000009ee0000)]
=>0x0000000008520800 JavaThread "C2 CompilerThread0" daemon [_thread_in_native, id=14168, stack(0x0000000009c20000,0x0000000009d20000)]
  0x000000000851d000 JavaThread "Attach Listener" daemon [_thread_blocked, id=14164, stack(0x0000000009b10000,0x0000000009c10000)]
  0x0000000008518000 JavaThread "Signal Dispatcher" daemon [_thread_blocked, id=14160, stack(0x00000000094a0000,0x00000000095a0000)]
  0x00000000084c8000 JavaThread "Finalizer" daemon [_thread_blocked, id=14152, stack(0x00000000098f0000,0x00000000099f0000)]
  0x00000000084c1000 JavaThread "Reference Handler" daemon [_thread_blocked, id=14148, stack(0x0000000009750000,0x0000000009850000)]
  0x0000000001d0f000 JavaThread "main" [_thread_blocked, id=14124, stack(0x0000000002240000,0x0000000002340000)]

Other Threads:
  0x00000000084bb800 VMThread [stack: 0x00000000095f0000,0x00000000096f0000] [id=14144]
  0x000000000853f800 WatcherThread [stack: 0x0000000009f00000,0x000000000a000000] [id=14180]

VM state:not at safepoint (normal execution)

VM Mutex/Monitor currently owned by a thread: None

Heap
 PSYoungGen      total 148480K, used 100585K [0x00000000eaa80000, 0x00000000fad80000, 0x0000000100000000)
  eden space 129024K, 77% used [0x00000000eaa80000,0x00000000f0cba460,0x00000000f2880000)
  from space 19456K, 0% used [0x00000000f2880000,0x00000000f2880000,0x00000000f3b80000)
  to   space 29184K, 0% used [0x00000000f9100000,0x00000000f9100000,0x00000000fad80000)
 ParOldGen       total 48128K, used 47996K [0x00000000c0000000, 0x00000000c2f00000, 0x00000000eaa80000)
  object space 48128K, 99% used [0x00000000c0000000,0x00000000c2edf120,0x00000000c2f00000)
 PSPermGen       total 21504K, used 6115K [0x00000000bae00000, 0x00000000bc300000, 0x00000000c0000000)
  object space 21504K, 28% used [0x00000000bae00000,0x00000000bb3f8e20,0x00000000bc300000)

Card table byte_map: [0x0000000005400000,0x0000000005630000] byte_map_base: 0x0000000004e29000

Polling page: 0x0000000000330000

Code Cache  [0x0000000002340000, 0x00000000026a0000, 0x0000000005340000)
 total_blobs=1156 nmethods=919 adapters=189 free_code_cache=45895Kb largest_free_block=46816384

Compilation events (10 events):
Event: 14.882 Thread 0x0000000008523800 nmethod 921 0x0000000002515fd0 code [0x0000000002516140, 0x00000000025164e8]
Event: 14.882 Thread 0x0000000008523800  922             com.android.dx.ssa.MoveParamCombiner::process (12 bytes)
Event: 14.883 Thread 0x0000000008523800 nmethod 922 0x0000000002518190 code [0x00000000025182e0, 0x00000000025183a8]
Event: 14.883 Thread 0x0000000008523800  923             com.android.dx.ssa.LiteralOpUpgrader$1::<init> (15 bytes)
Event: 14.883 Thread 0x0000000008523800 nmethod 923 0x0000000002515d10 code [0x0000000002515e40, 0x0000000002515eb8]
Event: 14.883 Thread 0x0000000008523800  924             com.android.dx.ssa.SsaMethod::newFromRopMethod (18 bytes)
Event: 14.898 Thread 0x0000000008523800 nmethod 924 0x0000000002516ed0 code [0x0000000002517060, 0x00000000025176e8]
Event: 14.898 Thread 0x0000000008523800  925             com.android.dx.ssa.SsaConverter::convertToSsaMethod (41 bytes)
Event: 14.933 Thread 0x0000000008523800 nmethod 925 0x00000000026121d0 code [0x0000000002612440, 0x00000000026132c0]
Event: 14.933 Thread 0x0000000008523800  926             com.android.dx.ssa.SsaMethod::<init> (50 bytes)

GC Heap History (10 events):
Event: 11.103 GC heap before
{Heap before GC invocations=11 (full 2):
 PSYoungGen      total 148480K, used 139215K [0x00000000eaa80000, 0x00000000fad80000, 0x0000000100000000)
  eden space 129024K, 100% used [0x00000000eaa80000,0x00000000f2880000,0x00000000f2880000)
  from space 19456K, 52% used [0x00000000f2880000,0x00000000f3273f90,0x00000000f3b80000)
  to   space 29184K, 0% used [0x00000000f9100000,0x00000000f9100000,0x00000000fad80000)
 ParOldGen       total 48128K, used 47756K [0x00000000c0000000, 0x00000000c2f00000, 0x00000000eaa80000)
  object space 48128K, 99% used [0x00000000c0000000,0x00000000c2ea3120,0x00000000c2f00000)
 PSPermGen       total 21504K, used 6014K [0x00000000bae00000, 0x00000000bc300000, 0x00000000c0000000)
  object space 21504K, 27% used [0x00000000bae00000,0x00000000bb3dfaa8,0x00000000bc300000)
Event: 11.548 GC heap after
Heap after GC invocations=11 (full 2):
 PSYoungGen      total 148480K, used 28414K [0x00000000eaa80000, 0x00000000fad80000, 0x0000000100000000)
  eden space 129024K, 22% used [0x00000000eaa80000,0x00000000ec63f868,0x00000000f2880000)
  from space 19456K, 0% used [0x00000000f2880000,0x00000000f2880000,0x00000000f3b80000)
  to   space 29184K, 0% used [0x00000000f9100000,0x00000000f9100000,0x00000000fad80000)
 ParOldGen       total 48128K, used 48044K [0x00000000c0000000, 0x00000000c2f00000, 0x00000000eaa80000)
  object space 48128K, 99% used [0x00000000c0000000,0x00000000c2eeb3b0,0x00000000c2f00000)
 PSPermGen       total 21504K, used 6014K [0x00000000bae00000, 0x00000000bc300000, 0x00000000c0000000)
  object space 21504K, 27% used [0x00000000bae00000,0x00000000bb3df9e8,0x00000000bc300000)
}
Event: 12.031 GC heap before
{Heap before GC invocations=12 (full 3):
 PSYoungGen      total 148480K, used 129024K [0x00000000eaa80000, 0x00000000fad80000, 0x0000000100000000)
  eden space 129024K, 100% used [0x00000000eaa80000,0x00000000f2880000,0x00000000f2880000)
  from space 19456K, 0% used [0x00000000f2880000,0x00000000f2880000,0x00000000f3b80000)
  to   space 29184K, 0% used [0x00000000f9100000,0x00000000f9100000,0x00000000fad80000)
 ParOldGen       total 48128K, used 48044K [0x00000000c0000000, 0x00000000c2f00000, 0x00000000eaa80000)
  object space 48128K, 99% used [0x00000000c0000000,0x00000000c2eeb3b0,0x00000000c2f00000)
 PSPermGen       total 21504K, used 6030K [0x00000000bae00000, 0x00000000bc300000, 0x00000000c0000000)
  object space 21504K, 28% used [0x00000000bae00000,0x00000000bb3e3b50,0x00000000bc300000)
Event: 12.428 GC heap after
Heap after GC invocations=12 (full 3):
 PSYoungGen      total 148480K, used 44036K [0x00000000eaa80000, 0x00000000fad80000, 0x0000000100000000)
  eden space 129024K, 34% used [0x00000000eaa80000,0x00000000ed581370,0x00000000f2880000)
  from space 19456K, 0% used [0x00000000f2880000,0x00000000f2880000,0x00000000f3b80000)
  to   space 29184K, 0% used [0x00000000f9100000,0x00000000f9100000,0x00000000fad80000)
 ParOldGen       total 48128K, used 47996K [0x00000000c0000000, 0x00000000c2f00000, 0x00000000eaa80000)
  object space 48128K, 99% used [0x00000000c0000000,0x00000000c2edf120,0x00000000c2f00000)
 PSPermGen       total 21504K, used 6030K [0x00000000bae00000, 0x00000000bc300000, 0x00000000c0000000)
  object space 21504K, 28% used [0x00000000bae00000,0x00000000bb3e3ab0,0x00000000bc300000)
}
Event: 12.858 GC heap before
{Heap before GC invocations=13 (full 4):
 PSYoungGen      total 148480K, used 129024K [0x00000000eaa80000, 0x00000000fad80000, 0x0000000100000000)
  eden space 129024K, 100% used [0x00000000eaa80000,0x00000000f2880000,0x00000000f2880000)
  from space 19456K, 0% used [0x00000000f2880000,0x00000000f2880000,0x00000000f3b80000)
  to   space 29184K, 0% used [0x00000000f9100000,0x00000000f9100000,0x00000000fad80000)
 ParOldGen       total 48128K, used 47996K [0x00000000c0000000, 0x00000000c2f00000, 0x00000000eaa80000)
  object space 48128K, 99% used [0x00000000c0000000,0x00000000c2edf120,0x00000000c2f00000)
 PSPermGen       total 21504K, used 6042K [0x00000000bae00000, 0x00000000bc300000, 0x00000000c0000000)
  object space 21504K, 28% used [0x00000000bae00000,0x00000000bb3e6be0,0x00000000bc300000)
Event: 13.308 GC heap after
Heap after GC invocations=13 (full 4):
 PSYoungGen      total 148480K, used 56590K [0x00000000eaa80000, 0x00000000fad80000, 0x0000000100000000)
  eden space 129024K, 43% used [0x00000000eaa80000,0x00000000ee1c3bf8,0x00000000f2880000)
  from space 19456K, 0% used [0x00000000f2880000,0x00000000f2880000,0x00000000f3b80000)
  to   space 29184K, 0% used [0x00000000f9100000,0x00000000f9100000,0x00000000fad80000)
 ParOldGen       total 48128K, used 47996K [0x00000000c0000000, 0x00000000c2f00000, 0x00000000eaa80000)
  object space 48128K, 99% used [0x00000000c0000000,0x00000000c2edf120,0x00000000c2f00000)
 PSPermGen       total 21504K, used 6042K [0x00000000bae00000, 0x00000000bc300000, 0x00000000c0000000)
  object space 21504K, 28% used [0x00000000bae00000,0x00000000bb3e6b80,0x00000000bc300000)
}
Event: 13.470 GC heap before
{Heap before GC invocations=14 (full 5):
 PSYoungGen      total 148480K, used 129024K [0x00000000eaa80000, 0x00000000fad80000, 0x0000000100000000)
  eden space 129024K, 100% used [0x00000000eaa80000,0x00000000f2880000,0x00000000f2880000)
  from space 19456K, 0% used [0x00000000f2880000,0x00000000f2880000,0x00000000f3b80000)
  to   space 29184K, 0% used [0x00000000f9100000,0x00000000f9100000,0x00000000fad80000)
 ParOldGen       total 48128K, used 47996K [0x00000000c0000000, 0x00000000c2f00000, 0x00000000eaa80000)
  object space 48128K, 99% used [0x00000000c0000000,0x00000000c2edf120,0x00000000c2f00000)
 PSPermGen       total 21504K, used 6046K [0x00000000bae00000, 0x00000000bc300000, 0x00000000c0000000)
  object space 21504K, 28% used [0x00000000bae00000,0x00000000bb3e7ad0,0x00000000bc300000)
Event: 13.918 GC heap after
Heap after GC invocations=14 (full 5):
 PSYoungGen      total 148480K, used 67492K [0x00000000eaa80000, 0x00000000fad80000, 0x0000000100000000)
  eden space 129024K, 52% used [0x00000000eaa80000,0x00000000eec69200,0x00000000f2880000)
  from space 19456K, 0% used [0x00000000f2880000,0x00000000f2880000,0x00000000f3b80000)
  to   space 29184K, 0% used [0x00000000f9100000,0x00000000f9100000,0x00000000fad80000)
 ParOldGen       total 48128K, used 47996K [0x00000000c0000000, 0x00000000c2f00000, 0x00000000eaa80000)
  object space 48128K, 99% used [0x00000000c0000000,0x00000000c2edf120,0x00000000c2f00000)
 PSPermGen       total 21504K, used 6046K [0x00000000bae00000, 0x00000000bc300000, 0x00000000c0000000)
  object space 21504K, 28% used [0x00000000bae00000,0x00000000bb3e7ab0,0x00000000bc300000)
}
Event: 14.117 GC heap before
{Heap before GC invocations=15 (full 6):
 PSYoungGen      total 148480K, used 129024K [0x00000000eaa80000, 0x00000000fad80000, 0x0000000100000000)
  eden space 129024K, 100% used [0x00000000eaa80000,0x00000000f2880000,0x00000000f2880000)
  from space 19456K, 0% used [0x00000000f2880000,0x00000000f2880000,0x00000000f3b80000)
  to   space 29184K, 0% used [0x00000000f9100000,0x00000000f9100000,0x00000000fad80000)
 ParOldGen       total 48128K, used 47996K [0x00000000c0000000, 0x00000000c2f00000, 0x00000000eaa80000)
  object space 48128K, 99% used [0x00000000c0000000,0x00000000c2edf120,0x00000000c2f00000)
 PSPermGen       total 21504K, used 6055K [0x00000000bae00000, 0x00000000bc300000, 0x00000000c0000000)
  object space 21504K, 28% used [0x00000000bae00000,0x00000000bb3e9dd0,0x00000000bc300000)
Event: 14.678 GC heap after
Heap after GC invocations=15 (full 6):
 PSYoungGen      total 148480K, used 76023K [0x00000000eaa80000, 0x00000000fad80000, 0x0000000100000000)
  eden space 129024K, 58% used [0x00000000eaa80000,0x00000000ef4bde88,0x00000000f2880000)
  from space 19456K, 0% used [0x00000000f2880000,0x00000000f2880000,0x00000000f3b80000)
  to   space 29184K, 0% used [0x00000000f9100000,0x00000000f9100000,0x00000000fad80000)
 ParOldGen       total 48128K, used 47996K [0x00000000c0000000, 0x00000000c2f00000, 0x00000000eaa80000)
  object space 48128K, 99% used [0x00000000c0000000,0x00000000c2edf120,0x00000000c2f00000)
 PSPermGen       total 21504K, used 6055K [0x00000000bae00000, 0x00000000bc300000, 0x00000000c0000000)
  object space 21504K, 28% used [0x00000000bae00000,0x00000000bb3e9d50,0x00000000bc300000)
}

Deoptimization events (10 events):
Event: 11.611 Thread 0x000000000a31b800 Uncommon trap: reason=bimorphic action=maybe_recompile pc=0x00000000024b450c method=com.android.dx.ssa.LiteralOpUpgrader.tryReplacingWithConstant(Lcom/android/dx/ssa/NormalSsaInsn;)Z @ 62
Event: 11.615 Thread 0x000000000a31b800 Uncommon trap: reason=bimorphic action=maybe_recompile pc=0x00000000024b9830 method=com.android.dx.ssa.LiteralOpUpgrader.tryReplacingWithConstant(Lcom/android/dx/ssa/NormalSsaInsn;)Z @ 62
Event: 11.629 Thread 0x000000000a33b800 Uncommon trap: reason=class_check action=maybe_recompile pc=0x000000000252b954 method=com.android.dx.cf.code.RopperMachine.run(Lcom/android/dx/cf/code/Frame;II)V @ 1024
Event: 11.629 Thread 0x000000000a33b800 Uncommon trap: reason=class_check action=maybe_recompile pc=0x000000000252b954 method=com.android.dx.cf.code.RopperMachine.run(Lcom/android/dx/cf/code/Frame;II)V @ 1024
Event: 11.629 Thread 0x000000000a33b800 Uncommon trap: reason=class_check action=maybe_recompile pc=0x000000000252b954 method=com.android.dx.cf.code.RopperMachine.run(Lcom/android/dx/cf/code/Frame;II)V @ 1024
Event: 11.794 Thread 0x000000000a318800 Uncommon trap: reason=unreached action=reinterpret pc=0x00000000024adc60 method=com.android.dx.rop.code.LocalItem.compareHandlesNulls(Lcom/android/dx/rop/cst/CstString;Lcom/android/dx/rop/cst/CstString;)I @ 14
Event: 11.794 Thread 0x000000000a318800 Uncommon trap: reason=unreached action=reinterpret pc=0x00000000025517f0 method=com.android.dx.rop.code.LocalItem.compareHandlesNulls(Lcom/android/dx/rop/cst/CstString;Lcom/android/dx/rop/cst/CstString;)I @ 14
Event: 11.840 Thread 0x000000000a31b800 Uncommon trap: reason=unreached action=reinterpret pc=0x00000000024b2308 method=com.android.dx.rop.code.LocalItem.compareHandlesNulls(Lcom/android/dx/rop/cst/CstString;Lcom/android/dx/rop/cst/CstString;)I @ 14
Event: 11.840 Thread 0x000000000a31b800 Uncommon trap: reason=unreached action=reinterpret pc=0x000000000246173c method=com.android.dx.rop.code.LocalItem.compareHandlesNulls(Lcom/android/dx/rop/cst/CstString;Lcom/android/dx/rop/cst/CstString;)I @ 14
Event: 12.615 Thread 0x0000000001d0f000 Uncommon trap: reason=unreached action=reinterpret pc=0x00000000024da748 method=com.android.dx.cf.direct.StdAttributeFactory.parse0(Lcom/android/dx/cf/direct/DirectClassFile;ILjava/lang/String;IILcom/android/dx/cf/iface/ParseObserver;)Lcom/android/dx/cf/ifIRKñ8'@

Internal exceptions (10 events):
Event: 7.303 Thread 0x0000000001d0f000 Threw 0x00000000edb55e78 at C:\re\jdk7u75\1940\hotspot\src\share\vm\prims\jvm.cpp:1281
Event: 8.396 Thread 0x0000000001d0f000 Threw 0x00000000eaaea498 at C:\re\jdk7u75\1940\hotspot\src\share\vm\prims\jvm.cpp:1281
Event: 10.992 Thread 0x000000000a31b800 Implicit null exception at 0x0000000002607840 to 0x000000000260b171
Event: 11.794 Thread 0x000000000a318800 Implicit null exception at 0x00000000024ad162 to 0x00000000024adc3d
Event: 11.794 Thread 0x000000000a318800 Implicit null exception at 0x000000000255157c to 0x00000000025517dd
Event: 11.840 Thread 0x000000000a31b800 Implicit null exception at 0x00000000024b20a8 to 0x00000000024b22f5
Event: 11.840 Thread 0x000000000a31b800 Implicit null exception at 0x000000000246161c to 0x0000000002461729
Event: 14.047 Thread 0x000000000a318800 Threw 0x00000000f146ca28 at C:\re\jdk7u75\1940\hotspot\src\share\vm\prims\jvm.cpp:1281
Event: 14.897 Thread 0x0000000001d0f000 Threw 0x00000000f0aa7360 at C:\re\jdk7u75\1940\hotspot\src\share\vm\prims\jvm.cpp:1281
Event: 14.908 Thread 0x000000000a2fc000 Threw 0x00000000f0b7ef30 at C:\re\jdk7u75\1940\hotspot\src\share\vm\prims\jvm.cpp:1281

Events (10 events):
Event: 14.898 loading class 0x00000000020713c0
Event: 14.899 loading class 0x00000000020713c0 done
Event: 14.899 loading class 0x000000000a2d6290 done
Event: 14.899 loading class 0x0000000002071540 done
Event: 14.899 loading class 0x0000000002071510
Event: 14.899 loading class 0x0000000002071510 done
Event: 14.907 loading class 0x00000000020e6030
Event: 14.907 loading class 0x00000000020e6030 done
Event: 14.908 loading class 0x000000000a30fe20
Event: 14.908 loading class 0x000000000a30fe20 done


Dynamic libraries:
0x000000013f160000 - 0x000000013f193000 	C:\Program Files\Java\jdk1.7.0_75\bin\java.exe
0x0000000076fa0000 - 0x0000000077149000 	C:\Windows\SYSTEM32\ntdll.dll
0x0000000076d80000 - 0x0000000076ea0000 	C:\Windows\system32\kernel32.dll
0x000007fefcda0000 - 0x000007fefce0c000 	C:\Windows\system32\KERNELBASE.dll
0x000007fefece0000 - 0x000007fefedbb000 	C:\Windows\system32\ADVAPI32.dll
0x000007fefeb90000 - 0x000007fefec2f000 	C:\Windows\system32\msvcrt.dll
0x000007fefd4f0000 - 0x000007fefd50f000 	C:\Windows\SYSTEM32\sechost.dll
0x000007fefd510000 - 0x000007fefd63d000 	C:\Windows\system32\RPCRT4.dll
0x0000000076ea0000 - 0x0000000076f9a000 	C:\Windows\system32\USER32.dll
0x000007fefe670000 - 0x000007fefe6d7000 	C:\Windows\system32\GDI32.dll
0x000007fefeae0000 - 0x000007fefeaee000 	C:\Windows\system32\LPK.dll
0x000007fefd420000 - 0x000007fefd4e9000 	C:\Windows\system32\USP10.dll
0x000007fefb5a0000 - 0x000007fefb794000 	C:\Windows\WinSxS\amd64_microsoft.windows.common-controls_6595b64144ccf1df_6.0.7601.18837_none_fa3b1e3d17594757\COMCTL32.dll
0x000007fefec30000 - 0x000007fefeca1000 	C:\Windows\system32\SHLWAPI.dll
0x000007fefecb0000 - 0x000007fefecde000 	C:\Windows\system32\IMM32.DLL
0x000007fefd100000 - 0x000007fefd209000 	C:\Windows\system32\MSCTF.dll
0x000000006a3e0000 - 0x000000006a4b2000 	C:\Program Files\Java\jdk1.7.0_75\jre\bin\msvcr100.dll
0x000000006b0a0000 - 0x000000006b874000 	C:\Program Files\Java\jdk1.7.0_75\jre\bin\server\jvm.dll
0x000007fef85a0000 - 0x000007fef85a9000 	C:\Windows\system32\WSOCK32.dll
0x000007fefd6a0000 - 0x000007fefd6ed000 	C:\Windows\system32\WS2_32.dll
0x000007fefd6f0000 - 0x000007fefd6f8000 	C:\Windows\system32\NSI.dll
0x000007fefaa70000 - 0x000007fefaaab000 	C:\Windows\system32\WINMM.dll
0x0000000077170000 - 0x0000000077177000 	C:\Windows\system32\PSAPI.DLL
0x0000000071f00000 - 0x0000000071f0f000 	C:\Program Files\Java\jdk1.7.0_75\jre\bin\verify.dll
0x0000000071510000 - 0x0000000071538000 	C:\Program Files\Java\jdk1.7.0_75\jre\bin\java.dll
0x0000000070090000 - 0x00000000700a5000 	C:\Program Files\Java\jdk1.7.0_75\jre\bin\zip.dll
0x000000006f3d0000 - 0x000000006f3e9000 	C:\Program Files\Java\jdk1.7.0_75\jre\bin\net.dll
0x000007fefc1e0000 - 0x000007fefc235000 	C:\Windows\system32\mswsock.dll
0x000007fefc1d0000 - 0x000007fefc1d7000 	C:\Windows\System32\wship6.dll
0x000000006f3b0000 - 0x000000006f3c1000 	C:\Program Files\Java\jdk1.7.0_75\jre\bin\nio.dll

VM Arguments:
jvm_args: -Djava.awt.headless=true -Xmx1024M -Dfile.encoding=windows-1252 -Duser.country=US -Duser.language=en -Duser.variant 
java_command: com.android.dx.command.Main --dex --num-threads=4 --multi-dex --main-dex-list C:\Users\Work\AndroidStudioProjects\LocationTeleporterRand\app\build\intermediates\multi-dex\debug\maindexlist.txt --output C:\Users\Work\AndroidStudioProjects\LocationTeleporterRand\app\build\intermediates\transforms\dex\debug\folders\1000\1f\main C:\Users\Work\AndroidStudioProjects\LocationTeleporterRand\app\build\intermediates\transforms\jarMerging\debug\jars\1\1f\combined.jar
Launcher Type: SUN_STANDARD

Environment Variables:
PATH=C:\ProgramData\Oracle\Java\javapath;C:\Windows\system32;C:\Windows;C:\Windows\System32\Wbem;C:\Windows\System32\WindowsPowerShell\v1.0\;C:\Program Files\Broadcom\Broadcom 802.11\Driver;C:\Program Files (x86)\ATI Technologies\ATI.ACE\Core-Static;C:\MinGW\bin;c:\Program Files (x86)\Microsoft SQL Server\100\Tools\Binn\;c:\Program Files\Microsoft SQL Server\100\Tools\Binn\;c:\Program Files\Microsoft SQL Server\100\DTS\Binn\;C:\Program Files\Microsoft\Web Platform Installer\;C:\Program Files\Microsoft SQL Server\Client SDK\ODBC\110\Tools\Binn\;C:\Program Files (x86)\Microsoft SQL Server\120\Tools\Binn\;C:\Program Files\Microsoft SQL Server\120\Tools\Binn\;C:\Program Files\Microsoft SQL Server\120\DTS\Binn\;C:\Program Files\Microsoft SQL Server\110\Tools\Binn\;C:\Program Files (x86)\Microsoft SDKs\TypeScript\1.0\;C:\wamp\bin\php\php5.5.12;C:\ProgramData\ComposerSetup\bin;C:\Python27;C:\Python27\Scripts;C:\Program Files\TortoiseSVN\bin;C:\Program Files (x86)\Heroku\bin;C:\Program Files (x86)\git\cmd;C:\Program Files (x86)\Brackets\command;C:\HOMEPATH\AppData\Roaming\Composer\vendor\bin;C:\Program Files (x86)\Skype\Phone\;C:\Program Files\nodejs\;c:\Program Files\Java\jdk1.7.0_75\bin;C:\Users\Work\AppData\Roaming\npm
USERNAME=Work
OS=Windows_NT
PROCESSOR_IDENTIFIER=Intel64 Family 6 Model 42 Stepping 7, GenuineIntel



---------------  S Y S T E M  ---------------

OS: Windows 7 , 64 bit Build 7601 Service Pack 1

CPU:total 4 (2 cores per cpu, 2 threads per core) family 6 model 42 stepping 7, cmov, cx8, fxsr, mmx, sse, sse2, sse3, ssse3, sse4.1, sse4.2, popcnt, avx, aes, ht, tsc, tscinvbit

Memory: 4k page, physical 4140912k(455400k free), swap 7890444k(6968k free)

vm_info: Java HotSpot(TM) 64-Bit Server VM (24.75-b04) for windows-amd64 JRE (1.7.0_75-b13), built on Dec 18 2014 17:15:01 by "java_re" with unknown MS VC++:1600

time: Sun May 08 01:59:41 2016
elapsed time: 15 seconds

