#
# There is insufficient memory for the Java Runtime Environment to continue.
# Native memory allocation (malloc) failed to allocate 32744 bytes for ChunkPool::allocate
# Possible reasons:
#   The system is out of physical RAM or swap space
#   In 32 bit mode, the process size limit was hit
# Possible solutions:
#   Reduce memory load on the system
#   Increase physical memory or swap space
#   Check if swap backing store is full
#   Use 64 bit Java on a 64 bit OS
#   Decrease Java heap size (-Xmx/-Xms)
#   Decrease number of Java threads
#   Decrease Java thread stack sizes (-Xss)
#   Set larger code cache with -XX:ReservedCodeCacheSize=
# This output file may be truncated or incomplete.
#
#  Out of Memory Error (allocation.cpp:211), pid=7872, tid=8500
#
# JRE version: Java(TM) SE Runtime Environment (7.0_75-b13) (build 1.7.0_75-b13)
# Java VM: Java HotSpot(TM) 64-Bit Server VM (24.75-b04 mixed mode windows-amd64 compressed oops)
# Failed to write core dump. Minidumps are not enabled by default on client versions of Windows
#

---------------  T H R E A D  ---------------

Current thread (0x0000000008581000):  VMThread [stack: 0x00000000095d0000,0x00000000096d0000] [id=8500]

Stack: [0x00000000095d0000,0x00000000096d0000]
[error occurred during error reporting (printing stack bounds), id 0xc0000005]


[error occurred during error reporting (printing native stack), id 0xc0000005]

VM_Operation (0x0000000009b7f150): BulkRevokeBias, mode: safepoint, requested by thread 0x0000000008585800


---------------  P R O C E S S  ---------------

Java Threads: ( => current thread )
  0x000000000a661800 JavaThread "pool-2-thread-4" [_thread_blocked, id=8876, stack(0x000000000b080000,0x000000000b180000)]
  0x000000000a662000 JavaThread "pool-2-thread-3" [_thread_blocked, id=8476, stack(0x000000000ae50000,0x000000000af50000)]
  0x000000000a690000 JavaThread "pool-2-thread-2" [_thread_blocked, id=8848, stack(0x000000000acb0000,0x000000000adb0000)]
  0x000000000a68f000 JavaThread "pool-3-thread-1" [_thread_blocked, id=8676, stack(0x000000000ab70000,0x000000000ac70000)]
  0x000000000a560800 JavaThread "pool-2-thread-1" [_thread_blocked, id=8672, stack(0x000000000a200000,0x000000000a300000)]
  0x00000000085f2000 JavaThread "Service Thread" daemon [_thread_blocked, id=8660, stack(0x0000000009d10000,0x0000000009e10000)]
  0x00000000085e9000 JavaThread "C2 CompilerThread1" daemon [_thread_blocked, id=8592, stack(0x000000000a050000,0x000000000a150000)]
  0x00000000085e3000 JavaThread "C2 CompilerThread0" daemon [_thread_blocked, id=8648, stack(0x0000000009e70000,0x0000000009f70000)]
  0x00000000085e0000 JavaThread "Attach Listener" daemon [_thread_blocked, id=8512, stack(0x0000000009760000,0x0000000009860000)]
  0x00000000085db000 JavaThread "Signal Dispatcher" daemon [_thread_blocked, id=8788, stack(0x0000000009be0000,0x0000000009ce0000)]
  0x0000000008585800 JavaThread "Finalizer" daemon [_thread_blocked, id=8360, stack(0x0000000009a80000,0x0000000009b80000)]
  0x0000000008584000 JavaThread "Reference Handler" daemon [_thread_blocked, id=8708, stack(0x00000000098c0000,0x00000000099c0000)]
  0x00000000001af000 JavaThread "main" [_thread_blocked, id=8420, stack(0x00000000023d0000,0x00000000024d0000)]

Other Threads:
=>0x0000000008581000 VMThread [stack: 0x00000000095d0000,0x00000000096d0000] [id=8500]
  0x00000000085fb000 WatcherThread [stack: 0x000000000a340000,0x000000000a440000] [id=8820]

VM state:at safepoint (normal execution)

VM Mutex/Monitor currently owned by a thread:  ([mutex/lock_event])
[0x00000000001aca80] Threads_lock - owner thread: 0x0000000008581000

Heap
 PSYoungGen      total 148480K, used 14693K [0x00000000eaa80000, 0x00000000f4c80000, 0x0000000100000000)
  eden space 133120K, 3% used [0x00000000eaa80000,0x00000000eaf697a0,0x00000000f2c80000)
  from space 15360K, 62% used [0x00000000f2c80000,0x00000000f35efee8,0x00000000f3b80000)
  to   space 13312K, 0% used [0x00000000f3b80000,0x00000000f3b80000,0x00000000f4880000)
 ParOldGen       total 88576K, used 44394K [0x00000000c0000000, 0x00000000c5680000, 0x00000000eaa80000)
  object space 88576K, 50% used [0x00000000c0000000,0x00000000c2b5a9c0,0x00000000c5680000)
 PSPermGen       total 21504K, used 6005K [0x00000000bae00000, 0x00000000bc300000, 0x00000000c0000000)
  object space 21504K, 27% used [0x00000000bae00000,0x00000000bb3dd730,0x00000000bc300000)

Card table byte_map: [0x00000000054d0000,0x0000000005700000] byte_map_base: 0x0000000004ef9000

Polling page: 0x0000000000140000

Code Cache  [0x00000000024d0000, 0x00000000027b0000, 0x00000000054d0000)
 total_blobs=953 nmethods=714 adapters=189 free_code_cache=46274Kb largest_free_block=47348672

Compilation events (10 events):
Event: 10.323 Thread 0x00000000085e3000 nmethod 717 0x0000000002789bd0 code [0x0000000002789d60, 0x000000000278a498]
Event: 10.323 Thread 0x00000000085e3000  718             com.android.dx.cf.attrib.BaseAttribute::<init> (24 bytes)
Event: 10.324 Thread 0x00000000085e3000 nmethod 718 0x0000000002789990 code [0x0000000002789ac0, 0x0000000002789b38]
Event: 10.324 Thread 0x00000000085e3000  719             com.android.dx.cf.iface.StdAttributeList::set (7 bytes)
Event: 10.325 Thread 0x00000000085e3000 nmethod 719 0x00000000027895d0 code [0x0000000002789720, 0x0000000002789818]
Event: 10.325 Thread 0x00000000085e3000  720             com.android.dx.rop.code.RegisterSpecSet::<init> (27 bytes)
Event: 10.326 Thread 0x00000000085e3000 nmethod 720 0x000000000279a910 code [0x000000000279aa60, 0x000000000279ab78]
Event: 10.326 Thread 0x00000000085e3000  721             com.android.dx.rop.cst.CstMemberRef::<init> (43 bytes)
Event: 10.327 Thread 0x00000000085e3000 nmethod 721 0x0000000002789310 code [0x0000000002789440, 0x00000000027894f8]
Event: 10.327 Thread 0x00000000085e3000  722   !         com.android.dx.cf.code.Ropper::processBlock (1101 bytes)

GC Heap History (10 events):
Event: 5.862 GC heap before
{Heap before GC invocations=4 (full 0):
 PSYoungGen      total 36352K, used 36348K [0x00000000eaa80000, 0x00000000ef180000, 0x0000000100000000)
  eden space 33792K, 100% used [0x00000000eaa80000,0x00000000ecb80000,0x00000000ecb80000)
  from space 2560K, 99% used [0x00000000ecb80000,0x00000000ecdff390,0x00000000ece00000)
  to   space 2560K, 0% used [0x00000000eef00000,0x00000000eef00000,0x00000000ef180000)
 ParOldGen       total 43008K, used 9931K [0x00000000c0000000, 0x00000000c2a00000, 0x00000000eaa80000)
  object space 43008K, 23% used [0x00000000c0000000,0x00000000c09b2e68,0x00000000c2a00000)
 PSPermGen       total 21504K, used 5867K [0x00000000bae00000, 0x00000000bc300000, 0x00000000c0000000)
  object space 21504K, 27% used [0x00000000bae00000,0x00000000bb3bae98,0x00000000bc300000)
Event: 5.887 GC heap after
Heap after GC invocations=4 (full 0):
 PSYoungGen      total 70144K, used 2538K [0x00000000eaa80000, 0x00000000ef180000, 0x0000000100000000)
  eden space 67584K, 0% used [0x00000000eaa80000,0x00000000eaa80000,0x00000000eec80000)
  from space 2560K, 99% used [0x00000000eef00000,0x00000000ef17aad8,0x00000000ef180000)
  to   space 2560K, 0% used [0x00000000eec80000,0x00000000eec80000,0x00000000eef00000)
 ParOldGen       total 43008K, used 15357K [0x00000000c0000000, 0x00000000c2a00000, 0x00000000eaa80000)
  object space 43008K, 35% used [0x00000000c0000000,0x00000000c0eff4a0,0x00000000c2a00000)
 PSPermGen       total 21504K, used 5867K [0x00000000bae00000, 0x00000000bc300000, 0x00000000c0000000)
  object space 21504K, 27% used [0x00000000bae00000,0x00000000bb3bae98,0x00000000bc300000)
}
Event: 7.284 GC heap before
{Heap before GC invocations=5 (full 0):
 PSYoungGen      total 70144K, used 70122K [0x00000000eaa80000, 0x00000000ef180000, 0x0000000100000000)
  eden space 67584K, 100% used [0x00000000eaa80000,0x00000000eec80000,0x00000000eec80000)
  from space 2560K, 99% used [0x00000000eef00000,0x00000000ef17aad8,0x00000000ef180000)
  to   space 2560K, 0% used [0x00000000eec80000,0x00000000eec80000,0x00000000eef00000)
 ParOldGen       total 43008K, used 15357K [0x00000000c0000000, 0x00000000c2a00000, 0x00000000eaa80000)
  object space 43008K, 35% used [0x00000000c0000000,0x00000000c0eff4a0,0x00000000c2a00000)
 PSPermGen       total 21504K, used 5909K [0x00000000bae00000, 0x00000000bc300000, 0x00000000c0000000)
  object space 21504K, 27% used [0x00000000bae00000,0x00000000bb3c5750,0x00000000bc300000)
Event: 7.326 GC heap after
Heap after GC invocations=5 (full 0):
 PSYoungGen      total 70144K, used 2535K [0x00000000eaa80000, 0x00000000f4880000, 0x0000000100000000)
  eden space 67584K, 0% used [0x00000000eaa80000,0x00000000eaa80000,0x00000000eec80000)
  from space 2560K, 99% used [0x00000000eec80000,0x00000000eeef9f90,0x00000000eef00000)
  to   space 13312K, 0% used [0x00000000f3b80000,0x00000000f3b80000,0x00000000f4880000)
 ParOldGen       total 43008K, used 26076K [0x00000000c0000000, 0x00000000c2a00000, 0x00000000eaa80000)
  object space 43008K, 60% used [0x00000000c0000000,0x00000000c1977270,0x00000000c2a00000)
 PSPermGen       total 21504K, used 5909K [0x00000000bae00000, 0x00000000bc300000, 0x00000000c0000000)
  object space 21504K, 27% used [0x00000000bae00000,0x00000000bb3c5750,0x00000000bc300000)
}
Event: 8.269 GC heap before
{Heap before GC invocations=6 (full 0):
 PSYoungGen      total 70144K, used 70119K [0x00000000eaa80000, 0x00000000f4880000, 0x0000000100000000)
  eden space 67584K, 100% used [0x00000000eaa80000,0x00000000eec80000,0x00000000eec80000)
  from space 2560K, 99% used [0x00000000eec80000,0x00000000eeef9f90,0x00000000eef00000)
  to   space 13312K, 0% used [0x00000000f3b80000,0x00000000f3b80000,0x00000000f4880000)
 ParOldGen       total 43008K, used 26076K [0x00000000c0000000, 0x00000000c2a00000, 0x00000000eaa80000)
  object space 43008K, 60% used [0x00000000c0000000,0x00000000c1977270,0x00000000c2a00000)
 PSPermGen       total 21504K, used 5941K [0x00000000bae00000, 0x00000000bc300000, 0x00000000c0000000)
  object space 21504K, 27% used [0x00000000bae00000,0x00000000bb3cd678,0x00000000bc300000)
Event: 8.297 GC heap after
Heap after GC invocations=6 (full 0):
 PSYoungGen      total 146432K, used 13074K [0x00000000eaa80000, 0x00000000f4c80000, 0x0000000100000000)
  eden space 133120K, 0% used [0x00000000eaa80000,0x00000000eaa80000,0x00000000f2c80000)
  from space 13312K, 98% used [0x00000000f3b80000,0x00000000f48448e8,0x00000000f4880000)
  to   space 15360K, 0% used [0x00000000f2c80000,0x00000000f2c80000,0x00000000f3b80000)
 ParOldGen       total 43008K, used 26076K [0x00000000c0000000, 0x00000000c2a00000, 0x00000000eaa80000)
  object space 43008K, 60% used [0x00000000c0000000,0x00000000c1977270,0x00000000c2a00000)
 PSPermGen       total 21504K, used 5941K [0x00000000bae00000, 0x00000000bc300000, 0x00000000c0000000)
  object space 21504K, 27% used [0x00000000bae00000,0x00000000bb3cd678,0x00000000bc300000)
}
Event: 10.366 GC heap before
{Heap before GC invocations=7 (full 0):
 PSYoungGen      total 146432K, used 146194K [0x00000000eaa80000, 0x00000000f4c80000, 0x0000000100000000)
  eden space 133120K, 100% used [0x00000000eaa80000,0x00000000f2c80000,0x00000000f2c80000)
  from space 13312K, 98% used [0x00000000f3b80000,0x00000000f48448e8,0x00000000f4880000)
  to   space 15360K, 0% used [0x00000000f2c80000,0x00000000f2c80000,0x00000000f3b80000)
 ParOldGen       total 43008K, used 26076K [0x00000000c0000000, 0x00000000c2a00000, 0x00000000eaa80000)
  object space 43008K, 60% used [0x00000000c0000000,0x00000000c1977270,0x00000000c2a00000)
 PSPermGen       total 21504K, used 6009K [0x00000000bae00000, 0x00000000bc300000, 0x00000000c0000000)
  object space 21504K, 27% used [0x00000000bae00000,0x00000000bb3de750,0x00000000bc300000)
Event: 10.527 GC heap after
Heap after GC invocations=7 (full 0):
 PSYoungGen      total 148480K, used 15342K [0x00000000eaa80000, 0x00000000f4c80000, 0x0000000100000000)
  eden space 133120K, 0% used [0x00000000eaa80000,0x00000000eaa80000,0x00000000f2c80000)
  from space 15360K, 99% used [0x00000000f2c80000,0x00000000f3b7bb28,0x00000000f3b80000)
  to   space 13312K, 0% used [0x00000000f3b80000,0x00000000f3b80000,0x00000000f4880000)
 ParOldGen       total 44544K, used 44143K [0x00000000c0000000, 0x00000000c2b80000, 0x00000000eaa80000)
  object space 44544K, 99% used [0x00000000c0000000,0x00000000c2b1bcf8,0x00000000c2b80000)
 PSPermGen       total 21504K, used 6009K [0x00000000bae00000, 0x00000000bc300000, 0x00000000c0000000)
  object space 21504K, 27% used [0x00000000bae00000,0x00000000bb3de750,0x00000000bc300000)
}
Event: 10.527 GC heap before
{Heap before GC invocations=8 (full 1):
 PSYoungGen      total 148480K, used 15342K [0x00000000eaa80000, 0x00000000f4c80000, 0x0000000100000000)
  eden space 133120K, 0% used [0x00000000eaa80000,0x00000000eaa80000,0x00000000f2c80000)
  from space 15360K, 99% used [0x00000000f2c80000,0x00000000f3b7bb28,0x00000000f3b80000)
  to   space 13312K, 0% used [0x00000000f3b80000,0x00000000f3b80000,0x00000000f4880000)
 ParOldGen       total 44544K, used 44143K [0x00000000c0000000, 0x00000000c2b80000, 0x00000000eaa80000)
  object space 44544K, 99% used [0x00000000c0000000,0x00000000c2b1bcf8,0x00000000c2b80000)
 PSPermGen       total 21504K, used 6009K [0x00000000bae00000, 0x00000000bc300000, 0x00000000c0000000)
  object space 21504K, 27% used [0x00000000bae00000,0x00000000bb3de750,0x00000000bc300000)
Event: 11.299 GC heap after
Heap after GC invocations=8 (full 1):
 PSYoungGen      total 148480K, used 9663K [0x00000000eaa80000, 0x00000000f4c80000, 0x0000000100000000)
  eden space 133120K, 0% used [0x00000000eaa80000,0x00000000eaa80000,0x00000000f2c80000)
  from space 15360K, 62% used [0x00000000f2c80000,0x00000000f35efee8,0x00000000f3b80000)
  to   space 13312K, 0% used [0x00000000f3b80000,0x00000000f3b80000,0x00000000f4880000)
 ParOldGen       total 88576K, used 44394K [0x00000000c0000000, 0x00000000c5680000, 0x00000000eaa80000)
  object space 88576K, 50% used [0x00000000c0000000,0x00000000c2b5a9c0,0x00000000c5680000)
 PSPermGen       total 21504K, used 6005K [0x00000000bae00000, 0x00000000bc300000, 0x00000000c0000000)
  object space 21504K, 27% used [0x00000000bae00000,0x00000000bb3dd730,0x00000000bc300000)
}

Deoptimization events (10 events):
Event: 8.017 Thread 0x000000000a662000 Uncommon trap: reason=bimorphic action=maybe_recompile pc=0x000000000266a28c method=com.android.dx.cf.code.BytecodeArray.parseInstruction(ILcom/android/dx/cf/code/BytecodeArray$Visitor;)I @ 1035
Event: 8.017 Thread 0x000000000a662000 Uncommon trap: reason=bimorphic action=maybe_recompile pc=0x000000000266a148 method=com.android.dx.cf.code.BytecodeArray.parseInstruction(ILcom/android/dx/cf/code/BytecodeArray$Visitor;)I @ 987
Event: 8.017 Thread 0x000000000a662000 Uncommon trap: reason=bimorphic action=maybe_recompile pc=0x000000000266a460 method=com.android.dx.cf.code.BytecodeArray.parseInstruction(ILcom/android/dx/cf/code/BytecodeArray$Visitor;)I @ 1130
Event: 8.017 Thread 0x000000000a662000 Uncommon trap: reason=bimorphic action=maybe_recompile pc=0x000000000266a460 method=com.android.dx.cf.code.BytecodeArray.parseInstruction(ILcom/android/dx/cf/code/BytecodeArray$Visitor;)I @ 1130
Event: 8.018 Thread 0x000000000a662000 Uncommon trap: reason=class_check action=maybe_recompile pc=0x0000000002606244 method=com.android.dx.cf.code.Ropper.processBlock(Lcom/android/dx/cf/code/ByteBlock;Lcom/android/dx/cf/code/Frame;[I)V @ 777
Event: 8.781 Thread 0x000000000a661800 Uncommon trap: reason=class_check action=maybe_recompile pc=0x0000000002606244 method=com.android.dx.cf.code.Ropper.processBlock(Lcom/android/dx/cf/code/ByteBlock;Lcom/android/dx/cf/code/Frame;[I)V @ 777
Event: 8.782 Thread 0x000000000a661800 Uncommon trap: reason=class_check action=maybe_recompile pc=0x0000000002606244 method=com.android.dx.cf.code.Ropper.processBlock(Lcom/android/dx/cf/code/ByteBlock;Lcom/android/dx/cf/code/Frame;[I)V @ 777
Event: 9.214 Thread 0x000000000a661800 Uncommon trap: reason=class_check action=maybe_recompile pc=0x0000000002638b7c method=com.android.dx.ssa.SCCP.replaceConstants()V @ 127
Event: 10.254 Thread 0x000000000a690000 Uncommon trap: reason=class_check action=maybe_recompile pc=0x0000000002638b7c method=com.android.dx.ssa.SCCP.replaceConstants()V @ 127
Event: 10.298 Thread 0x000000000a661800 Uncommon trap: reason=unreached action=reinterpret pc=0x0000000002797834 method=com.android.dx.ssa.SsaMethod.onInsnRemoved(Lcom/android/dx/ssa/SsaInsn;)V @ 29

Internal exceptions (10 events):
Event: 2.582 Thread 0x000000000a560800 Threw 0x00000000eb215a58 at C:\re\jdk7u75\1940\hotspot\src\share\vm\prims\jvm.cpp:1281
Event: 2.732 Thread 0x00000000001af000 Threw 0x00000000eb57c2d8 at C:\re\jdk7u75\1940\hotspot\src\share\vm\prims\jvm.cpp:1281
Event: 3.105 Thread 0x000000000a690000 Threw 0x00000000eacbea98 at C:\re\jdk7u75\1940\hotspot\src\share\vm\prims\jvm.cpp:1281
Event: 3.320 Thread 0x00000000001af000 Implicit null exception at 0x000000000259b207 to 0x000000000259b8d1
Event: 5.213 Thread 0x00000000001af000 Threw 0x00000000eb611ff0 at C:\re\jdk7u75\1940\hotspot\src\share\vm\prims\jvm.cpp:1281
Event: 5.344 Thread 0x000000000a560800 Threw 0x00000000eb9333c8 at C:\re\jdk7u75\1940\hotspot\src\share\vm\prims\jvm.cpp:1281
Event: 5.854 Thread 0x000000000a661800 Implicit null exception at 0x00000000025f453c to 0x00000000025f5155
Event: 7.414 Thread 0x00000000001af000 Threw 0x00000000eb0651c0 at C:\re\jdk7u75\1940\hotspot\src\share\vm\prims\jvm.cpp:1281
Event: 8.807 Thread 0x00000000001af000 Threw 0x00000000ecc06e50 at C:\re\jdk7u75\1940\hotspot\src\share\vm\prims\jvm.cpp:1281
Event: 10.298 Thread 0x000000000a661800 Implicit null exception at 0x000000000279749e to 0x000000000279781d

Events (10 events):
Event: 11.317 Executing VM operation: RevokeBias done
Event: 11.317 Executing VM operation: RevokeBias
Event: 11.317 Executing VM operation: RevokeBias done
Event: 11.317 Executing VM operation: RevokeBias
Event: 11.317 Executing VM operation: RevokeBias done
Event: 11.317 Executing VM operation: RevokeBias
Event: 11.317 Executing VM operation: RevokeBias done
Event: 11.317 Executing VM operation: RevokeBias
Event: 11.317 Executing VM operation: RevokeBias done
Event: 11.317 Executing VM operation: BulkRevokeBias


Dynamic libraries:
0x000000013fe50000 - 0x000000013fe83000 	C:\Program Files\Java\jdk1.7.0_75\bin\java.exe
0x0000000077560000 - 0x0000000077709000 	C:\Windows\SYSTEM32\ntdll.dll
0x0000000077440000 - 0x0000000077560000 	C:\Windows\system32\kernel32.dll
0x000007fefd3d0000 - 0x000007fefd43c000 	C:\Windows\system32\KERNELBASE.dll
0x000007fefe4f0000 - 0x000007fefe5cb000 	C:\Windows\system32\ADVAPI32.dll
0x000007fefd6c0000 - 0x000007fefd75f000 	C:\Windows\system32\msvcrt.dll
0x000007feff290000 - 0x000007feff2af000 	C:\Windows\SYSTEM32\sechost.dll
0x000007feff160000 - 0x000007feff28d000 	C:\Windows\system32\RPCRT4.dll
0x0000000077340000 - 0x000000007743a000 	C:\Windows\system32\USER32.dll
0x000007fefe5d0000 - 0x000007fefe637000 	C:\Windows\system32\GDI32.dll
0x000007fefefb0000 - 0x000007fefefbe000 	C:\Windows\system32\LPK.dll
0x000007fefeb70000 - 0x000007fefec39000 	C:\Windows\system32\USP10.dll
0x000007fefbc30000 - 0x000007fefbe24000 	C:\Windows\WinSxS\amd64_microsoft.windows.common-controls_6595b64144ccf1df_6.0.7601.18837_none_fa3b1e3d17594757\COMCTL32.dll
0x000007fefeac0000 - 0x000007fefeb31000 	C:\Windows\system32\SHLWAPI.dll
0x000007fefeb40000 - 0x000007fefeb6e000 	C:\Windows\system32\IMM32.DLL
0x000007fefe9b0000 - 0x000007fefeab9000 	C:\Windows\system32\MSCTF.dll
0x000000006bad0000 - 0x000000006bba2000 	C:\Program Files\Java\jdk1.7.0_75\jre\bin\msvcr100.dll
0x000000006c160000 - 0x000000006c934000 	C:\Program Files\Java\jdk1.7.0_75\jre\bin\server\jvm.dll
0x000007fef9130000 - 0x000007fef9139000 	C:\Windows\system32\WSOCK32.dll
0x000007feff040000 - 0x000007feff08d000 	C:\Windows\system32\WS2_32.dll
0x000007feff090000 - 0x000007feff098000 	C:\Windows\system32\NSI.dll
0x000007fefab50000 - 0x000007fefab8b000 	C:\Windows\system32\WINMM.dll
0x0000000077730000 - 0x0000000077737000 	C:\Windows\system32\PSAPI.DLL
0x00000000743d0000 - 0x00000000743df000 	C:\Program Files\Java\jdk1.7.0_75\jre\bin\verify.dll
0x0000000073cd0000 - 0x0000000073cf8000 	C:\Program Files\Java\jdk1.7.0_75\jre\bin\java.dll
0x0000000073d10000 - 0x0000000073d25000 	C:\Program Files\Java\jdk1.7.0_75\jre\bin\zip.dll
0x00000000714b0000 - 0x00000000714c9000 	C:\Program Files\Java\jdk1.7.0_75\jre\bin\net.dll
0x000007fefc7a0000 - 0x000007fefc7f5000 	C:\Windows\system32\mswsock.dll
0x000007fefc790000 - 0x000007fefc797000 	C:\Windows\System32\wship6.dll
0x0000000071490000 - 0x00000000714a1000 	C:\Program Files\Java\jdk1.7.0_75\jre\bin\nio.dll

VM Arguments:
jvm_args: -Djava.awt.headless=true -Xmx1024M -Dfile.encoding=windows-1252 -Duser.country=US -Duser.language=en -Duser.variant 
java_command: com.android.dx.command.Main --dex --num-threads=4 --multi-dex --main-dex-list C:\Users\Work\AndroidStudioProjects\LocationTeleporterRand\app\build\intermediates\multi-dex\debug\maindexlist.txt --output C:\Users\Work\AndroidStudioProjects\LocationTeleporterRand\app\build\intermediates\transforms\dex\debug\folders\1000\1f\main C:\Users\Work\AndroidStudioProjects\LocationTeleporterRand\app\build\intermediates\transforms\jarMerging\debug\jars\1\1f\combined.jar
Launcher Type: SUN_STANDARD

Environment Variables:
PATH=C:\ProgramData\Oracle\Java\javapath;C:\Windows\system32;C:\Windows;C:\Windows\System32\Wbem;C:\Windows\System32\WindowsPowerShell\v1.0\;C:\Program Files\Broadcom\Broadcom 802.11\Driver;C:\Program Files (x86)\ATI Technologies\ATI.ACE\Core-Static;C:\MinGW\bin;c:\Program Files (x86)\Microsoft SQL Server\100\Tools\Binn\;c:\Program Files\Microsoft SQL Server\100\Tools\Binn\;c:\Program Files\Microsoft SQL Server\100\DTS\Binn\;C:\Program Files\Microsoft\Web Platform Installer\;C:\Program Files\Microsoft SQL Server\Client SDK\ODBC\110\Tools\Binn\;C:\Program Files (x86)\Microsoft SQL Server\120\Tools\Binn\;C:\Program Files\Microsoft SQL Server\120\Tools\Binn\;C:\Program Files\Microsoft SQL Server\120\DTS\Binn\;C:\Program Files\Microsoft SQL Server\110\Tools\Binn\;C:\Program Files (x86)\Microsoft SDKs\TypeScript\1.0\;C:\wamp\bin\php\php5.5.12;C:\ProgramData\ComposerSetup\bin;C:\Python27;C:\Python27\Scripts;C:\Program Files\TortoiseSVN\bin;C:\Program Files (x86)\Heroku\bin;C:\Program Files (x86)\git\cmd;C:\Program Files (x86)\Brackets\command;C:\HOMEPATH\AppData\Roaming\Composer\vendor\bin;C:\Program Files (x86)\Skype\Phone\;C:\Program Files\nodejs\;c:\Program Files\Java\jdk1.7.0_75\bin;C:\Users\Work\AppData\Roaming\npm
USERNAME=Work
OS=Windows_NT
PROCESSOR_IDENTIFIER=Intel64 Family 6 Model 42 Stepping 7, GenuineIntel



---------------  S Y S T E M  ---------------

OS: Windows 7 , 64 bit Build 7601 Service Pack 1

CPU:total 4 (2 cores per cpu, 2 threads per core) family 6 model 42 stepping 7, cmov, cx8, fxsr, mmx, sse, sse2, sse3, ssse3, sse4.1, sse4.2, popcnt, avx, aes, ht, tsc, tscinvbit

Memory: 4k page, physical 4140912k(706472k free), swap 5647216k(5096k free)

vm_info: Java HotSpot(TM) 64-Bit Server VM (24.75-b04) for windows-amd64 JRE (1.7.0_75-b13), built on Dec 18 2014 17:15:01 by "java_re" with unknown MS VC++:1600

time: Sun May 08 17:01:52 2016
elapsed time: 11 seconds

