#
# There is insufficient memory for the Java Runtime Environment to continue.
# Native memory allocation (malloc) failed to allocate 1658400 bytes for Chunk::new
# Possible reasons:
#   The system is out of physical RAM or swap space
#   In 32 bit mode, the process size limit was hit
# Possible solutions:
#   Reduce memory load on the system
#   Increase physical memory or swap space
#   Check if swap backing store is full
#   Use 64 bit Java on a 64 bit OS
#   Decrease Java heap size (-Xmx/-Xms)
#   Decrease number of Java threads
#   Decrease Java thread stack sizes (-Xss)
#   Set larger code cache with -XX:ReservedCodeCacheSize=
# This output file may be truncated or incomplete.
#
#  Out of Memory Error (allocation.cpp:323), pid=5484, tid=8112
#
# JRE version: Java(TM) SE Runtime Environment (7.0_75-b13) (build 1.7.0_75-b13)
# Java VM: Java HotSpot(TM) 64-Bit Server VM (24.75-b04 mixed mode windows-amd64 compressed oops)
# Failed to write core dump. Minidumps are not enabled by default on client versions of Windows
#

---------------  T H R E A D  ---------------

Current thread (0x0000000008339000):  JavaThread "C2 CompilerThread1" daemon [_thread_in_native, id=8112, stack(0x0000000009aa0000,0x0000000009ba0000)]

Stack: [0x0000000009aa0000,0x0000000009ba0000]
[error occurred during error reporting (printing stack bounds), id 0xc0000005]


Current CompileTask:
C2:  11312  878   !         com.android.dx.dex.cf.CfTranslator::processMethods (583 bytes)


---------------  P R O C E S S  ---------------

Java Threads: ( => current thread )
  0x000000000a167000 JavaThread "pool-1-thread-1" [_thread_in_vm, id=7920, stack(0x000000000a820000,0x000000000a920000)]
  0x0000000008341800 JavaThread "Service Thread" daemon [_thread_blocked, id=6212, stack(0x0000000009e90000,0x0000000009f90000)]
=>0x0000000008339000 JavaThread "C2 CompilerThread1" daemon [_thread_in_native, id=8112, stack(0x0000000009aa0000,0x0000000009ba0000)]
  0x0000000008333000 JavaThread "C2 CompilerThread0" daemon [_thread_in_native, id=7432, stack(0x0000000009830000,0x0000000009930000)]
  0x000000000832f800 JavaThread "Attach Listener" daemon [_thread_blocked, id=7092, stack(0x0000000009bb0000,0x0000000009cb0000)]
  0x000000000832a800 JavaThread "Signal Dispatcher" daemon [_thread_blocked, id=7872, stack(0x0000000009980000,0x0000000009a80000)]
  0x00000000082db000 JavaThread "Finalizer" daemon [_thread_blocked, id=5976, stack(0x00000000096e0000,0x00000000097e0000)]
  0x00000000082d4000 JavaThread "Reference Handler" daemon [_thread_blocked, id=7900, stack(0x00000000093a0000,0x00000000094a0000)]
  0x000000000019f000 JavaThread "main" [_thread_blocked, id=3532, stack(0x0000000002250000,0x0000000002350000)]

Other Threads:
  0x00000000082d1000 VMThread [stack: 0x0000000009500000,0x0000000009600000] [id=6352]
  0x000000000834b000 WatcherThread [stack: 0x0000000009d00000,0x0000000009e00000] [id=7684]

VM state:not at safepoint (normal execution)

VM Mutex/Monitor currently owned by a thread: None

Heap
 PSYoungGen      total 226816K, used 218291K [0x00000000eaa80000, 0x00000000fca00000, 0x0000000100000000)
  eden space 194048K, 95% used [0x00000000eaa80000,0x00000000f5fb1740,0x00000000f6800000)
  from space 32768K, 99% used [0x00000000f6800000,0x00000000f87fb4d0,0x00000000f8800000)
  to   space 44544K, 0% used [0x00000000f9e80000,0x00000000f9e80000,0x00000000fca00000)
 ParOldGen       total 88064K, used 70452K [0x00000000c0000000, 0x00000000c5600000, 0x00000000eaa80000)
  object space 88064K, 80% used [0x00000000c0000000,0x00000000c44cd340,0x00000000c5600000)
 PSPermGen       total 21504K, used 6115K [0x00000000bae00000, 0x00000000bc300000, 0x00000000c0000000)
  object space 21504K, 28% used [0x00000000bae00000,0x00000000bb3f8c20,0x00000000bc300000)

Card table byte_map: [0x0000000005350000,0x0000000005580000] byte_map_base: 0x0000000004d79000

Polling page: 0x0000000000140000

Code Cache  [0x0000000002350000, 0x00000000026f0000, 0x0000000005350000)
 total_blobs=1151 nmethods=914 adapters=189 free_code_cache=45520Kb largest_free_block=46553664

Compilation events (10 events):
Event: 11.124 Thread 0x0000000008333000 nmethod 898 0x00000000024d0250 code [0x00000000024d0380, 0x00000000024d03f8]
Event: 11.124 Thread 0x0000000008333000  899             com.android.dx.cf.direct.DirectClassFile::getAccessFlags (9 bytes)
Event: 11.126 Thread 0x0000000008333000 nmethod 899 0x00000000024d4f50 code [0x00000000024d50a0, 0x00000000024d5168]
Event: 11.126 Thread 0x0000000008333000  900             com.android.dx.cf.direct.DirectClassFile::getAttributes (9 bytes)
Event: 11.126 Thread 0x0000000008333000 nmethod 900 0x00000000024d4d10 code [0x00000000024d4e40, 0x00000000024d4eb8]
Event: 11.126 Thread 0x0000000008333000  901             com.android.dx.cf.direct.StdAttributeFactory::code (613 bytes)
Event: 11.188 Thread 0x0000000008333000 nmethod 901 0x00000000026dcc90 code [0x00000000026dcf00, 0x00000000026deb20]
Event: 11.188 Thread 0x0000000008333000  902             com.android.dx.dex.code.OutputCollector::appendSuffixToOutput (45 bytes)
Event: 11.201 Thread 0x0000000008333000 nmethod 902 0x00000000024d1150 code [0x00000000024d12e0, 0x00000000024d1848]
Event: 11.201 Thread 0x0000000008333000  903             com.android.dx.ssa.back.FirstFitLocalCombiningAllocator::handleInvokeRangeInsns (36 bytes)

GC Heap History (10 events):
Event: 6.452 GC heap before
{Heap before GC invocations=8 (full 0):
 PSYoungGen      total 76800K, used 76774K [0x00000000eaa80000, 0x00000000f4980000, 0x0000000100000000)
  eden space 66048K, 100% used [0x00000000eaa80000,0x00000000eeb00000,0x00000000eeb00000)
  from space 10752K, 99% used [0x00000000eeb00000,0x00000000ef5799b8,0x00000000ef580000)
  to   space 15360K, 0% used [0x00000000f3a80000,0x00000000f3a80000,0x00000000f4980000)
 ParOldGen       total 43008K, used 25944K [0x00000000c0000000, 0x00000000c2a00000, 0x00000000eaa80000)
  object space 43008K, 60% used [0x00000000c0000000,0x00000000c1956100,0x00000000c2a00000)
 PSPermGen       total 21504K, used 5944K [0x00000000bae00000, 0x00000000bc300000, 0x00000000c0000000)
  object space 21504K, 27% used [0x00000000bae00000,0x00000000bb3ce0c8,0x00000000bc300000)
Event: 6.501 GC heap after
Heap after GC invocations=8 (full 0):
 PSYoungGen      total 142848K, used 15346K [0x00000000eaa80000, 0x00000000f5280000, 0x0000000100000000)
  eden space 127488K, 0% used [0x00000000eaa80000,0x00000000eaa80000,0x00000000f2700000)
  from space 15360K, 99% used [0x00000000f3a80000,0x00000000f497c8e0,0x00000000f4980000)
  to   space 19968K, 0% used [0x00000000f2700000,0x00000000f2700000,0x00000000f3a80000)
 ParOldGen       total 43008K, used 30957K [0x00000000c0000000, 0x00000000c2a00000, 0x00000000eaa80000)
  object space 43008K, 71% used [0x00000000c0000000,0x00000000c1e3b5e8,0x00000000c2a00000)
 PSPermGen       total 21504K, used 5944K [0x00000000bae00000, 0x00000000bc300000, 0x00000000c0000000)
  object space 21504K, 27% used [0x00000000bae00000,0x00000000bb3ce0c8,0x00000000bc300000)
}
Event: 7.697 GC heap before
{Heap before GC invocations=9 (full 0):
 PSYoungGen      total 142848K, used 142834K [0x00000000eaa80000, 0x00000000f5280000, 0x0000000100000000)
  eden space 127488K, 100% used [0x00000000eaa80000,0x00000000f2700000,0x00000000f2700000)
  from space 15360K, 99% used [0x00000000f3a80000,0x00000000f497c8e0,0x00000000f4980000)
  to   space 19968K, 0% used [0x00000000f2700000,0x00000000f2700000,0x00000000f3a80000)
 ParOldGen       total 43008K, used 30957K [0x00000000c0000000, 0x00000000c2a00000, 0x00000000eaa80000)
  object space 43008K, 71% used [0x00000000c0000000,0x00000000c1e3b5e8,0x00000000c2a00000)
 PSPermGen       total 21504K, used 6009K [0x00000000bae00000, 0x00000000bc300000, 0x00000000c0000000)
  object space 21504K, 27% used [0x00000000bae00000,0x00000000bb3de4d0,0x00000000bc300000)
Event: 7.773 GC heap after
Heap after GC invocations=9 (full 0):
 PSYoungGen      total 147456K, used 19967K [0x00000000eaa80000, 0x00000000fac00000, 0x0000000100000000)
  eden space 127488K, 0% used [0x00000000eaa80000,0x00000000eaa80000,0x00000000f2700000)
  from space 19968K, 99% used [0x00000000f2700000,0x00000000f3a7fcf8,0x00000000f3a80000)
  to   space 29696K, 0% used [0x00000000f8f00000,0x00000000f8f00000,0x00000000fac00000)
 ParOldGen       total 48128K, used 47640K [0x00000000c0000000, 0x00000000c2f00000, 0x00000000eaa80000)
  object space 48128K, 98% used [0x00000000c0000000,0x00000000c2e863a8,0x00000000c2f00000)
 PSPermGen       total 21504K, used 6009K [0x00000000bae00000, 0x00000000bc300000, 0x00000000c0000000)
  object space 21504K, 27% used [0x00000000bae00000,0x00000000bb3de4d0,0x00000000bc300000)
}
Event: 7.773 GC heap before
{Heap before GC invocations=10 (full 1):
 PSYoungGen      total 147456K, used 19967K [0x00000000eaa80000, 0x00000000fac00000, 0x0000000100000000)
  eden space 127488K, 0% used [0x00000000eaa80000,0x00000000eaa80000,0x00000000f2700000)
  from space 19968K, 99% used [0x00000000f2700000,0x00000000f3a7fcf8,0x00000000f3a80000)
  to   space 29696K, 0% used [0x00000000f8f00000,0x00000000f8f00000,0x00000000fac00000)
 ParOldGen       total 48128K, used 47640K [0x00000000c0000000, 0x00000000c2f00000, 0x00000000eaa80000)
  object space 48128K, 98% used [0x00000000c0000000,0x00000000c2e863a8,0x00000000c2f00000)
 PSPermGen       total 21504K, used 6009K [0x00000000bae00000, 0x00000000bc300000, 0x00000000c0000000)
  object space 21504K, 27% used [0x00000000bae00000,0x00000000bb3de4d0,0x00000000bc300000)
Event: 8.331 GC heap after
Heap after GC invocations=10 (full 1):
 PSYoungGen      total 147456K, used 10023K [0x00000000eaa80000, 0x00000000fac00000, 0x0000000100000000)
  eden space 127488K, 0% used [0x00000000eaa80000,0x00000000eaa80000,0x00000000f2700000)
  from space 19968K, 50% used [0x00000000f2700000,0x00000000f30c9d90,0x00000000f3a80000)
  to   space 29696K, 0% used [0x00000000f8f00000,0x00000000f8f00000,0x00000000fac00000)
 ParOldGen       total 88064K, used 47769K [0x00000000c0000000, 0x00000000c5600000, 0x00000000eaa80000)
  object space 88064K, 54% used [0x00000000c0000000,0x00000000c2ea6598,0x00000000c5600000)
 PSPermGen       total 21504K, used 6005K [0x00000000bae00000, 0x00000000bc300000, 0x00000000c0000000)
  object space 21504K, 27% used [0x00000000bae00000,0x00000000bb3dd470,0x00000000bc300000)
}
Event: 9.186 GC heap before
{Heap before GC invocations=11 (full 1):
 PSYoungGen      total 147456K, used 137511K [0x00000000eaa80000, 0x00000000fac00000, 0x0000000100000000)
  eden space 127488K, 100% used [0x00000000eaa80000,0x00000000f2700000,0x00000000f2700000)
  from space 19968K, 50% used [0x00000000f2700000,0x00000000f30c9d90,0x00000000f3a80000)
  to   space 29696K, 0% used [0x00000000f8f00000,0x00000000f8f00000,0x00000000fac00000)
 ParOldGen       total 88064K, used 47769K [0x00000000c0000000, 0x00000000c5600000, 0x00000000eaa80000)
  object space 88064K, 54% used [0x00000000c0000000,0x00000000c2ea6598,0x00000000c5600000)
 PSPermGen       total 21504K, used 6016K [0x00000000bae00000, 0x00000000bc300000, 0x00000000c0000000)
  object space 21504K, 27% used [0x00000000bae00000,0x00000000bb3e0010,0x00000000bc300000)
Event: 9.271 GC heap after
Heap after GC invocations=11 (full 1):
 PSYoungGen      total 186368K, used 25568K [0x00000000eaa80000, 0x00000000fa800000, 0x0000000100000000)
  eden space 160768K, 0% used [0x00000000eaa80000,0x00000000eaa80000,0x00000000f4780000)
  from space 25600K, 99% used [0x00000000f8f00000,0x00000000fa7f81e0,0x00000000fa800000)
  to   space 32768K, 0% used [0x00000000f6800000,0x00000000f6800000,0x00000000f8800000)
 ParOldGen       total 88064K, used 51742K [0x00000000c0000000, 0x00000000c5600000, 0x00000000eaa80000)
  object space 88064K, 58% used [0x00000000c0000000,0x00000000c3287820,0x00000000c5600000)
 PSPermGen       total 21504K, used 6016K [0x00000000bae00000, 0x00000000bc300000, 0x00000000c0000000)
  object space 21504K, 27% used [0x00000000bae00000,0x00000000bb3e0010,0x00000000bc300000)
}
Event: 10.295 GC heap before
{Heap before GC invocations=12 (full 1):
 PSYoungGen      total 186368K, used 186336K [0x00000000eaa80000, 0x00000000fa800000, 0x0000000100000000)
  eden space 160768K, 100% used [0x00000000eaa80000,0x00000000f4780000,0x00000000f4780000)
  from space 25600K, 99% used [0x00000000f8f00000,0x00000000fa7f81e0,0x00000000fa800000)
  to   space 32768K, 0% used [0x00000000f6800000,0x00000000f6800000,0x00000000f8800000)
 ParOldGen       total 88064K, used 51742K [0x00000000c0000000, 0x00000000c5600000, 0x00000000eaa80000)
  object space 88064K, 58% used [0x00000000c0000000,0x00000000c3287820,0x00000000c5600000)
 PSPermGen       total 21504K, used 6043K [0x00000000bae00000, 0x00000000bc300000, 0x00000000c0000000)
  object space 21504K, 28% used [0x00000000bae00000,0x00000000bb3e6ed8,0x00000000bc300000)
Event: 10.374 GC heap after
Heap after GC invocations=12 (full 1):
 PSYoungGen      total 226816K, used 32749K [0x00000000eaa80000, 0x00000000fca00000, 0x0000000100000000)
  eden space 194048K, 0% used [0x00000000eaa80000,0x00000000eaa80000,0x00000000f6800000)
  from space 32768K, 99% used [0x00000000f6800000,0x00000000f87fb4d0,0x00000000f8800000)
  to   space 44544K, 0% used [0x00000000f9e80000,0x00000000f9e80000,0x00000000fca00000)
 ParOldGen       total 88064K, used 70452K [0x00000000c0000000, 0x00000000c5600000, 0x00000000eaa80000)
  object space 88064K, 80% used [0x00000000c0000000,0x00000000c44cd340,0x00000000c5600000)
 PSPermGen       total 21504K, used 6043K [0x00000000bae00000, 0x00000000bc300000, 0x00000000c0000000)
  object space 21504K, 28% used [0x00000000bae00000,0x00000000bb3e6ed8,0x00000000bc300000)
}

Deoptimization events (10 events):
Event: 9.688 Thread 0x000000000a167000 Uncommon trap: reason=unreached action=reinterpret pc=0x0000000002414fd8 method=com.android.dx.rop.code.LocalItem.compareHandlesNulls(Lcom/android/dx/rop/cst/CstString;Lcom/android/dx/rop/cst/CstString;)I @ 14
Event: 9.688 Thread 0x000000000a167000 Uncommon trap: reason=unreached action=reinterpret pc=0x0000000002571d30 method=com.android.dx.rop.code.LocalItem.compareHandlesNulls(Lcom/android/dx/rop/cst/CstString;Lcom/android/dx/rop/cst/CstString;)I @ 14
Event: 9.773 Thread 0x000000000a172800 Uncommon trap: reason=unreached action=reinterpret pc=0x000000000248f188 method=com.android.dx.rop.code.LocalItem.compareHandlesNulls(Lcom/android/dx/rop/cst/CstString;Lcom/android/dx/rop/cst/CstString;)I @ 14
Event: 9.773 Thread 0x000000000a172800 Uncommon trap: reason=unreached action=reinterpret pc=0x000000000245eebc method=com.android.dx.rop.code.LocalItem.compareHandlesNulls(Lcom/android/dx/rop/cst/CstString;Lcom/android/dx/rop/cst/CstString;)I @ 14
Event: 10.141 Thread 0x000000000019f000 Uncommon trap: reason=unreached action=reinterpret pc=0x0000000002616ab0 method=com.android.dx.cf.direct.StdAttributeFactory.parse0(Lcom/android/dx/cf/direct/DirectClassFile;ILjava/lang/String;IILcom/android/dx/cf/iface/ParseObserver;)Lcom/android/dx/cf/ifü,Uô$@
Event: 10.477 Thread 0x000000000a172800 Uncommon trap: reason=class_check action=maybe_recompile pc=0x00000000026a4c08 method=com.android.dx.cf.code.BytecodeArray.parseInstruction(ILcom/android/dx/cf/code/BytecodeArray$Visitor;)I @ 2032
Event: 10.477 Thread 0x000000000a172800 Uncommon trap: reason=class_check action=maybe_recompile pc=0x00000000026a4c08 method=com.android.dx.cf.code.BytecodeArray.parseInstruction(ILcom/android/dx/cf/code/BytecodeArray$Visitor;)I @ 2032
Event: 10.478 Thread 0x000000000a172800 Uncommon trap: reason=class_check action=maybe_recompile pc=0x00000000026a4c08 method=com.android.dx.cf.code.BytecodeArray.parseInstruction(ILcom/android/dx/cf/code/BytecodeArray$Visitor;)I @ 2032
Event: 10.478 Thread 0x000000000a172800 Uncommon trap: reason=class_check action=maybe_recompile pc=0x00000000026a4c08 method=com.android.dx.cf.code.BytecodeArray.parseInstruction(ILcom/android/dx/cf/code/BytecodeArray$Visitor;)I @ 2032
Event: 10.478 Thread 0x000000000a193000 Uncommon trap: reason=null_check action=make_not_entrant pc=0x00000000024db3d0 method=com.android.dx.rop.cst.CstType.intern(Lcom/android/dx/rop/type/Type;)Lcom/android/dx/rop/cst/CstType; @ 13

Internal exceptions (10 events):
Event: 3.905 Thread 0x000000000a193000 Threw 0x00000000eb6ada70 at C:\re\jdk7u75\1940\hotspot\src\share\vm\prims\jvm.cpp:1281
Event: 4.104 Thread 0x000000000019f000 Threw 0x00000000ebd8fb60 at C:\re\jdk7u75\1940\hotspot\src\share\vm\prims\jvm.cpp:1281
Event: 5.381 Thread 0x000000000019f000 Threw 0x00000000ec7de188 at C:\re\jdk7u75\1940\hotspot\src\share\vm\prims\jvm.cpp:1281
Event: 6.558 Thread 0x000000000019f000 Threw 0x00000000eadfa6f8 at C:\re\jdk7u75\1940\hotspot\src\share\vm\prims\jvm.cpp:1281
Event: 9.299 Thread 0x000000000a167000 Implicit null exception at 0x000000000264a3c0 to 0x000000000264e3c1
Event: 9.688 Thread 0x000000000a167000 Implicit null exception at 0x000000000241464a to 0x0000000002414fad
Event: 9.688 Thread 0x000000000a167000 Implicit null exception at 0x0000000002571abc to 0x0000000002571d1d
Event: 9.773 Thread 0x000000000a172800 Implicit null exception at 0x000000000248ef28 to 0x000000000248f175
Event: 9.773 Thread 0x000000000a172800 Implicit null exception at 0x000000000245ed9c to 0x000000000245eea9
Event: 10.478 Thread 0x000000000a193000 Implicit null exception at 0x00000000024d9343 to 0x00000000024db3c5

Events (10 events):
Event: 10.478 Thread 0x000000000a172800 DEOPT PACKING pc=0x00000000026a4c08 sp=0x000000000afbeba0
Event: 10.478 Thread 0x000000000a172800 DEOPT UNPACKING pc=0x00000000023875a4 sp=0x000000000afbeb38 mode 2
Event: 10.478 Thread 0x000000000a172800 Uncommon trap: trap_request=0xffffffde fr.pc=0x00000000026a4c08
Event: 10.478 Thread 0x000000000a172800 DEOPT PACKING pc=0x00000000026a4c08 sp=0x000000000afbeba0
Event: 10.478 Thread 0x000000000a172800 DEOPT UNPACKING pc=0x00000000023875a4 sp=0x000000000afbeb38 mode 2
Event: 10.478 Thread 0x000000000a193000 Uncommon trap: trap_request=0xfffffff4 fr.pc=0x00000000024db3d0
Event: 10.478 Thread 0x000000000a193000 DEOPT PACKING pc=0x00000000024db3d0 sp=0x000000000a9bee60
Event: 10.478 Thread 0x000000000a193000 DEOPT UNPACKING pc=0x00000000023875a4 sp=0x000000000a9bed58 mode 2
Event: 11.071 loading class 0x0000000002203f80
Event: 11.072 loading class 0x0000000002203f80 done


Dynamic libraries:
0x000000013fe50000 - 0x000000013fe83000 	C:\Program Files\Java\jdk1.7.0_75\bin\java.exe
0x0000000077560000 - 0x0000000077709000 	C:\Windows\SYSTEM32\ntdll.dll
0x0000000077440000 - 0x0000000077560000 	C:\Windows\system32\kernel32.dll
0x000007fefd3d0000 - 0x000007fefd43c000 	C:\Windows\system32\KERNELBASE.dll
0x000007fefe4f0000 - 0x000007fefe5cb000 	C:\Windows\system32\ADVAPI32.dll
0x000007fefd6c0000 - 0x000007fefd75f000 	C:\Windows\system32\msvcrt.dll
0x000007feff290000 - 0x000007feff2af000 	C:\Windows\SYSTEM32\sechost.dll
0x000007feff160000 - 0x000007feff28d000 	C:\Windows\system32\RPCRT4.dll
0x0000000077340000 - 0x000000007743a000 	C:\Windows\system32\USER32.dll
0x000007fefe5d0000 - 0x000007fefe637000 	C:\Windows\system32\GDI32.dll
0x000007fefefb0000 - 0x000007fefefbe000 	C:\Windows\system32\LPK.dll
0x000007fefeb70000 - 0x000007fefec39000 	C:\Windows\system32\USP10.dll
0x000007fefbc30000 - 0x000007fefbe24000 	C:\Windows\WinSxS\amd64_microsoft.windows.common-controls_6595b64144ccf1df_6.0.7601.18837_none_fa3b1e3d17594757\COMCTL32.dll
0x000007fefeac0000 - 0x000007fefeb31000 	C:\Windows\system32\SHLWAPI.dll
0x000007fefeb40000 - 0x000007fefeb6e000 	C:\Windows\system32\IMM32.DLL
0x000007fefe9b0000 - 0x000007fefeab9000 	C:\Windows\system32\MSCTF.dll
0x000000006bad0000 - 0x000000006bba2000 	C:\Program Files\Java\jdk1.7.0_75\jre\bin\msvcr100.dll
0x000000006c160000 - 0x000000006c934000 	C:\Program Files\Java\jdk1.7.0_75\jre\bin\server\jvm.dll
0x000007fef9130000 - 0x000007fef9139000 	C:\Windows\system32\WSOCK32.dll
0x000007feff040000 - 0x000007feff08d000 	C:\Windows\system32\WS2_32.dll
0x000007feff090000 - 0x000007feff098000 	C:\Windows\system32\NSI.dll
0x000007fefab50000 - 0x000007fefab8b000 	C:\Windows\system32\WINMM.dll
0x0000000077730000 - 0x0000000077737000 	C:\Windows\system32\PSAPI.DLL
0x00000000743d0000 - 0x00000000743df000 	C:\Program Files\Java\jdk1.7.0_75\jre\bin\verify.dll
0x0000000073cd0000 - 0x0000000073cf8000 	C:\Program Files\Java\jdk1.7.0_75\jre\bin\java.dll
0x0000000073d10000 - 0x0000000073d25000 	C:\Program Files\Java\jdk1.7.0_75\jre\bin\zip.dll
0x00000000714b0000 - 0x00000000714c9000 	C:\Program Files\Java\jdk1.7.0_75\jre\bin\net.dll
0x000007fefc7a0000 - 0x000007fefc7f5000 	C:\Windows\system32\mswsock.dll
0x000007fefc790000 - 0x000007fefc797000 	C:\Windows\System32\wship6.dll
0x0000000071490000 - 0x00000000714a1000 	C:\Program Files\Java\jdk1.7.0_75\jre\bin\nio.dll

VM Arguments:
jvm_args: -Djava.awt.headless=true -Xmx1024M -Dfile.encoding=windows-1252 -Duser.country=US -Duser.language=en -Duser.variant 
java_command: com.android.dx.command.Main --dex --num-threads=4 --multi-dex --main-dex-list C:\Users\Work\AndroidStudioProjects\LocationTeleporterRand\app\build\intermediates\multi-dex\debug\maindexlist.txt --output C:\Users\Work\AndroidStudioProjects\LocationTeleporterRand\app\build\intermediates\transforms\dex\debug\folders\1000\1f\main C:\Users\Work\AndroidStudioProjects\LocationTeleporterRand\app\build\intermediates\transforms\jarMerging\debug\jars\1\1f\combined.jar
Launcher Type: SUN_STANDARD

Environment Variables:
PATH=C:\ProgramData\Oracle\Java\javapath;C:\Windows\system32;C:\Windows;C:\Windows\System32\Wbem;C:\Windows\System32\WindowsPowerShell\v1.0\;C:\Program Files\Broadcom\Broadcom 802.11\Driver;C:\Program Files (x86)\ATI Technologies\ATI.ACE\Core-Static;C:\MinGW\bin;c:\Program Files (x86)\Microsoft SQL Server\100\Tools\Binn\;c:\Program Files\Microsoft SQL Server\100\Tools\Binn\;c:\Program Files\Microsoft SQL Server\100\DTS\Binn\;C:\Program Files\Microsoft\Web Platform Installer\;C:\Program Files\Microsoft SQL Server\Client SDK\ODBC\110\Tools\Binn\;C:\Program Files (x86)\Microsoft SQL Server\120\Tools\Binn\;C:\Program Files\Microsoft SQL Server\120\Tools\Binn\;C:\Program Files\Microsoft SQL Server\120\DTS\Binn\;C:\Program Files\Microsoft SQL Server\110\Tools\Binn\;C:\Program Files (x86)\Microsoft SDKs\TypeScript\1.0\;C:\wamp\bin\php\php5.5.12;C:\ProgramData\ComposerSetup\bin;C:\Python27;C:\Python27\Scripts;C:\Program Files\TortoiseSVN\bin;C:\Program Files (x86)\Heroku\bin;C:\Program Files (x86)\git\cmd;C:\Program Files (x86)\Brackets\command;C:\HOMEPATH\AppData\Roaming\Composer\vendor\bin;C:\Program Files (x86)\Skype\Phone\;C:\Program Files\nodejs\;c:\Program Files\Java\jdk1.7.0_75\bin;C:\Users\Work\AppData\Roaming\npm
USERNAME=Work
OS=Windows_NT
PROCESSOR_IDENTIFIER=Intel64 Family 6 Model 42 Stepping 7, GenuineIntel



---------------  S Y S T E M  ---------------

OS: Windows 7 , 64 bit Build 7601 Service Pack 1

CPU:total 4 (2 cores per cpu, 2 threads per core) family 6 model 42 stepping 7, cmov, cx8, fxsr, mmx, sse, sse2, sse3, ssse3, sse4.1, sse4.2, popcnt, avx, aes, ht, tsc, tscinvbit

Memory: 4k page, physical 4140912k(653940k free), swap 5647216k(6592k free)

vm_info: Java HotSpot(TM) 64-Bit Server VM (24.75-b04) for windows-amd64 JRE (1.7.0_75-b13), built on Dec 18 2014 17:15:01 by "java_re" with unknown MS VC++:1600

time: Sun May 08 16:45:27 2016
elapsed time: 11 seconds

