#
# There is insufficient memory for the Java Runtime Environment to continue.
# Native memory allocation (malloc) failed to allocate 94896 bytes for Chunk::new
# Possible reasons:
#   The system is out of physical RAM or swap space
#   In 32 bit mode, the process size limit was hit
# Possible solutions:
#   Reduce memory load on the system
#   Increase physical memory or swap space
#   Check if swap backing store is full
#   Use 64 bit Java on a 64 bit OS
#   Decrease Java heap size (-Xmx/-Xms)
#   Decrease number of Java threads
#   Decrease Java thread stack sizes (-Xss)
#   Set larger code cache with -XX:ReservedCodeCacheSize=
# This output file may be truncated or incomplete.
#
#  Out of Memory Error (allocation.cpp:323), pid=8396, tid=8600
#
# JRE version: Java(TM) SE Runtime Environment (7.0_75-b13) (build 1.7.0_75-b13)
# Java VM: Java HotSpot(TM) 64-Bit Server VM (24.75-b04 mixed mode windows-amd64 compressed oops)
# Failed to write core dump. Minidumps are not enabled by default on client versions of Windows
#

---------------  T H R E A D  ---------------

Current thread (0x0000000008484800):  JavaThread "C2 CompilerThread0" daemon [_thread_in_native, id=8600, stack(0x0000000009ca0000,0x0000000009da0000)]

Stack: [0x0000000009ca0000,0x0000000009da0000]
[error occurred during error reporting (printing stack bounds), id 0xc0000005]


[error occurred during error reporting (printing native stack), id 0xc0000005]


Current CompileTask:
C2:   2335   67             com.android.dx.cf.direct.StdAttributeFactory::parse0 (532 bytes)


---------------  P R O C E S S  ---------------

Java Threads: ( => current thread )
  0x0000000008493000 JavaThread "Service Thread" daemon [_thread_blocked, id=8292, stack(0x0000000009b00000,0x0000000009c00000)]
  0x0000000008487000 JavaThread "C2 CompilerThread1" daemon [_thread_in_native, id=8980, stack(0x0000000009eb0000,0x0000000009fb0000)]
=>0x0000000008484800 JavaThread "C2 CompilerThread0" daemon [_thread_in_native, id=8600, stack(0x0000000009ca0000,0x0000000009da0000)]
  0x000000000847d000 JavaThread "Attach Listener" daemon [_thread_blocked, id=8800, stack(0x00000000099e0000,0x0000000009ae0000)]
  0x0000000008477800 JavaThread "Signal Dispatcher" daemon [_thread_blocked, id=5496, stack(0x00000000097f0000,0x00000000098f0000)]
  0x0000000008422800 JavaThread "Finalizer" daemon [_thread_blocked, id=8936, stack(0x00000000096a0000,0x00000000097a0000)]
  0x0000000008421000 JavaThread "Reference Handler" daemon [_thread_blocked, id=9200, stack(0x00000000093d0000,0x00000000094d0000)]
  0x00000000021ef000 JavaThread "main" [_thread_in_Java, id=7220, stack(0x0000000002350000,0x0000000002450000)]

Other Threads:
  0x000000000841b800 VMThread [stack: 0x0000000009570000,0x0000000009670000] [id=8692]
  0x000000000849c800 WatcherThread [stack: 0x000000000a070000,0x000000000a170000] [id=9208]

VM state:not at safepoint (normal execution)

VM Mutex/Monitor currently owned by a thread: None

Heap
 PSYoungGen      total 19456K, used 5594K [0x00000000eae80000, 0x00000000ed480000, 0x0000000100000000)
  eden space 16896K, 18% used [0x00000000eae80000,0x00000000eb178890,0x00000000ebf00000)
  from space 2560K, 99% used [0x00000000ebf00000,0x00000000ec17e0d8,0x00000000ec180000)
  to   space 2560K, 0% used [0x00000000ed200000,0x00000000ed200000,0x00000000ed480000)
 ParOldGen       total 43008K, used 211K [0x00000000c0c00000, 0x00000000c3600000, 0x00000000eae80000)
  object space 43008K, 0% used [0x00000000c0c00000,0x00000000c0c34de0,0x00000000c3600000)
 PSPermGen       total 21504K, used 3435K [0x00000000bba00000, 0x00000000bcf00000, 0x00000000c0c00000)
  object space 21504K, 15% used [0x00000000bba00000,0x00000000bbd5afb0,0x00000000bcf00000)

Card table byte_map: [0x0000000005450000,0x0000000005680000] byte_map_base: 0x0000000004e73000

Polling page: 0x0000000001ce0000

Code Cache  [0x0000000002450000, 0x00000000026c0000, 0x0000000005450000)
 total_blobs=262 nmethods=66 adapters=148 free_code_cache=48637Kb largest_free_block=49784640

Compilation events (10 events):
Event: 2.141 Thread 0x0000000008484800   63             com.android.multidex.ClassReferenceListBuilder::addDependencies (142 bytes)
Event: 2.165 Thread 0x0000000008487000   64             com.android.dx.cf.direct.StdAttributeFactory::lineNumberTable (204 bytes)
Event: 2.179 Thread 0x0000000008484800 nmethod 63 0x00000000024d2b90 code [0x00000000024d2e60, 0x00000000024d36c0]
Event: 2.189 Thread 0x0000000008487000 nmethod 64 0x00000000024cd890 code [0x00000000024cda40, 0x00000000024ce1b8]
Event: 2.271 Thread 0x0000000008484800   65             java.util.HashMap::transfer (115 bytes)
Event: 2.282 Thread 0x0000000008484800 nmethod 65 0x00000000024cd250 code [0x00000000024cd3a0, 0x00000000024cd688]
Event: 2.302 Thread 0x0000000008487000   66   !         com.android.dx.cf.direct.AttributeFactory::parse (248 bytes)
Event: 2.302 Thread 0x0000000008484800   67             com.android.dx.cf.direct.StdAttributeFactory::parse0 (532 bytes)
Event: 2.317 Thread 0x0000000008487000 nmethod 66 0x00000000024d4a90 code [0x00000000024d4c20, 0x00000000024d52d8]
Event: 2.319 Thread 0x0000000008487000   68   !         com.android.dx.rop.type.Prototype::intern (233 bytes)

GC Heap History (2 events):
Event: 2.242 GC heap before
{Heap before GC invocations=1 (full 0):
 PSYoungGen      total 19456K, used 16896K [0x00000000eae80000, 0x00000000ec400000, 0x0000000100000000)
  eden space 16896K, 100% used [0x00000000eae80000,0x00000000ebf00000,0x00000000ebf00000)
  from space 2560K, 0% used [0x00000000ec180000,0x00000000ec180000,0x00000000ec400000)
  to   space 2560K, 0% used [0x00000000ebf00000,0x00000000ebf00000,0x00000000ec180000)
 ParOldGen       total 43008K, used 0K [0x00000000c0c00000, 0x00000000c3600000, 0x00000000eae80000)
  object space 43008K, 0% used [0x00000000c0c00000,0x00000000c0c00000,0x00000000c3600000)
 PSPermGen       total 21504K, used 3421K [0x00000000bba00000, 0x00000000bcf00000, 0x00000000c0c00000)
  object space 21504K, 15% used [0x00000000bba00000,0x00000000bbd57600,0x00000000bcf00000)
Event: 2.268 GC heap after
Heap after GC invocations=1 (full 0):
 PSYoungGen      total 19456K, used 2552K [0x00000000eae80000, 0x00000000ed480000, 0x0000000100000000)
  eden space 16896K, 0% used [0x00000000eae80000,0x00000000eae80000,0x00000000ebf00000)
  from space 2560K, 99% used [0x00000000ebf00000,0x00000000ec17e0d8,0x00000000ec180000)
  to   space 2560K, 0% used [0x00000000ed200000,0x00000000ed200000,0x00000000ed480000)
 ParOldGen       total 43008K, used 211K [0x00000000c0c00000, 0x00000000c3600000, 0x00000000eae80000)
  object space 43008K, 0% used [0x00000000c0c00000,0x00000000c0c34de0,0x00000000c3600000)
 PSPermGen       total 21504K, used 3421K [0x00000000bba00000, 0x00000000bcf00000, 0x00000000c0c00000)
  object space 21504K, 15% used [0x00000000bba00000,0x00000000bbd57600,0x00000000bcf00000)
}

Deoptimization events (1 events):
Event: 1.493 Thread 0x00000000021ef000 Uncommon trap: reason=null_check action=make_not_entrant pc=0x00000000024ba414 method=com.android.dx.rop.type.Type.putIntern(Lcom/android/dx/rop/type/Type;)Lcom/android/dx/rop/type/Type; @ 18

Internal exceptions (10 events):
Event: 1.240 Thread 0x00000000021ef000 Threw 0x00000000eb1ac8b0 at C:\re\jdk7u75\1940\hotspot\src\share\vm\prims\jvm.cpp:1281
Event: 1.254 Thread 0x00000000021ef000 Threw 0x00000000eb1c8828 at C:\re\jdk7u75\1940\hotspot\src\share\vm\prims\jvm.cpp:1281
Event: 1.305 Thread 0x00000000021ef000 Threw 0x00000000eb235250 at C:\re\jdk7u75\1940\hotspot\src\share\vm\prims\jvm.cpp:1281
Event: 1.361 Thread 0x00000000021ef000 Threw 0x00000000eb2b7498 at C:\re\jdk7u75\1940\hotspot\src\share\vm\prims\jvm.cpp:1281
Event: 1.440 Thread 0x00000000021ef000 Threw 0x00000000eb335060 at C:\re\jdk7u75\1940\hotspot\src\share\vm\prims\jvm.cpp:1281
Event: 1.493 Thread 0x00000000021ef000 Implicit null exception at 0x00000000024b9dc4 to 0x00000000024ba409
Event: 1.599 Thread 0x00000000021ef000 Threw 0x00000000eb45f7d8 at C:\re\jdk7u75\1940\hotspot\src\share\vm\prims\jvm.cpp:1281
Event: 2.164 Thread 0x00000000021ef000 Threw 0x00000000ebd5d0d0 at C:\re\jdk7u75\1940\hotspot\src\share\vm\prims\jvm.cpp:1281
Event: 2.272 Thread 0x00000000021ef000 Threw 0x00000000eaeadc00 at C:\re\jdk7u75\1940\hotspot\src\share\vm\prims\jvm.cpp:1281
Event: 2.273 Thread 0x00000000021ef000 Threw 0x00000000eaeaff10 at C:\re\jdk7u75\1940\hotspot\src\share\vm\prims\jvm.cpp:1281

Events (10 events):
Event: 2.269 loading class 0x00000000020efcb0
Event: 2.270 loading class 0x00000000020efcb0 done
Event: 2.270 loading class 0x00000000020efc80
Event: 2.270 loading class 0x00000000020efc80 done
Event: 2.272 loading class 0x000000000a1921c0
Event: 2.272 loading class 0x000000000a1921c0 done
Event: 2.273 loading class 0x000000000a228ea0
Event: 2.273 loading class 0x000000000a228ea0 done
Event: 2.274 loading class 0x00000000020e5f70
Event: 2.274 loading class 0x00000000020e5f70 done


Dynamic libraries:
0x000000013fe50000 - 0x000000013fe83000 	C:\Program Files\Java\jdk1.7.0_75\bin\java.exe
0x0000000077560000 - 0x0000000077709000 	C:\Windows\SYSTEM32\ntdll.dll
0x0000000077440000 - 0x0000000077560000 	C:\Windows\system32\kernel32.dll
0x000007fefd3d0000 - 0x000007fefd43c000 	C:\Windows\system32\KERNELBASE.dll
0x000007fefe4f0000 - 0x000007fefe5cb000 	C:\Windows\system32\ADVAPI32.dll
0x000007fefd6c0000 - 0x000007fefd75f000 	C:\Windows\system32\msvcrt.dll
0x000007feff290000 - 0x000007feff2af000 	C:\Windows\SYSTEM32\sechost.dll
0x000007feff160000 - 0x000007feff28d000 	C:\Windows\system32\RPCRT4.dll
0x0000000077340000 - 0x000000007743a000 	C:\Windows\system32\USER32.dll
0x000007fefe5d0000 - 0x000007fefe637000 	C:\Windows\system32\GDI32.dll
0x000007fefefb0000 - 0x000007fefefbe000 	C:\Windows\system32\LPK.dll
0x000007fefeb70000 - 0x000007fefec39000 	C:\Windows\system32\USP10.dll
0x000007fefbc30000 - 0x000007fefbe24000 	C:\Windows\WinSxS\amd64_microsoft.windows.common-controls_6595b64144ccf1df_6.0.7601.18837_none_fa3b1e3d17594757\COMCTL32.dll
0x000007fefeac0000 - 0x000007fefeb31000 	C:\Windows\system32\SHLWAPI.dll
0x000007fefeb40000 - 0x000007fefeb6e000 	C:\Windows\system32\IMM32.DLL
0x000007fefe9b0000 - 0x000007fefeab9000 	C:\Windows\system32\MSCTF.dll
0x000000006bad0000 - 0x000000006bba2000 	C:\Program Files\Java\jdk1.7.0_75\jre\bin\msvcr100.dll
0x000000006c160000 - 0x000000006c934000 	C:\Program Files\Java\jdk1.7.0_75\jre\bin\server\jvm.dll
0x000007fef9130000 - 0x000007fef9139000 	C:\Windows\system32\WSOCK32.dll
0x000007feff040000 - 0x000007feff08d000 	C:\Windows\system32\WS2_32.dll
0x000007feff090000 - 0x000007feff098000 	C:\Windows\system32\NSI.dll
0x000007fefab50000 - 0x000007fefab8b000 	C:\Windows\system32\WINMM.dll
0x0000000077730000 - 0x0000000077737000 	C:\Windows\system32\PSAPI.DLL
0x00000000743d0000 - 0x00000000743df000 	C:\Program Files\Java\jdk1.7.0_75\jre\bin\verify.dll
0x0000000073cd0000 - 0x0000000073cf8000 	C:\Program Files\Java\jdk1.7.0_75\jre\bin\java.dll
0x0000000073d10000 - 0x0000000073d25000 	C:\Program Files\Java\jdk1.7.0_75\jre\bin\zip.dll

VM Arguments:
jvm_args: -Djava.awt.headless=true -Dfile.encoding=windows-1252 -Duser.country=US -Duser.language=en -Duser.variant 
java_command: com.android.multidex.ClassReferenceListBuilder C:\Users\Work\AndroidStudioProjects\LocationTeleporterRand\app\build\intermediates\multi-dex\debug\componentClasses.jar C:\Users\Work\AndroidStudioProjects\LocationTeleporterRand\app\build\intermediates\transforms\jarMerging\debug\jars\1\1f\combined.jar
Launcher Type: SUN_STANDARD

Environment Variables:
PATH=C:\ProgramData\Oracle\Java\javapath;C:\Windows\system32;C:\Windows;C:\Windows\System32\Wbem;C:\Windows\System32\WindowsPowerShell\v1.0\;C:\Program Files\Broadcom\Broadcom 802.11\Driver;C:\Program Files (x86)\ATI Technologies\ATI.ACE\Core-Static;C:\MinGW\bin;c:\Program Files (x86)\Microsoft SQL Server\100\Tools\Binn\;c:\Program Files\Microsoft SQL Server\100\Tools\Binn\;c:\Program Files\Microsoft SQL Server\100\DTS\Binn\;C:\Program Files\Microsoft\Web Platform Installer\;C:\Program Files\Microsoft SQL Server\Client SDK\ODBC\110\Tools\Binn\;C:\Program Files (x86)\Microsoft SQL Server\120\Tools\Binn\;C:\Program Files\Microsoft SQL Server\120\Tools\Binn\;C:\Program Files\Microsoft SQL Server\120\DTS\Binn\;C:\Program Files\Microsoft SQL Server\110\Tools\Binn\;C:\Program Files (x86)\Microsoft SDKs\TypeScript\1.0\;C:\wamp\bin\php\php5.5.12;C:\ProgramData\ComposerSetup\bin;C:\Python27;C:\Python27\Scripts;C:\Program Files\TortoiseSVN\bin;C:\Program Files (x86)\Heroku\bin;C:\Program Files (x86)\git\cmd;C:\Program Files (x86)\Brackets\command;C:\HOMEPATH\AppData\Roaming\Composer\vendor\bin;C:\Program Files (x86)\Skype\Phone\;C:\Program Files\nodejs\;c:\Program Files\Java\jdk1.7.0_75\bin;C:\Users\Work\AppData\Roaming\npm
USERNAME=Work
OS=Windows_NT
PROCESSOR_IDENTIFIER=Intel64 Family 6 Model 42 Stepping 7, GenuineIntel



---------------  S Y S T E M  ---------------

OS: Windows 7 , 64 bit Build 7601 Service Pack 1

CPU:total 4 (2 cores per cpu, 2 threads per core) family 6 model 42 stepping 7, cmov, cx8, fxsr, mmx, sse, sse2, sse3, ssse3, sse4.1, sse4.2, popcnt, avx, aes, ht, tsc, tscinvbit

Memory: 4k page, physical 4140912k(824044k free), swap 5647216k(5368k free)

vm_info: Java HotSpot(TM) 64-Bit Server VM (24.75-b04) for windows-amd64 JRE (1.7.0_75-b13), built on Dec 18 2014 17:15:01 by "java_re" with unknown MS VC++:1600

time: Sun May 08 17:18:28 2016
elapsed time: 2 seconds

