#
# There is insufficient memory for the Java Runtime Environment to continue.
# Native memory allocation (malloc) failed to allocate 1658400 bytes for Chunk::new
# Possible reasons:
#   The system is out of physical RAM or swap space
#   In 32 bit mode, the process size limit was hit
# Possible solutions:
#   Reduce memory load on the system
#   Increase physical memory or swap space
#   Check if swap backing store is full
#   Use 64 bit Java on a 64 bit OS
#   Decrease Java heap size (-Xmx/-Xms)
#   Decrease number of Java threads
#   Decrease Java thread stack sizes (-Xss)
#   Set larger code cache with -XX:ReservedCodeCacheSize=
# This output file may be truncated or incomplete.
#
#  Out of Memory Error (allocation.cpp:323), pid=8512, tid=9112
#
# JRE version: Java(TM) SE Runtime Environment (7.0_75-b13) (build 1.7.0_75-b13)
# Java VM: Java HotSpot(TM) 64-Bit Server VM (24.75-b04 mixed mode windows-amd64 compressed oops)
# Failed to write core dump. Minidumps are not enabled by default on client versions of Windows
#

---------------  T H R E A D  ---------------

Current thread (0x000000000844f000):  JavaThread "C2 CompilerThread1" daemon [_thread_in_native, id=9112, stack(0x0000000009db0000,0x0000000009eb0000)]

Stack: [0x0000000009db0000,0x0000000009eb0000]
[error occurred during error reporting (printing stack bounds), id 0xc0000005]


Current CompileTask:
C2:  27419  848   !         com.android.dx.dex.cf.CfTranslator::processMethods (583 bytes)


---------------  P R O C E S S  ---------------

Java Threads: ( => current thread )
  0x000000000a445800 JavaThread "pool-2-thread-4" [_thread_blocked, id=8480, stack(0x000000000acf0000,0x000000000adf0000)]
  0x000000000a444800 JavaThread "pool-2-thread-3" [_thread_blocked, id=7956, stack(0x000000000adf0000,0x000000000aef0000)]
  0x000000000a3ee000 JavaThread "pool-2-thread-2" [_thread_blocked, id=5676, stack(0x000000000a990000,0x000000000aa90000)]
  0x000000000a38c800 JavaThread "pool-3-thread-1" [_thread_blocked, id=8788, stack(0x000000000abd0000,0x000000000acd0000)]
  0x000000000a388800 JavaThread "pool-2-thread-1" [_thread_blocked, id=8076, stack(0x000000000aad0000,0x000000000abd0000)]
  0x000000000844f800 JavaThread "Service Thread" daemon [_thread_blocked, id=7256, stack(0x0000000009f40000,0x000000000a040000)]
=>0x000000000844f000 JavaThread "C2 CompilerThread1" daemon [_thread_in_native, id=9112, stack(0x0000000009db0000,0x0000000009eb0000)]
  0x000000000844c000 JavaThread "C2 CompilerThread0" daemon [_thread_blocked, id=7568, stack(0x0000000009c10000,0x0000000009d10000)]
  0x0000000008445000 JavaThread "Attach Listener" daemon [_thread_blocked, id=8660, stack(0x0000000009a40000,0x0000000009b40000)]
  0x0000000008440000 JavaThread "Signal Dispatcher" daemon [_thread_blocked, id=8640, stack(0x00000000098f0000,0x00000000099f0000)]
  0x00000000083e2800 JavaThread "Finalizer" daemon [_thread_blocked, id=5848, stack(0x0000000009780000,0x0000000009880000)]
  0x00000000083e1000 JavaThread "Reference Handler" daemon [_thread_blocked, id=8112, stack(0x0000000009650000,0x0000000009750000)]
  0x00000000020af000 JavaThread "main" [_thread_blocked, id=8896, stack(0x0000000002260000,0x0000000002360000)]

Other Threads:
  0x00000000083db800 VMThread [stack: 0x0000000009460000,0x0000000009560000] [id=9024]
  0x0000000008451000 WatcherThread [stack: 0x000000000a120000,0x000000000a220000] [id=9092]

VM state:at safepoint (normal execution)

VM Mutex/Monitor currently owned by a thread:  ([mutex/lock_event])
[0x00000000020aca80] Threads_lock - owner thread: 0x00000000083db800
[0x00000000020acf80] Heap_lock - owner thread: 0x000000000a444800

Heap
 PSYoungGen      total 70144K, used 67584K [0x00000000eaa80000, 0x00000000ef180000, 0x0000000100000000)
  eden space 67584K, 100% used [0x00000000eaa80000,0x00000000eec80000,0x00000000eec80000)
  from space 2560K, 0% used [0x00000000eef00000,0x00000000eef00000,0x00000000ef180000)
  to   space 2560K, 0% used [0x00000000eec80000,0x00000000eec80000,0x00000000eef00000)
 ParOldGen       total 43008K, used 42693K [0x00000000c0000000, 0x00000000c2a00000, 0x00000000eaa80000)
  object space 43008K, 99% used [0x00000000c0000000,0x00000000c29b1740,0x00000000c2a00000)
 PSPermGen       total 21504K, used 6040K [0x00000000bae00000, 0x00000000bc300000, 0x00000000c0000000)
  object space 21504K, 28% used [0x00000000bae00000,0x00000000bb3e6100,0x00000000bc300000)

Card table byte_map: [0x0000000005420000,0x0000000005650000] byte_map_base: 0x0000000004e49000

Polling page: 0x0000000000430000

Code Cache  [0x0000000002360000, 0x0000000002680000, 0x0000000005360000)
 total_blobs=1078 nmethods=841 adapters=189 free_code_cache=46015Kb largest_free_block=47058304

Compilation events (10 events):
Event: 17.303 Thread 0x000000000844c000  851             com.android.dx.cf.direct.DirectClassFile::parseToEndIfNecessary (12 bytes)
Event: 17.304 Thread 0x000000000844c000 nmethod 851 0x0000000002473cd0 code [0x0000000002473e00, 0x0000000002473e78]
Event: 17.323 Thread 0x000000000844c000  852             com.android.dx.ssa.back.FirstFitLocalCombiningAllocator::handlePhiInsns (36 bytes)
Event: 17.677 Thread 0x000000000844c000 nmethod 852 0x0000000002475e50 code [0x0000000002475fa0, 0x00000000024761a8]
Event: 17.682 Thread 0x000000000844c000  853             com.android.dx.ssa.ConstCollector::run (236 bytes)
Event: 18.471 Thread 0x000000000844c000 nmethod 853 0x00000000025b3090 code [0x00000000025b3300, 0x00000000025b3dd8]
Event: 22.211 Thread 0x000000000844c000  854             com.android.dx.rop.code.AccessFlags::isNative (14 bytes)
Event: 22.526 Thread 0x000000000844c000 nmethod 854 0x0000000002474910 code [0x0000000002474a40, 0x0000000002474a98]
Event: 22.526 Thread 0x000000000844c000  855             com.android.dx.rop.code.AccessFlags::isAbstract (14 bytes)
Event: 22.527 Thread 0x000000000844c000 nmethod 855 0x0000000002473ad0 code [0x0000000002473c00, 0x0000000002473c58]

GC Heap History (10 events):
Event: 25.899 GC heap after
Heap after GC invocations=52 (full 46):
 PSYoungGen      total 70144K, used 67520K [0x00000000eaa80000, 0x00000000ef180000, 0x0000000100000000)
  eden space 67584K, 99% used [0x00000000eaa80000,0x00000000eec701d0,0x00000000eec80000)
  from space 2560K, 0% used [0x00000000eef00000,0x00000000eef00000,0x00000000ef180000)
  to   space 2560K, 0% used [0x00000000eec80000,0x00000000eec80000,0x00000000eef00000)
 ParOldGen       total 43008K, used 42693K [0x00000000c0000000, 0x00000000c2a00000, 0x00000000eaa80000)
  object space 43008K, 99% used [0x00000000c0000000,0x00000000c29b1740,0x00000000c2a00000)
 PSPermGen       total 21504K, used 6040K [0x00000000bae00000, 0x00000000bc300000, 0x00000000c0000000)
  object space 21504K, 28% used [0x00000000bae00000,0x00000000bb3e6100,0x00000000bc300000)
}
Event: 25.900 GC heap before
{Heap before GC invocations=53 (full 47):
 PSYoungGen      total 70144K, used 67584K [0x00000000eaa80000, 0x00000000ef180000, 0x0000000100000000)
  eden space 67584K, 100% used [0x00000000eaa80000,0x00000000eec80000,0x00000000eec80000)
  from space 2560K, 0% used [0x00000000eef00000,0x00000000eef00000,0x00000000ef180000)
  to   space 2560K, 0% used [0x00000000eec80000,0x00000000eec80000,0x00000000eef00000)
 ParOldGen       total 43008K, used 42693K [0x00000000c0000000, 0x00000000c2a00000, 0x00000000eaa80000)
  object space 43008K, 99% used [0x00000000c0000000,0x00000000c29b1740,0x00000000c2a00000)
 PSPermGen       total 21504K, used 6040K [0x00000000bae00000, 0x00000000bc300000, 0x00000000c0000000)
  object space 21504K, 28% used [0x00000000bae00000,0x00000000bb3e6100,0x00000000bc300000)
Event: 26.237 GC heap after
Heap after GC invocations=53 (full 47):
 PSYoungGen      total 70144K, used 67540K [0x00000000eaa80000, 0x00000000ef180000, 0x0000000100000000)
  eden space 67584K, 99% used [0x00000000eaa80000,0x00000000eec753a8,0x00000000eec80000)
  from space 2560K, 0% used [0x00000000eef00000,0x00000000eef00000,0x00000000ef180000)
  to   space 2560K, 0% used [0x00000000eec80000,0x00000000eec80000,0x00000000eef00000)
 ParOldGen       total 43008K, used 42693K [0x00000000c0000000, 0x00000000c2a00000, 0x00000000eaa80000)
  object space 43008K, 99% used [0x00000000c0000000,0x00000000c29b1740,0x00000000c2a00000)
 PSPermGen       total 21504K, used 6040K [0x00000000bae00000, 0x00000000bc300000, 0x00000000c0000000)
  object space 21504K, 28% used [0x00000000bae00000,0x00000000bb3e6100,0x00000000bc300000)
}
Event: 26.237 GC heap before
{Heap before GC invocations=54 (full 48):
 PSYoungGen      total 70144K, used 67584K [0x00000000eaa80000, 0x00000000ef180000, 0x0000000100000000)
  eden space 67584K, 100% used [0x00000000eaa80000,0x00000000eec80000,0x00000000eec80000)
  from space 2560K, 0% used [0x00000000eef00000,0x00000000eef00000,0x00000000ef180000)
  to   space 2560K, 0% used [0x00000000eec80000,0x00000000eec80000,0x00000000eef00000)
 ParOldGen       total 43008K, used 42693K [0x00000000c0000000, 0x00000000c2a00000, 0x00000000eaa80000)
  object space 43008K, 99% used [0x00000000c0000000,0x00000000c29b1740,0x00000000c2a00000)
 PSPermGen       total 21504K, used 6040K [0x00000000bae00000, 0x00000000bc300000, 0x00000000c0000000)
  object space 21504K, 28% used [0x00000000bae00000,0x00000000bb3e6100,0x00000000bc300000)
Event: 26.590 GC heap after
Heap after GC invocations=54 (full 48):
 PSYoungGen      total 70144K, used 67548K [0x00000000eaa80000, 0x00000000ef180000, 0x0000000100000000)
  eden space 67584K, 99% used [0x00000000eaa80000,0x00000000eec77120,0x00000000eec80000)
  from space 2560K, 0% used [0x00000000eef00000,0x00000000eef00000,0x00000000ef180000)
  to   space 2560K, 0% used [0x00000000eec80000,0x00000000eec80000,0x00000000eef00000)
 ParOldGen       total 43008K, used 42693K [0x00000000c0000000, 0x00000000c2a00000, 0x00000000eaa80000)
  object space 43008K, 99% used [0x00000000c0000000,0x00000000c29b1740,0x00000000c2a00000)
 PSPermGen       total 21504K, used 6040K [0x00000000bae00000, 0x00000000bc300000, 0x00000000c0000000)
  object space 21504K, 28% used [0x00000000bae00000,0x00000000bb3e6100,0x00000000bc300000)
}
Event: 26.590 GC heap before
{Heap before GC invocations=55 (full 49):
 PSYoungGen      total 70144K, used 67584K [0x00000000eaa80000, 0x00000000ef180000, 0x0000000100000000)
  eden space 67584K, 100% used [0x00000000eaa80000,0x00000000eec80000,0x00000000eec80000)
  from space 2560K, 0% used [0x00000000eef00000,0x00000000eef00000,0x00000000ef180000)
  to   space 2560K, 0% used [0x00000000eec80000,0x00000000eec80000,0x00000000eef00000)
 ParOldGen       total 43008K, used 42693K [0x00000000c0000000, 0x00000000c2a00000, 0x00000000eaa80000)
  object space 43008K, 99% used [0x00000000c0000000,0x00000000c29b1740,0x00000000c2a00000)
 PSPermGen       total 21504K, used 6040K [0x00000000bae00000, 0x00000000bc300000, 0x00000000c0000000)
  object space 21504K, 28% used [0x00000000bae00000,0x00000000bb3e6100,0x00000000bc300000)
Event: 26.955 GC heap after
Heap after GC invocations=55 (full 49):
 PSYoungGen      total 70144K, used 67547K [0x00000000eaa80000, 0x00000000ef180000, 0x0000000100000000)
  eden space 67584K, 99% used [0x00000000eaa80000,0x00000000eec76f98,0x00000000eec80000)
  from space 2560K, 0% used [0x00000000eef00000,0x00000000eef00000,0x00000000ef180000)
  to   space 2560K, 0% used [0x00000000eec80000,0x00000000eec80000,0x00000000eef00000)
 ParOldGen       total 43008K, used 42693K [0x00000000c0000000, 0x00000000c2a00000, 0x00000000eaa80000)
  object space 43008K, 99% used [0x00000000c0000000,0x00000000c29b1740,0x00000000c2a00000)
 PSPermGen       total 21504K, used 6040K [0x00000000bae00000, 0x00000000bc300000, 0x00000000c0000000)
  object space 21504K, 28% used [0x00000000bae00000,0x00000000bb3e6100,0x00000000bc300000)
}
Event: 26.955 GC heap before
{Heap before GC invocations=56 (full 50):
 PSYoungGen      total 70144K, used 67584K [0x00000000eaa80000, 0x00000000ef180000, 0x0000000100000000)
  eden space 67584K, 100% used [0x00000000eaa80000,0x00000000eec80000,0x00000000eec80000)
  from space 2560K, 0% used [0x00000000eef00000,0x00000000eef00000,0x00000000ef180000)
  to   space 2560K, 0% used [0x00000000eec80000,0x00000000eec80000,0x00000000eef00000)
 ParOldGen       total 43008K, used 42693K [0x00000000c0000000, 0x00000000c2a00000, 0x00000000eaa80000)
  object space 43008K, 99% used [0x00000000c0000000,0x00000000c29b1740,0x00000000c2a00000)
 PSPermGen       total 21504K, used 6040K [0x00000000bae00000, 0x00000000bc300000, 0x00000000c0000000)
  object space 21504K, 28% used [0x00000000bae00000,0x00000000bb3e6100,0x00000000bc300000)
Event: 27.410 GC heap after
Heap after GC invocations=56 (full 50):
 PSYoungGen      total 70144K, used 67554K [0x00000000eaa80000, 0x00000000ef180000, 0x0000000100000000)
  eden space 67584K, 99% used [0x00000000eaa80000,0x00000000eec78848,0x00000000eec80000)
  from space 2560K, 0% used [0x00000000eef00000,0x00000000eef00000,0x00000000ef180000)
  to   space 2560K, 0% used [0x00000000eec80000,0x00000000eec80000,0x00000000eef00000)
 ParOldGen       total 43008K, used 42693K [0x00000000c0000000, 0x00000000c2a00000, 0x00000000eaa80000)
  object space 43008K, 99% used [0x00000000c0000000,0x00000000c29b1740,0x00000000c2a00000)
 PSPermGen       total 21504K, used 6040K [0x00000000bae00000, 0x00000000bc300000, 0x00000000c0000000)
  object space 21504K, 28% used [0x00000000bae00000,0x00000000bb3e6100,0x00000000bc300000)
}
Event: 27.410 GC heap before
{Heap before GC invocations=57 (full 51):
 PSYoungGen      total 70144K, used 67584K [0x00000000eaa80000, 0x00000000ef180000, 0x0000000100000000)
  eden space 67584K, 100% used [0x00000000eaa80000,0x00000000eec80000,0x00000000eec80000)
  from space 2560K, 0% used [0x00000000eef00000,0x00000000eef00000,0x00000000ef180000)
  to   space 2560K, 0% used [0x00000000eec80000,0x00000000eec80000,0x00000000eef00000)
 ParOldGen       total 43008K, used 42693K [0x00000000c0000000, 0x00000000c2a00000, 0x00000000eaa80000)
  object space 43008K, 99% used [0x00000000c0000000,0x00000000c29b1740,0x00000000c2a00000)
 PSPermGen       total 21504K, used 6040K [0x00000000bae00000, 0x00000000bc300000, 0x00000000c0000000)
  object space 21504K, 28% used [0x00000000bae00000,0x00000000bb3e6100,0x00000000bc300000)

Deoptimization events (10 events):
Event: 11.384 Thread 0x000000000a444800 Uncommon trap: reason=class_check action=maybe_recompile pc=0x00000000025549f4 method=com.android.dx.cf.code.RopperMachine.run(Lcom/android/dx/cf/code/Frame;II)V @ 1024
Event: 11.488 Thread 0x000000000a445800 Uncommon trap: reason=bimorphic action=maybe_recompile pc=0x00000000024d9ef4 method=com.android.dx.ssa.LiteralOpUpgrader.tryReplacingWithConstant(Lcom/android/dx/ssa/NormalSsaInsn;)Z @ 62
Event: 11.492 Thread 0x000000000a445800 Uncommon trap: reason=bimorphic action=maybe_recompile pc=0x00000000024b7944 method=com.android.dx.ssa.LiteralOpUpgrader.tryReplacingWithConstant(Lcom/android/dx/ssa/NormalSsaInsn;)Z @ 62
Event: 11.504 Thread 0x000000000a444800 Uncommon trap: reason=class_check action=maybe_recompile pc=0x00000000025549f4 method=com.android.dx.cf.code.RopperMachine.run(Lcom/android/dx/cf/code/Frame;II)V @ 1024
Event: 11.505 Thread 0x000000000a444800 Uncommon trap: reason=class_check action=maybe_recompile pc=0x00000000025549f4 method=com.android.dx.cf.code.RopperMachine.run(Lcom/android/dx/cf/code/Frame;II)V @ 1024
Event: 12.076 Thread 0x000000000a3ee000 Uncommon trap: reason=unreached action=reinterpret pc=0x00000000024e08d8 method=com.android.dx.rop.code.LocalItem.compareHandlesNulls(Lcom/android/dx/rop/cst/CstString;Lcom/android/dx/rop/cst/CstString;)I @ 14
Event: 12.076 Thread 0x000000000a3ee000 Uncommon trap: reason=unreached action=reinterpret pc=0x000000000248e4f0 method=com.android.dx.rop.code.LocalItem.compareHandlesNulls(Lcom/android/dx/rop/cst/CstString;Lcom/android/dx/rop/cst/CstString;)I @ 14
Event: 12.588 Thread 0x000000000a445800 Uncommon trap: reason=unreached action=reinterpret pc=0x00000000024e30d0 method=com.android.dx.rop.code.LocalItem.compareHandlesNulls(Lcom/android/dx/rop/cst/CstString;Lcom/android/dx/rop/cst/CstString;)I @ 14
Event: 12.588 Thread 0x000000000a445800 Uncommon trap: reason=unreached action=reinterpret pc=0x00000000024b2888 method=com.android.dx.rop.code.LocalItem.compareHandlesNulls(Lcom/android/dx/rop/cst/CstString;Lcom/android/dx/rop/cst/CstString;)I @ 14
Event: 13.573 Thread 0x00000000020af000 Uncommon trap: reason=unreached action=reinterpret pc=0x00000000025f94a4 method=com.android.dx.cf.direct.StdAttributeFactory.parse0(Lcom/android/dx/cf/direct/DirectClassFile;ILjava/lang/String;IILcom/android/dx/cf/iface/ParseObserver;)Lcom/android/dx/cf/ifÁWØÄ&@

Internal exceptions (10 events):
Event: 4.173 Thread 0x00000000020af000 Implicit null exception at 0x00000000024920eb to 0x0000000002492b55
Event: 4.267 Thread 0x00000000020af000 Threw 0x00000000eb2dcec8 at C:\re\jdk7u75\1940\hotspot\src\share\vm\prims\jvm.cpp:1281
Event: 4.458 Thread 0x00000000020af000 Threw 0x00000000eba27718 at C:\re\jdk7u75\1940\hotspot\src\share\vm\prims\jvm.cpp:1281
Event: 5.800 Thread 0x00000000020af000 Threw 0x00000000eb36af98 at C:\re\jdk7u75\1940\hotspot\src\share\vm\prims\jvm.cpp:1281
Event: 7.094 Thread 0x00000000020af000 Threw 0x00000000ec6ec5e0 at C:\re\jdk7u75\1940\hotspot\src\share\vm\prims\jvm.cpp:1281
Event: 10.868 Thread 0x000000000a388800 Implicit null exception at 0x0000000002630350 to 0x0000000002633dfd
Event: 12.076 Thread 0x000000000a3ee000 Implicit null exception at 0x00000000024dffa0 to 0x00000000024e08b1
Event: 12.076 Thread 0x000000000a3ee000 Implicit null exception at 0x000000000248e27c to 0x000000000248e4dd
Event: 12.588 Thread 0x000000000a445800 Implicit null exception at 0x00000000024e2622 to 0x00000000024e30ad
Event: 12.588 Thread 0x000000000a445800 Implicit null exception at 0x00000000024b2628 to 0x00000000024b2875

Events (10 events):
Event: 25.899 Executing VM operation: ParallelGCFailedAllocation done
Event: 25.900 Executing VM operation: ParallelGCFailedAllocation
Event: 26.237 Executing VM operation: ParallelGCFailedAllocation done
Event: 26.237 Executing VM operation: ParallelGCFailedAllocation
Event: 26.590 Executing VM operation: ParallelGCFailedAllocation done
Event: 26.590 Executing VM operation: ParallelGCFailedAllocation
Event: 26.955 Executing VM operation: ParallelGCFailedAllocation done
Event: 26.955 Executing VM operation: ParallelGCFailedAllocation
Event: 27.410 Executing VM operation: ParallelGCFailedAllocation done
Event: 27.410 Executing VM operation: ParallelGCFailedAllocation


Dynamic libraries:
0x000000013fe50000 - 0x000000013fe83000 	C:\Program Files\Java\jdk1.7.0_75\bin\java.exe
0x0000000077560000 - 0x0000000077709000 	C:\Windows\SYSTEM32\ntdll.dll
0x0000000077440000 - 0x0000000077560000 	C:\Windows\system32\kernel32.dll
0x000007fefd3d0000 - 0x000007fefd43c000 	C:\Windows\system32\KERNELBASE.dll
0x000007fefe4f0000 - 0x000007fefe5cb000 	C:\Windows\system32\ADVAPI32.dll
0x000007fefd6c0000 - 0x000007fefd75f000 	C:\Windows\system32\msvcrt.dll
0x000007feff290000 - 0x000007feff2af000 	C:\Windows\SYSTEM32\sechost.dll
0x000007feff160000 - 0x000007feff28d000 	C:\Windows\system32\RPCRT4.dll
0x0000000077340000 - 0x000000007743a000 	C:\Windows\system32\USER32.dll
0x000007fefe5d0000 - 0x000007fefe637000 	C:\Windows\system32\GDI32.dll
0x000007fefefb0000 - 0x000007fefefbe000 	C:\Windows\system32\LPK.dll
0x000007fefeb70000 - 0x000007fefec39000 	C:\Windows\system32\USP10.dll
0x000007fefbc30000 - 0x000007fefbe24000 	C:\Windows\WinSxS\amd64_microsoft.windows.common-controls_6595b64144ccf1df_6.0.7601.18837_none_fa3b1e3d17594757\COMCTL32.dll
0x000007fefeac0000 - 0x000007fefeb31000 	C:\Windows\system32\SHLWAPI.dll
0x000007fefeb40000 - 0x000007fefeb6e000 	C:\Windows\system32\IMM32.DLL
0x000007fefe9b0000 - 0x000007fefeab9000 	C:\Windows\system32\MSCTF.dll
0x000000006bad0000 - 0x000000006bba2000 	C:\Program Files\Java\jdk1.7.0_75\jre\bin\msvcr100.dll
0x000000006c160000 - 0x000000006c934000 	C:\Program Files\Java\jdk1.7.0_75\jre\bin\server\jvm.dll
0x000007fef9130000 - 0x000007fef9139000 	C:\Windows\system32\WSOCK32.dll
0x000007feff040000 - 0x000007feff08d000 	C:\Windows\system32\WS2_32.dll
0x000007feff090000 - 0x000007feff098000 	C:\Windows\system32\NSI.dll
0x000007fefab50000 - 0x000007fefab8b000 	C:\Windows\system32\WINMM.dll
0x0000000077730000 - 0x0000000077737000 	C:\Windows\system32\PSAPI.DLL
0x00000000743d0000 - 0x00000000743df000 	C:\Program Files\Java\jdk1.7.0_75\jre\bin\verify.dll
0x0000000073cd0000 - 0x0000000073cf8000 	C:\Program Files\Java\jdk1.7.0_75\jre\bin\java.dll
0x0000000073d10000 - 0x0000000073d25000 	C:\Program Files\Java\jdk1.7.0_75\jre\bin\zip.dll
0x00000000714b0000 - 0x00000000714c9000 	C:\Program Files\Java\jdk1.7.0_75\jre\bin\net.dll
0x000007fefc7a0000 - 0x000007fefc7f5000 	C:\Windows\system32\mswsock.dll
0x000007fefc790000 - 0x000007fefc797000 	C:\Windows\System32\wship6.dll
0x0000000071490000 - 0x00000000714a1000 	C:\Program Files\Java\jdk1.7.0_75\jre\bin\nio.dll

VM Arguments:
jvm_args: -Djava.awt.headless=true -Xmx1024M -Dfile.encoding=windows-1252 -Duser.country=US -Duser.language=en -Duser.variant 
java_command: com.android.dx.command.Main --dex --num-threads=4 --multi-dex --main-dex-list C:\Users\Work\AndroidStudioProjects\LocationTeleporterRand\app\build\intermediates\multi-dex\debug\maindexlist.txt --output C:\Users\Work\AndroidStudioProjects\LocationTeleporterRand\app\build\intermediates\transforms\dex\debug\folders\1000\1f\main C:\Users\Work\AndroidStudioProjects\LocationTeleporterRand\app\build\intermediates\transforms\jarMerging\debug\jars\1\1f\combined.jar
Launcher Type: SUN_STANDARD

Environment Variables:
PATH=C:\ProgramData\Oracle\Java\javapath;C:\Windows\system32;C:\Windows;C:\Windows\System32\Wbem;C:\Windows\System32\WindowsPowerShell\v1.0\;C:\Program Files\Broadcom\Broadcom 802.11\Driver;C:\Program Files (x86)\ATI Technologies\ATI.ACE\Core-Static;C:\MinGW\bin;c:\Program Files (x86)\Microsoft SQL Server\100\Tools\Binn\;c:\Program Files\Microsoft SQL Server\100\Tools\Binn\;c:\Program Files\Microsoft SQL Server\100\DTS\Binn\;C:\Program Files\Microsoft\Web Platform Installer\;C:\Program Files\Microsoft SQL Server\Client SDK\ODBC\110\Tools\Binn\;C:\Program Files (x86)\Microsoft SQL Server\120\Tools\Binn\;C:\Program Files\Microsoft SQL Server\120\Tools\Binn\;C:\Program Files\Microsoft SQL Server\120\DTS\Binn\;C:\Program Files\Microsoft SQL Server\110\Tools\Binn\;C:\Program Files (x86)\Microsoft SDKs\TypeScript\1.0\;C:\wamp\bin\php\php5.5.12;C:\ProgramData\ComposerSetup\bin;C:\Python27;C:\Python27\Scripts;C:\Program Files\TortoiseSVN\bin;C:\Program Files (x86)\Heroku\bin;C:\Program Files (x86)\git\cmd;C:\Program Files (x86)\Brackets\command;C:\HOMEPATH\AppData\Roaming\Composer\vendor\bin;C:\Program Files (x86)\Skype\Phone\;C:\Program Files\nodejs\;c:\Program Files\Java\jdk1.7.0_75\bin;C:\Users\Work\AppData\Roaming\npm
USERNAME=Work
OS=Windows_NT
PROCESSOR_IDENTIFIER=Intel64 Family 6 Model 42 Stepping 7, GenuineIntel



---------------  S Y S T E M  ---------------

OS: Windows 7 , 64 bit Build 7601 Service Pack 1

CPU:total 4 (2 cores per cpu, 2 threads per core) family 6 model 42 stepping 7, cmov, cx8, fxsr, mmx, sse, sse2, sse3, ssse3, sse4.1, sse4.2, popcnt, avx, aes, ht, tsc, tscinvbit

Memory: 4k page, physical 4140912k(745492k free), swap 5647216k(6608k free)

vm_info: Java HotSpot(TM) 64-Bit Server VM (24.75-b04) for windows-amd64 JRE (1.7.0_75-b13), built on Dec 18 2014 17:15:01 by "java_re" with unknown MS VC++:1600

time: Sun May 08 17:10:56 2016
elapsed time: 27 seconds

