#
# There is insufficient memory for the Java Runtime Environment to continue.
# Native memory allocation (malloc) failed to allocate 457168 bytes for Chunk::new
# Possible reasons:
#   The system is out of physical RAM or swap space
#   In 32 bit mode, the process size limit was hit
# Possible solutions:
#   Reduce memory load on the system
#   Increase physical memory or swap space
#   Check if swap backing store is full
#   Use 64 bit Java on a 64 bit OS
#   Decrease Java heap size (-Xmx/-Xms)
#   Decrease number of Java threads
#   Decrease Java thread stack sizes (-Xss)
#   Set larger code cache with -XX:ReservedCodeCacheSize=
# This output file may be truncated or incomplete.
#
#  Out of Memory Error (allocation.cpp:323), pid=8776, tid=8644
#
# JRE version: Java(TM) SE Runtime Environment (7.0_75-b13) (build 1.7.0_75-b13)
# Java VM: Java HotSpot(TM) 64-Bit Server VM (24.75-b04 mixed mode windows-amd64 compressed oops)
# Failed to write core dump. Minidumps are not enabled by default on client versions of Windows
#

---------------  T H R E A D  ---------------

Current thread (0x0000000008563800):  JavaThread "C2 CompilerThread0" daemon [_thread_in_native, id=8644, stack(0x0000000009d90000,0x0000000009e90000)]

Stack: [0x0000000009d90000,0x0000000009e90000]
[error occurred during error reporting (printing stack bounds), id 0xc0000005]


Current CompileTask:
C2:   7741  584             com.android.dx.cf.code.Simulator$SimVisitor::visitConstant (332 bytes)


---------------  P R O C E S S  ---------------

Java Threads: ( => current thread )
  0x000000000a1c6800 JavaThread "pool-2-thread-4" [_thread_blocked, id=8552, stack(0x000000000afa0000,0x000000000b0a0000)]
  0x000000000a1c5800 JavaThread "pool-2-thread-3" [_thread_blocked, id=5332, stack(0x000000000ad50000,0x000000000ae50000)]
  0x000000000a32b800 JavaThread "pool-2-thread-2" [_thread_in_Java, id=6900, stack(0x000000000ac30000,0x000000000ad30000)]
  0x000000000a32a000 JavaThread "pool-3-thread-1" [_thread_blocked, id=8856, stack(0x000000000a9a0000,0x000000000aaa0000)]
  0x000000000a17e800 JavaThread "pool-2-thread-1" [_thread_in_vm, id=8616, stack(0x0000000009ea0000,0x0000000009fa0000)]
  0x000000000856a000 JavaThread "Service Thread" daemon [_thread_blocked, id=6188, stack(0x0000000009fb0000,0x000000000a0b0000)]
  0x0000000008569800 JavaThread "C2 CompilerThread1" daemon [_thread_in_native, id=6576, stack(0x0000000009830000,0x0000000009930000)]
=>0x0000000008563800 JavaThread "C2 CompilerThread0" daemon [_thread_in_native, id=8644, stack(0x0000000009d90000,0x0000000009e90000)]
  0x0000000008560800 JavaThread "Attach Listener" daemon [_thread_blocked, id=8596, stack(0x0000000009b00000,0x0000000009c00000)]
  0x000000000855b800 JavaThread "Signal Dispatcher" daemon [_thread_blocked, id=8136, stack(0x0000000009930000,0x0000000009a30000)]
  0x0000000008506000 JavaThread "Finalizer" daemon [_thread_blocked, id=7776, stack(0x0000000009590000,0x0000000009690000)]
  0x0000000008504800 JavaThread "Reference Handler" daemon [_thread_blocked, id=8184, stack(0x0000000009710000,0x0000000009810000)]
  0x000000000213f000 JavaThread "main" [_thread_blocked, id=1436, stack(0x0000000002290000,0x0000000002390000)]

Other Threads:
  0x00000000084ff800 VMThread [stack: 0x0000000009490000,0x0000000009590000] [id=8952]
  0x000000000857b000 WatcherThread [stack: 0x0000000009c90000,0x0000000009d90000] [id=7868]

VM state:not at safepoint (normal execution)

VM Mutex/Monitor currently owned by a thread: None

Heap
 PSYoungGen      total 36352K, used 27668K [0x00000000eaa80000, 0x00000000ed080000, 0x0000000100000000)
  eden space 33792K, 74% used [0x00000000eaa80000,0x00000000ec3088d8,0x00000000ecb80000)
  from space 2560K, 99% used [0x00000000ece00000,0x00000000ed07c950,0x00000000ed080000)
  to   space 2560K, 0% used [0x00000000ecb80000,0x00000000ecb80000,0x00000000ece00000)
 ParOldGen       total 68608K, used 36755K [0x00000000c0000000, 0x00000000c4300000, 0x00000000eaa80000)
  object space 68608K, 53% used [0x00000000c0000000,0x00000000c23e4d00,0x00000000c4300000)
 PSPermGen       total 21504K, used 5952K [0x00000000bae00000, 0x00000000bc300000, 0x00000000c0000000)
  object space 21504K, 27% used [0x00000000bae00000,0x00000000bb3d0058,0x00000000bc300000)

Card table byte_map: [0x0000000005450000,0x0000000005680000] byte_map_base: 0x0000000004e79000

Polling page: 0x0000000000330000

Code Cache  [0x0000000002390000, 0x0000000002600000, 0x0000000005390000)
 total_blobs=811 nmethods=574 adapters=189 free_code_cache=46864Kb largest_free_block=47958080

Compilation events (10 events):
Event: 7.607 Thread 0x0000000008563800 nmethod 579 0x00000000025d28d0 code [0x00000000025d2a40, 0x00000000025d3078]
Event: 7.607 Thread 0x0000000008563800  580             com.android.dx.cf.code.BaseMachine::auxIntArg (6 bytes)
Event: 7.607 Thread 0x0000000008563800 nmethod 580 0x00000000025c3610 code [0x00000000025c3740, 0x00000000025c3798]
Event: 7.607 Thread 0x0000000008563800  581             com.android.dx.cf.code.BaseMachine::auxCstArg (20 bytes)
Event: 7.608 Thread 0x0000000008563800 nmethod 581 0x00000000025c33d0 code [0x00000000025c3500, 0x00000000025c3578]
Event: 7.608 Thread 0x0000000008563800  582             com.android.dx.rop.code.Rop::<init> (137 bytes)
Event: 7.611 Thread 0x0000000008563800 nmethod 582 0x00000000025bfc50 code [0x00000000025bfda0, 0x00000000025bff38]
Event: 7.611 Thread 0x0000000008563800  583             java.util.ArrayList::<init> (44 bytes)
Event: 7.613 Thread 0x0000000008563800 nmethod 583 0x00000000025d3490 code [0x00000000025d35e0, 0x00000000025d36f8]
Event: 7.613 Thread 0x0000000008563800  584             com.android.dx.cf.code.Simulator$SimVisitor::visitConstant (332 bytes)

GC Heap History (10 events):
Event: 5.693 GC heap before
{Heap before GC invocations=7 (full 0):
 PSYoungGen      total 36352K, used 36332K [0x00000000eaa80000, 0x00000000ed080000, 0x0000000100000000)
  eden space 33792K, 100% used [0x00000000eaa80000,0x00000000ecb80000,0x00000000ecb80000)
  from space 2560K, 99% used [0x00000000ece00000,0x00000000ed07b378,0x00000000ed080000)
  to   space 2560K, 0% used [0x00000000ecb80000,0x00000000ecb80000,0x00000000ece00000)
 ParOldGen       total 43008K, used 22538K [0x00000000c0000000, 0x00000000c2a00000, 0x00000000eaa80000)
  object space 43008K, 52% used [0x00000000c0000000,0x00000000c1602af0,0x00000000c2a00000)
 PSPermGen       total 21504K, used 5905K [0x00000000bae00000, 0x00000000bc300000, 0x00000000c0000000)
  object space 21504K, 27% used [0x00000000bae00000,0x00000000bb3c44b8,0x00000000bc300000)
Event: 5.727 GC heap after
Heap after GC invocations=7 (full 0):
 PSYoungGen      total 36352K, used 2530K [0x00000000eaa80000, 0x00000000ed080000, 0x0000000100000000)
  eden space 33792K, 0% used [0x00000000eaa80000,0x00000000eaa80000,0x00000000ecb80000)
  from space 2560K, 98% used [0x00000000ecb80000,0x00000000ecdf8970,0x00000000ece00000)
  to   space 2560K, 0% used [0x00000000ece00000,0x00000000ece00000,0x00000000ed080000)
 ParOldGen       total 43008K, used 27975K [0x00000000c0000000, 0x00000000c2a00000, 0x00000000eaa80000)
  object space 43008K, 65% used [0x00000000c0000000,0x00000000c1b51f80,0x00000000c2a00000)
 PSPermGen       total 21504K, used 5905K [0x00000000bae00000, 0x00000000bc300000, 0x00000000c0000000)
  object space 21504K, 27% used [0x00000000bae00000,0x00000000bb3c44b8,0x00000000bc300000)
}
Event: 6.218 GC heap before
{Heap before GC invocations=8 (full 0):
 PSYoungGen      total 36352K, used 36322K [0x00000000eaa80000, 0x00000000ed080000, 0x0000000100000000)
  eden space 33792K, 100% used [0x00000000eaa80000,0x00000000ecb80000,0x00000000ecb80000)
  from space 2560K, 98% used [0x00000000ecb80000,0x00000000ecdf8970,0x00000000ece00000)
  to   space 2560K, 0% used [0x00000000ece00000,0x00000000ece00000,0x00000000ed080000)
 ParOldGen       total 43008K, used 27975K [0x00000000c0000000, 0x00000000c2a00000, 0x00000000eaa80000)
  object space 43008K, 65% used [0x00000000c0000000,0x00000000c1b51f80,0x00000000c2a00000)
 PSPermGen       total 21504K, used 5925K [0x00000000bae00000, 0x00000000bc300000, 0x00000000c0000000)
  object space 21504K, 27% used [0x00000000bae00000,0x00000000bb3c95f8,0x00000000bc300000)
Event: 6.275 GC heap after
Heap after GC invocations=8 (full 0):
 PSYoungGen      total 36352K, used 2534K [0x00000000eaa80000, 0x00000000ed080000, 0x0000000100000000)
  eden space 33792K, 0% used [0x00000000eaa80000,0x00000000eaa80000,0x00000000ecb80000)
  from space 2560K, 98% used [0x00000000ece00000,0x00000000ed079988,0x00000000ed080000)
  to   space 2560K, 0% used [0x00000000ecb80000,0x00000000ecb80000,0x00000000ece00000)
 ParOldGen       total 43008K, used 33932K [0x00000000c0000000, 0x00000000c2a00000, 0x00000000eaa80000)
  object space 43008K, 78% used [0x00000000c0000000,0x00000000c2123148,0x00000000c2a00000)
 PSPermGen       total 21504K, used 5925K [0x00000000bae00000, 0x00000000bc300000, 0x00000000c0000000)
  object space 21504K, 27% used [0x00000000bae00000,0x00000000bb3c95f8,0x00000000bc300000)
}
Event: 6.627 GC heap before
{Heap before GC invocations=9 (full 0):
 PSYoungGen      total 36352K, used 36326K [0x00000000eaa80000, 0x00000000ed080000, 0x0000000100000000)
  eden space 33792K, 100% used [0x00000000eaa80000,0x00000000ecb80000,0x00000000ecb80000)
  from space 2560K, 98% used [0x00000000ece00000,0x00000000ed079988,0x00000000ed080000)
  to   space 2560K, 0% used [0x00000000ecb80000,0x00000000ecb80000,0x00000000ece00000)
 ParOldGen       total 43008K, used 33932K [0x00000000c0000000, 0x00000000c2a00000, 0x00000000eaa80000)
  object space 43008K, 78% used [0x00000000c0000000,0x00000000c2123148,0x00000000c2a00000)
 PSPermGen       total 21504K, used 5933K [0x00000000bae00000, 0x00000000bc300000, 0x00000000c0000000)
  object space 21504K, 27% used [0x00000000bae00000,0x00000000bb3cb760,0x00000000bc300000)
Event: 6.649 GC heap after
Heap after GC invocations=9 (full 0):
 PSYoungGen      total 36352K, used 2548K [0x00000000eaa80000, 0x00000000ed080000, 0x0000000100000000)
  eden space 33792K, 0% used [0x00000000eaa80000,0x00000000eaa80000,0x00000000ecb80000)
  from space 2560K, 99% used [0x00000000ecb80000,0x00000000ecdfd198,0x00000000ece00000)
  to   space 2560K, 0% used [0x00000000ece00000,0x00000000ece00000,0x00000000ed080000)
 ParOldGen       total 43008K, used 38857K [0x00000000c0000000, 0x00000000c2a00000, 0x00000000eaa80000)
  object space 43008K, 90% used [0x00000000c0000000,0x00000000c25f2670,0x00000000c2a00000)
 PSPermGen       total 21504K, used 5933K [0x00000000bae00000, 0x00000000bc300000, 0x00000000c0000000)
  object space 21504K, 27% used [0x00000000bae00000,0x00000000bb3cb760,0x00000000bc300000)
}
Event: 6.649 GC heap before
{Heap before GC invocations=10 (full 1):
 PSYoungGen      total 36352K, used 2548K [0x00000000eaa80000, 0x00000000ed080000, 0x0000000100000000)
  eden space 33792K, 0% used [0x00000000eaa80000,0x00000000eaa80000,0x00000000ecb80000)
  from space 2560K, 99% used [0x00000000ecb80000,0x00000000ecdfd198,0x00000000ece00000)
  to   space 2560K, 0% used [0x00000000ece00000,0x00000000ece00000,0x00000000ed080000)
 ParOldGen       total 43008K, used 38857K [0x00000000c0000000, 0x00000000c2a00000, 0x00000000eaa80000)
  object space 43008K, 90% used [0x00000000c0000000,0x00000000c25f2670,0x00000000c2a00000)
 PSPermGen       total 21504K, used 5933K [0x00000000bae00000, 0x00000000bc300000, 0x00000000c0000000)
  object space 21504K, 27% used [0x00000000bae00000,0x00000000bb3cb760,0x00000000bc300000)
Event: 7.154 GC heap after
Heap after GC invocations=10 (full 1):
 PSYoungGen      total 36352K, used 0K [0x00000000eaa80000, 0x00000000ed080000, 0x0000000100000000)
  eden space 33792K, 0% used [0x00000000eaa80000,0x00000000eaa80000,0x00000000ecb80000)
  from space 2560K, 0% used [0x00000000ecb80000,0x00000000ecb80000,0x00000000ece00000)
  to   space 2560K, 0% used [0x00000000ece00000,0x00000000ece00000,0x00000000ed080000)
 ParOldGen       total 68608K, used 34619K [0x00000000c0000000, 0x00000000c4300000, 0x00000000eaa80000)
  object space 68608K, 50% used [0x00000000c0000000,0x00000000c21cef78,0x00000000c4300000)
 PSPermGen       total 21504K, used 5929K [0x00000000bae00000, 0x00000000bc300000, 0x00000000c0000000)
  object space 21504K, 27% used [0x00000000bae00000,0x00000000bb3ca6a0,0x00000000bc300000)
}
Event: 7.466 GC heap before
{Heap before GC invocations=11 (full 1):
 PSYoungGen      total 36352K, used 33792K [0x00000000eaa80000, 0x00000000ed080000, 0x0000000100000000)
  eden space 33792K, 100% used [0x00000000eaa80000,0x00000000ecb80000,0x00000000ecb80000)
  from space 2560K, 0% used [0x00000000ecb80000,0x00000000ecb80000,0x00000000ece00000)
  to   space 2560K, 0% used [0x00000000ece00000,0x00000000ece00000,0x00000000ed080000)
 ParOldGen       total 68608K, used 34619K [0x00000000c0000000, 0x00000000c4300000, 0x00000000eaa80000)
  object space 68608K, 50% used [0x00000000c0000000,0x00000000c21cef78,0x00000000c4300000)
 PSPermGen       total 21504K, used 5935K [0x00000000bae00000, 0x00000000bc300000, 0x00000000c0000000)
  object space 21504K, 27% used [0x00000000bae00000,0x00000000bb3cbff0,0x00000000bc300000)
Event: 7.496 GC heap after
Heap after GC invocations=11 (full 1):
 PSYoungGen      total 36352K, used 2546K [0x00000000eaa80000, 0x00000000ed080000, 0x0000000100000000)
  eden space 33792K, 0% used [0x00000000eaa80000,0x00000000eaa80000,0x00000000ecb80000)
  from space 2560K, 99% used [0x00000000ece00000,0x00000000ed07c950,0x00000000ed080000)
  to   space 2560K, 0% used [0x00000000ecb80000,0x00000000ecb80000,0x00000000ece00000)
 ParOldGen       total 68608K, used 36755K [0x00000000c0000000, 0x00000000c4300000, 0x00000000eaa80000)
  object space 68608K, 53% used [0x00000000c0000000,0x00000000c23e4d00,0x00000000c4300000)
 PSPermGen       total 21504K, used 5935K [0x00000000bae00000, 0x00000000bc300000, 0x00000000c0000000)
  object space 21504K, 27% used [0x00000000bae00000,0x00000000bb3cbff0,0x00000000bc300000)
}

Deoptimization events (10 events):
Event: 4.894 Thread 0x000000000a17e800 Uncommon trap: reason=bimorphic action=maybe_recompile pc=0x00000000024f7894 method=com.android.dx.cf.code.BytecodeArray.parseInstruction(ILcom/android/dx/cf/code/BytecodeArray$Visitor;)I @ 923
Event: 4.894 Thread 0x000000000a17e800 Uncommon trap: reason=bimorphic action=maybe_recompile pc=0x00000000024f7e88 method=com.android.dx.cf.code.BytecodeArray.parseInstruction(ILcom/android/dx/cf/code/BytecodeArray$Visitor;)I @ 1224
Event: 4.895 Thread 0x000000000a17e800 Uncommon trap: reason=class_check action=maybe_recompile pc=0x00000000024d6044 method=com.android.dx.cf.code.Ropper.processBlock(Lcom/android/dx/cf/code/ByteBlock;Lcom/android/dx/cf/code/Frame;[I)V @ 777
Event: 6.000 Thread 0x000000000213f000 Uncommon trap: reason=class_check action=maybe_recompile pc=0x00000000024d6044 method=com.android.dx.cf.code.Ropper.processBlock(Lcom/android/dx/cf/code/ByteBlock;Lcom/android/dx/cf/code/Frame;[I)V @ 777
Event: 6.516 Thread 0x000000000a1c6800 Uncommon trap: reason=class_check action=maybe_recompile pc=0x000000000255e0bc method=com.android.dx.cf.code.RopperMachine.run(Lcom/android/dx/cf/code/Frame;II)V @ 1024
Event: 7.397 Thread 0x000000000a32b800 Uncommon trap: reason=class_check action=maybe_recompile pc=0x00000000024d6044 method=com.android.dx.cf.code.Ropper.processBlock(Lcom/android/dx/cf/code/ByteBlock;Lcom/android/dx/cf/code/Frame;[I)V @ 777
Event: 7.397 Thread 0x000000000a32b800 Uncommon trap: reason=class_check action=maybe_recompile pc=0x00000000024d6044 method=com.android.dx.cf.code.Ropper.processBlock(Lcom/android/dx/cf/code/ByteBlock;Lcom/android/dx/cf/code/Frame;[I)V @ 777
Event: 7.550 Thread 0x000000000213f000 Uncommon trap: reason=null_check action=make_not_entrant pc=0x00000000025cad0c method=com.android.dx.dex.file.FieldIdsSection.intern(Lcom/android/dx/rop/cst/CstFieldRef;)Lcom/android/dx/dex/file/FieldIdItem; @ 26
Event: 7.640 Thread 0x000000000a1c5800 Uncommon trap: reason=null_check action=make_not_entrant pc=0x00000000025cad0c method=com.android.dx.dex.file.FieldIdsSection.intern(Lcom/android/dx/rop/cst/CstFieldRef;)Lcom/android/dx/dex/file/FieldIdItem; @ 26
Event: 7.703 Thread 0x000000000a32b800 Uncommon trap: reason=unreached action=reinterpret pc=0x000000000246aa80 method=com.android.dx.ssa.SCCP.simulateBranch(Lcom/android/dx/ssa/SsaInsn;)V @ 132

Internal exceptions (10 events):
Event: 2.199 Thread 0x000000000a1c5800 Threw 0x00000000eb02e8a8 at C:\re\jdk7u75\1940\hotspot\src\share\vm\prims\jvm.cpp:1281
Event: 2.313 Thread 0x000000000a32b800 Threw 0x00000000eb015478 at C:\re\jdk7u75\1940\hotspot\src\share\vm\prims\jvm.cpp:1281
Event: 2.472 Thread 0x000000000213f000 Implicit null exception at 0x000000000244bdc7 to 0x000000000244c48d
Event: 2.490 Thread 0x000000000213f000 Threw 0x00000000eb6e0a60 at C:\re\jdk7u75\1940\hotspot\src\share\vm\prims\jvm.cpp:1281
Event: 2.580 Thread 0x000000000a17e800 Threw 0x00000000eb99e9e0 at C:\re\jdk7u75\1940\hotspot\src\share\vm\prims\jvm.cpp:1281
Event: 2.597 Thread 0x000000000a17e800 Implicit null exception at 0x0000000002455718 to 0x0000000002456989
Event: 4.237 Thread 0x000000000213f000 Threw 0x00000000eb7bcc58 at C:\re\jdk7u75\1940\hotspot\src\share\vm\prims\jvm.cpp:1281
Event: 4.331 Thread 0x000000000213f000 Threw 0x00000000ebbf8558 at C:\re\jdk7u75\1940\hotspot\src\share\vm\prims\jvm.cpp:1281
Event: 5.759 Thread 0x000000000213f000 Threw 0x00000000eac9c640 at C:\re\jdk7u75\1940\hotspot\src\share\vm\prims\jvm.cpp:1281
Event: 7.502 Thread 0x000000000213f000 Threw 0x00000000eaae41d8 at C:\re\jdk7u75\1940\hotspot\src\share\vm\prims\jvm.cpp:1281

Events (10 events):
Event: 7.517 Executing VM operation: BulkRevokeBias done
Event: 7.549 Thread 0x000000000213f000 Uncommon trap: trap_request=0xfffffff4 fr.pc=0x00000000025cad0c
Event: 7.550 Thread 0x000000000213f000 DEOPT PACKING pc=0x00000000025cad0c sp=0x000000000238e6d0
Event: 7.550 Thread 0x000000000213f000 DEOPT UNPACKING pc=0x00000000023c75a4 sp=0x000000000238e658 mode 2
Event: 7.640 Thread 0x000000000a1c5800 Uncommon trap: trap_request=0xfffffff4 fr.pc=0x00000000025cad0c
Event: 7.640 Thread 0x000000000a1c5800 DEOPT PACKING pc=0x00000000025cad0c sp=0x000000000ae4ef20
Event: 7.640 Thread 0x000000000a1c5800 DEOPT UNPACKING pc=0x00000000023c75a4 sp=0x000000000ae4eea8 mode 2
Event: 7.703 Thread 0x000000000a32b800 Uncommon trap: trap_request=0xffffffad fr.pc=0x000000000246aa80
Event: 7.703 Thread 0x000000000a32b800 DEOPT PACKING pc=0x000000000246aa80 sp=0x000000000ad2e5f0
Event: 7.704 Thread 0x000000000a32b800 DEOPT UNPACKING pc=0x00000000023c75a4 sp=0x000000000ad2e588 mode 2


Dynamic libraries:
0x000000013fe50000 - 0x000000013fe83000 	C:\Program Files\Java\jdk1.7.0_75\bin\java.exe
0x0000000077560000 - 0x0000000077709000 	C:\Windows\SYSTEM32\ntdll.dll
0x0000000077440000 - 0x0000000077560000 	C:\Windows\system32\kernel32.dll
0x000007fefd3d0000 - 0x000007fefd43c000 	C:\Windows\system32\KERNELBASE.dll
0x000007fefe4f0000 - 0x000007fefe5cb000 	C:\Windows\system32\ADVAPI32.dll
0x000007fefd6c0000 - 0x000007fefd75f000 	C:\Windows\system32\msvcrt.dll
0x000007feff290000 - 0x000007feff2af000 	C:\Windows\SYSTEM32\sechost.dll
0x000007feff160000 - 0x000007feff28d000 	C:\Windows\system32\RPCRT4.dll
0x0000000077340000 - 0x000000007743a000 	C:\Windows\system32\USER32.dll
0x000007fefe5d0000 - 0x000007fefe637000 	C:\Windows\system32\GDI32.dll
0x000007fefefb0000 - 0x000007fefefbe000 	C:\Windows\system32\LPK.dll
0x000007fefeb70000 - 0x000007fefec39000 	C:\Windows\system32\USP10.dll
0x000007fefbc30000 - 0x000007fefbe24000 	C:\Windows\WinSxS\amd64_microsoft.windows.common-controls_6595b64144ccf1df_6.0.7601.18837_none_fa3b1e3d17594757\COMCTL32.dll
0x000007fefeac0000 - 0x000007fefeb31000 	C:\Windows\system32\SHLWAPI.dll
0x000007fefeb40000 - 0x000007fefeb6e000 	C:\Windows\system32\IMM32.DLL
0x000007fefe9b0000 - 0x000007fefeab9000 	C:\Windows\system32\MSCTF.dll
0x000000006bad0000 - 0x000000006bba2000 	C:\Program Files\Java\jdk1.7.0_75\jre\bin\msvcr100.dll
0x000000006c160000 - 0x000000006c934000 	C:\Program Files\Java\jdk1.7.0_75\jre\bin\server\jvm.dll
0x000007fef9130000 - 0x000007fef9139000 	C:\Windows\system32\WSOCK32.dll
0x000007feff040000 - 0x000007feff08d000 	C:\Windows\system32\WS2_32.dll
0x000007feff090000 - 0x000007feff098000 	C:\Windows\system32\NSI.dll
0x000007fefab50000 - 0x000007fefab8b000 	C:\Windows\system32\WINMM.dll
0x0000000077730000 - 0x0000000077737000 	C:\Windows\system32\PSAPI.DLL
0x00000000743d0000 - 0x00000000743df000 	C:\Program Files\Java\jdk1.7.0_75\jre\bin\verify.dll
0x0000000073cd0000 - 0x0000000073cf8000 	C:\Program Files\Java\jdk1.7.0_75\jre\bin\java.dll
0x0000000073d10000 - 0x0000000073d25000 	C:\Program Files\Java\jdk1.7.0_75\jre\bin\zip.dll
0x00000000714b0000 - 0x00000000714c9000 	C:\Program Files\Java\jdk1.7.0_75\jre\bin\net.dll
0x000007fefc7a0000 - 0x000007fefc7f5000 	C:\Windows\system32\mswsock.dll
0x000007fefc790000 - 0x000007fefc797000 	C:\Windows\System32\wship6.dll
0x0000000071490000 - 0x00000000714a1000 	C:\Program Files\Java\jdk1.7.0_75\jre\bin\nio.dll

VM Arguments:
jvm_args: -Djava.awt.headless=true -Xmx1024M -Dfile.encoding=windows-1252 -Duser.country=US -Duser.language=en -Duser.variant 
java_command: com.android.dx.command.Main --dex --num-threads=4 --multi-dex --main-dex-list C:\Users\Work\AndroidStudioProjects\LocationTeleporterRand\app\build\intermediates\multi-dex\debug\maindexlist.txt --output C:\Users\Work\AndroidStudioProjects\LocationTeleporterRand\app\build\intermediates\transforms\dex\debug\folders\1000\1f\main C:\Users\Work\AndroidStudioProjects\LocationTeleporterRand\app\build\intermediates\transforms\jarMerging\debug\jars\1\1f\combined.jar
Launcher Type: SUN_STANDARD

Environment Variables:
PATH=C:\ProgramData\Oracle\Java\javapath;C:\Windows\system32;C:\Windows;C:\Windows\System32\Wbem;C:\Windows\System32\WindowsPowerShell\v1.0\;C:\Program Files\Broadcom\Broadcom 802.11\Driver;C:\Program Files (x86)\ATI Technologies\ATI.ACE\Core-Static;C:\MinGW\bin;c:\Program Files (x86)\Microsoft SQL Server\100\Tools\Binn\;c:\Program Files\Microsoft SQL Server\100\Tools\Binn\;c:\Program Files\Microsoft SQL Server\100\DTS\Binn\;C:\Program Files\Microsoft\Web Platform Installer\;C:\Program Files\Microsoft SQL Server\Client SDK\ODBC\110\Tools\Binn\;C:\Program Files (x86)\Microsoft SQL Server\120\Tools\Binn\;C:\Program Files\Microsoft SQL Server\120\Tools\Binn\;C:\Program Files\Microsoft SQL Server\120\DTS\Binn\;C:\Program Files\Microsoft SQL Server\110\Tools\Binn\;C:\Program Files (x86)\Microsoft SDKs\TypeScript\1.0\;C:\wamp\bin\php\php5.5.12;C:\ProgramData\ComposerSetup\bin;C:\Python27;C:\Python27\Scripts;C:\Program Files\TortoiseSVN\bin;C:\Program Files (x86)\Heroku\bin;C:\Program Files (x86)\git\cmd;C:\Program Files (x86)\Brackets\command;C:\HOMEPATH\AppData\Roaming\Composer\vendor\bin;C:\Program Files (x86)\Skype\Phone\;C:\Program Files\nodejs\;c:\Program Files\Java\jdk1.7.0_75\bin;C:\Users\Work\AppData\Roaming\npm
USERNAME=Work
OS=Windows_NT
PROCESSOR_IDENTIFIER=Intel64 Family 6 Model 42 Stepping 7, GenuineIntel



---------------  S Y S T E M  ---------------

OS: Windows 7 , 64 bit Build 7601 Service Pack 1

CPU:total 4 (2 cores per cpu, 2 threads per core) family 6 model 42 stepping 7, cmov, cx8, fxsr, mmx, sse, sse2, sse3, ssse3, sse4.1, sse4.2, popcnt, avx, aes, ht, tsc, tscinvbit

Memory: 4k page, physical 4140912k(810048k free), swap 5647216k(7360k free)

vm_info: Java HotSpot(TM) 64-Bit Server VM (24.75-b04) for windows-amd64 JRE (1.7.0_75-b13), built on Dec 18 2014 17:15:01 by "java_re" with unknown MS VC++:1600

time: Sun May 08 17:13:46 2016
elapsed time: 7 seconds

